<?xml version="1.1" encoding="UTF-8"?>
<testsuite name="org.pac.bootraplab.services.db.fetch.EntityObjectGeneratorImplSpec" tests="6" failures="0" errors="0" timestamp="1970-01-01T00:00:00" hostname="iznenad" time="1.386784012808E9">
  <properties/>
  <testcase name="should create a test entity object with values specified in the BasicDBObject provided" classname="org.pac.bootraplab.services.db.fetch.EntityObjectGeneratorImplSpec" time="0.175"/>
  <testcase name="assert recursive deserialization" classname="org.pac.bootraplab.services.db.fetch.EntityObjectGeneratorImplSpec" time="0.026"/>
  <testcase name="assert primitive values are casted properly" classname="org.pac.bootraplab.services.db.fetch.EntityObjectGeneratorImplSpec" time="0.002"/>
  <testcase name="assert collection serialization/deserialization" classname="org.pac.bootraplab.services.db.fetch.EntityObjectGeneratorImplSpec" time="0.005"/>
  <testcase name="assert uri serialization/deserialization" classname="org.pac.bootraplab.services.db.fetch.EntityObjectGeneratorImplSpec" time="0.004"/>
  <testcase name="handle null subdocument fields" classname="org.pac.bootraplab.services.db.fetch.EntityObjectGeneratorImplSpec" time="0.002"/>
  <system-out><![CDATA[18:46:52.555 [Test worker] INFO  o.a.tapestry5.ioc.RegistryBuilder - Adding module definition for class org.apache.tapestry5.ioc.modules.TapestryIOCModule
18:46:52.565 [Test worker] INFO  o.a.tapestry5.ioc.RegistryBuilder - Adding module definition for class org.spockframework.tapestry.ExtensionModule
18:46:52.565 [Test worker] INFO  o.a.tapestry5.ioc.RegistryBuilder - Adding module definition for class org.pac.test.modules.DBTestModule
18:46:52.567 [Test worker] DEBUG org.apache.tapestry5.ioc.Registry - [  1] --> Eager loading services
18:46:52.567 [Test worker] DEBUG org.apache.tapestry5.ioc.Registry - [  1] <-- Eager loading services [0.19 ms]
18:46:52.567 [Test worker] DEBUG org.apache.tapestry5.ioc.Registry - [  1] --> Eager loading services
18:46:52.568 [Test worker] DEBUG org.apache.tapestry5.ioc.Registry - [  1] <-- Eager loading services [0.08 ms]
18:46:52.568 [Test worker] DEBUG org.apache.tapestry5.ioc.Registry - [  1] --> Eager loading services
18:46:52.568 [Test worker] DEBUG org.apache.tapestry5.ioc.Registry - [  1] <-- Eager loading services [0.09 ms]
18:46:52.568 [Test worker] DEBUG o.a.t.i.m.T.RegistryStartup - Creating proxy for service RegistryStartup
18:46:52.568 [Test worker] DEBUG org.apache.tapestry5.ioc.Registry - [  1] --> Creating proxy for service RegistryStartup
18:46:52.581 [Test worker] DEBUG org.apache.tapestry5.ioc.Registry - [  2] --> Obtaining AspectDecorator service
18:46:52.581 [Test worker] DEBUG o.a.t.i.m.T.AspectDecorator - Creating proxy for service AspectDecorator
18:46:52.582 [Test worker] DEBUG org.apache.tapestry5.ioc.Registry - [  3] --> Creating proxy for service AspectDecorator
18:46:52.583 [Test worker] DEBUG o.a.t.i.m.T.PlasticProxyFactory - Loading class $AspectDecorator_a12c8735b52c:
// class version 49.0 (49)
// access flags 0x1
public class $AspectDecorator_a12c8735b52c implements org/apache/tapestry5/ioc/services/AspectDecorator java/io/Serializable  {


  // access flags 0x12
  private final Lorg/apache/tapestry5/ioc/ObjectCreator; creator

  // access flags 0x12
  private final Lorg/apache/tapestry5/ioc/internal/ServiceProxyToken; token

  // access flags 0x1
  public createBuilder(Ljava/lang/Class;Ljava/lang/Object;Ljava/lang/String;)Lorg/apache/tapestry5/ioc/services/AspectInterceptorBuilder;
    ALOAD 0
    INVOKESPECIAL $AspectDecorator_a12c8735b52c.delegate ()Lorg/apache/tapestry5/ioc/services/AspectDecorator;
    ALOAD 1
    ALOAD 2
    ALOAD 3
    INVOKEINTERFACE org/apache/tapestry5/ioc/services/AspectDecorator.createBuilder (Ljava/lang/Class;Ljava/lang/Object;Ljava/lang/String;)Lorg/apache/tapestry5/ioc/services/AspectInterceptorBuilder;
    ARETURN
    MAXSTACK = 0
    MAXLOCALS = 0

  // access flags 0x1
  public createBuilder(Ljava/lang/Class;Ljava/lang/Object;Lorg/apache/tapestry5/ioc/AnnotationAccess;Ljava/lang/String;)Lorg/apache/tapestry5/ioc/services/AspectInterceptorBuilder;
    ALOAD 0
    INVOKESPECIAL $AspectDecorator_a12c8735b52c.delegate ()Lorg/apache/tapestry5/ioc/services/AspectDecorator;
    ALOAD 1
    ALOAD 2
    ALOAD 3
    ALOAD 4
    INVOKEINTERFACE org/apache/tapestry5/ioc/services/AspectDecorator.createBuilder (Ljava/lang/Class;Ljava/lang/Object;Lorg/apache/tapestry5/ioc/AnnotationAccess;Ljava/lang/String;)Lorg/apache/tapestry5/ioc/services/AspectInterceptorBuilder;
    ARETURN
    MAXSTACK = 0
    MAXLOCALS = 0

  // access flags 0x1010
  final reject_field_change_creator(Lorg/apache/tapestry5/ioc/ObjectCreator;)V
    NEW java/lang/IllegalStateException
    DUP
    LDC "Field creator of class $AspectDecorator_a12c8735b52c is read-only."
    INVOKESPECIAL java/lang/IllegalStateException.<init> (Ljava/lang/String;)V
    ATHROW
    MAXSTACK = 0
    MAXLOCALS = 0

  // access flags 0x1010
  final reject_field_change_token(Lorg/apache/tapestry5/ioc/internal/ServiceProxyToken;)V
    NEW java/lang/IllegalStateException
    DUP
    LDC "Field token of class $AspectDecorator_a12c8735b52c is read-only."
    INVOKESPECIAL java/lang/IllegalStateException.<init> (Ljava/lang/String;)V
    ATHROW
    MAXSTACK = 0
    MAXLOCALS = 0

  // access flags 0x2
  private delegate()Lorg/apache/tapestry5/ioc/services/AspectDecorator;
    ALOAD 0
    GETFIELD $AspectDecorator_a12c8735b52c.creator : Lorg/apache/tapestry5/ioc/ObjectCreator;
    INVOKEINTERFACE org/apache/tapestry5/ioc/ObjectCreator.createObject ()Ljava/lang/Object;
    CHECKCAST org/apache/tapestry5/ioc/services/AspectDecorator
    ARETURN
    MAXSTACK = 0
    MAXLOCALS = 0

  // access flags 0x2
  private writeReplace()Ljava/lang/Object; throws java/io/ObjectStreamException 
    ALOAD 0
    GETFIELD $AspectDecorator_a12c8735b52c.token : Lorg/apache/tapestry5/ioc/internal/ServiceProxyToken;
    ARETURN
    MAXSTACK = 0
    MAXLOCALS = 0

  // access flags 0x1
  public toString()Ljava/lang/String;
    LDC "<Proxy for AspectDecorator(org.apache.tapestry5.ioc.services.AspectDecorator)>"
    ARETURN
    MAXSTACK = 0
    MAXLOCALS = 0

  // access flags 0x1
  public <init>(Lorg/apache/tapestry5/internal/plastic/StaticContext;Lorg/apache/tapestry5/plastic/InstanceContext;)V
    ALOAD 0
    INVOKESPECIAL java/lang/Object.<init> ()V
    ALOAD 0
    ALOAD 1
    ICONST_0
    INVOKEVIRTUAL org/apache/tapestry5/internal/plastic/StaticContext.get (I)Ljava/lang/Object;
    CHECKCAST org/apache/tapestry5/ioc/ObjectCreator
    PUTFIELD $AspectDecorator_a12c8735b52c.creator : Lorg/apache/tapestry5/ioc/ObjectCreator;
    ALOAD 0
    ALOAD 1
    ICONST_1
    INVOKEVIRTUAL org/apache/tapestry5/internal/plastic/StaticContext.get (I)Ljava/lang/Object;
    CHECKCAST org/apache/tapestry5/ioc/internal/ServiceProxyToken
    PUTFIELD $AspectDecorator_a12c8735b52c.token : Lorg/apache/tapestry5/ioc/internal/ServiceProxyToken;
    RETURN
    MAXSTACK = 0
    MAXLOCALS = 0
}

18:46:52.585 [Test worker] DEBUG org.apache.tapestry5.ioc.Registry - [  3] <-- Creating proxy for service AspectDecorator [3.72 ms]
18:46:52.586 [Test worker] DEBUG org.apache.tapestry5.ioc.Registry - [  2] <-- Obtaining AspectDecorator service [4.34 ms]
18:46:52.587 [Test worker] DEBUG o.a.t.i.m.T.PlasticProxyFactory - Loading class $Runnable_a12c8735b52d:
// class version 49.0 (49)
// access flags 0x1
public class $Runnable_a12c8735b52d implements java/lang/Runnable java/io/Serializable  {


  // access flags 0x12
  private final Lorg/apache/tapestry5/ioc/ObjectCreator; creator

  // access flags 0x12
  private final Lorg/apache/tapestry5/ioc/internal/ServiceProxyToken; token

  // access flags 0x1
  public run()V
    ALOAD 0
    INVOKESPECIAL $Runnable_a12c8735b52d.delegate ()Ljava/lang/Runnable;
    INVOKEINTERFACE java/lang/Runnable.run ()V
    RETURN
    MAXSTACK = 0
    MAXLOCALS = 0

  // access flags 0x1010
  final reject_field_change_creator(Lorg/apache/tapestry5/ioc/ObjectCreator;)V
    NEW java/lang/IllegalStateException
    DUP
    LDC "Field creator of class $Runnable_a12c8735b52d is read-only."
    INVOKESPECIAL java/lang/IllegalStateException.<init> (Ljava/lang/String;)V
    ATHROW
    MAXSTACK = 0
    MAXLOCALS = 0

  // access flags 0x1010
  final reject_field_change_token(Lorg/apache/tapestry5/ioc/internal/ServiceProxyToken;)V
    NEW java/lang/IllegalStateException
    DUP
    LDC "Field token of class $Runnable_a12c8735b52d is read-only."
    INVOKESPECIAL java/lang/IllegalStateException.<init> (Ljava/lang/String;)V
    ATHROW
    MAXSTACK = 0
    MAXLOCALS = 0

  // access flags 0x2
  private delegate()Ljava/lang/Runnable;
    ALOAD 0
    GETFIELD $Runnable_a12c8735b52d.creator : Lorg/apache/tapestry5/ioc/ObjectCreator;
    INVOKEINTERFACE org/apache/tapestry5/ioc/ObjectCreator.createObject ()Ljava/lang/Object;
    CHECKCAST java/lang/Runnable
    ARETURN
    MAXSTACK = 0
    MAXLOCALS = 0

  // access flags 0x2
  private writeReplace()Ljava/lang/Object; throws java/io/ObjectStreamException 
    ALOAD 0
    GETFIELD $Runnable_a12c8735b52d.token : Lorg/apache/tapestry5/ioc/internal/ServiceProxyToken;
    ARETURN
    MAXSTACK = 0
    MAXLOCALS = 0

  // access flags 0x1
  public toString()Ljava/lang/String;
    LDC "<Proxy for RegistryStartup(java.lang.Runnable)>"
    ARETURN
    MAXSTACK = 0
    MAXLOCALS = 0

  // access flags 0x1
  public <init>(Lorg/apache/tapestry5/internal/plastic/StaticContext;Lorg/apache/tapestry5/plastic/InstanceContext;)V
    ALOAD 0
    INVOKESPECIAL java/lang/Object.<init> ()V
    ALOAD 0
    ALOAD 1
    ICONST_0
    INVOKEVIRTUAL org/apache/tapestry5/internal/plastic/StaticContext.get (I)Ljava/lang/Object;
    CHECKCAST org/apache/tapestry5/ioc/ObjectCreator
    PUTFIELD $Runnable_a12c8735b52d.creator : Lorg/apache/tapestry5/ioc/ObjectCreator;
    ALOAD 0
    ALOAD 1
    ICONST_1
    INVOKEVIRTUAL org/apache/tapestry5/internal/plastic/StaticContext.get (I)Ljava/lang/Object;
    CHECKCAST org/apache/tapestry5/ioc/internal/ServiceProxyToken
    PUTFIELD $Runnable_a12c8735b52d.token : Lorg/apache/tapestry5/ioc/internal/ServiceProxyToken;
    RETURN
    MAXSTACK = 0
    MAXLOCALS = 0
}

18:46:52.589 [Test worker] DEBUG org.apache.tapestry5.ioc.Registry - [  1] <-- Creating proxy for service RegistryStartup [20.61 ms]
18:46:52.589 [Test worker] DEBUG org.apache.tapestry5.ioc.Registry - [  1] --> Realizing service RegistryStartup
18:46:52.589 [Test worker] DEBUG org.apache.tapestry5.ioc.Registry - [  2] --> Instantiating service RegistryStartup implementation via org.apache.tapestry5.ioc.internal.services.RegistryStartup(Logger, List) (at RegistryStartup.java:37) via org.apache.tapestry5.ioc.modules.TapestryIOCModule.bind(ServiceBinder) (at TapestryIOCModule.java:50)
18:46:52.589 [Test worker] DEBUG org.apache.tapestry5.ioc.Registry - [  3] --> Creating plan to instantiate org.apache.tapestry5.ioc.internal.services.RegistryStartup via public org.apache.tapestry5.ioc.internal.services.RegistryStartup(org.slf4j.Logger,java.util.List)
18:46:52.590 [Test worker] DEBUG org.apache.tapestry5.ioc.Registry - [  4] --> Determining injection value for parameter #1 (org.slf4j.Logger)
18:46:52.590 [Test worker] DEBUG org.apache.tapestry5.ioc.Registry - [  4] <-- Determining injection value for parameter #1 (org.slf4j.Logger) [0.12 ms]
18:46:52.590 [Test worker] DEBUG org.apache.tapestry5.ioc.Registry - [  4] --> Determining injection value for parameter #2 (java.util.List)
18:46:52.591 [Test worker] DEBUG org.apache.tapestry5.ioc.Registry - [  5] --> Collecting ordered configuration for service RegistryStartup
18:46:52.591 [Test worker] DEBUG org.apache.tapestry5.ioc.Registry - [  5] <-- Collecting ordered configuration for service RegistryStartup [0.52 ms]
18:46:52.591 [Test worker] DEBUG o.a.t.i.m.T.RegistryStartup - Constructed configuration: []
18:46:52.592 [Test worker] DEBUG org.apache.tapestry5.ioc.Registry - [  4] <-- Determining injection value for parameter #2 (java.util.List) [1.12 ms]
18:46:52.592 [Test worker] DEBUG org.apache.tapestry5.ioc.Registry - [  3] <-- Creating plan to instantiate org.apache.tapestry5.ioc.internal.services.RegistryStartup via public org.apache.tapestry5.ioc.internal.services.RegistryStartup(org.slf4j.Logger,java.util.List) [2.53 ms]
18:46:52.592 [Test worker] DEBUG org.apache.tapestry5.ioc.Registry - [  3] --> Invoking constructor org.apache.tapestry5.ioc.internal.services.RegistryStartup(Logger, List) (at RegistryStartup.java:37) via org.apache.tapestry5.ioc.modules.TapestryIOCModule.bind(ServiceBinder) (at TapestryIOCModule.java:50) (for service 'RegistryStartup')
18:46:52.592 [Test worker] DEBUG o.a.t.i.m.T.RegistryStartup - Invoking constructor org.apache.tapestry5.ioc.internal.services.RegistryStartup(Logger, List) (at RegistryStartup.java:37) via org.apache.tapestry5.ioc.modules.TapestryIOCModule.bind(ServiceBinder) (at TapestryIOCModule.java:50) (for service 'RegistryStartup')
18:46:52.593 [Test worker] DEBUG org.apache.tapestry5.ioc.Registry - [  3] <-- Invoking constructor org.apache.tapestry5.ioc.internal.services.RegistryStartup(Logger, List) (at RegistryStartup.java:37) via org.apache.tapestry5.ioc.modules.TapestryIOCModule.bind(ServiceBinder) (at TapestryIOCModule.java:50) (for service 'RegistryStartup') [0.16 ms]
18:46:52.593 [Test worker] DEBUG org.apache.tapestry5.ioc.Registry - [  2] <-- Instantiating service RegistryStartup implementation via org.apache.tapestry5.ioc.internal.services.RegistryStartup(Logger, List) (at RegistryStartup.java:37) via org.apache.tapestry5.ioc.modules.TapestryIOCModule.bind(ServiceBinder) (at TapestryIOCModule.java:50) [3.76 ms]
18:46:52.593 [Test worker] DEBUG org.apache.tapestry5.ioc.Registry - [  1] <-- Realizing service RegistryStartup [4.14 ms]
18:46:52.594 [Test worker] DEBUG o.a.t.i.m.T.MasterObjectProvider - Creating proxy for service MasterObjectProvider
18:46:52.594 [Test worker] DEBUG org.apache.tapestry5.ioc.Registry - [  1] --> Creating proxy for service MasterObjectProvider
18:46:52.596 [Test worker] DEBUG o.a.t.i.m.T.PlasticProxyFactory - Loading class $MasterObjectProvider_a12c8735b52e:
// class version 49.0 (49)
// access flags 0x1
public class $MasterObjectProvider_a12c8735b52e implements org/apache/tapestry5/ioc/services/MasterObjectProvider java/io/Serializable  {


  // access flags 0x12
  private final Lorg/apache/tapestry5/ioc/ObjectCreator; creator

  // access flags 0x12
  private final Lorg/apache/tapestry5/ioc/internal/ServiceProxyToken; token

  // access flags 0x1
  public provide(Ljava/lang/Class;Lorg/apache/tapestry5/ioc/AnnotationProvider;Lorg/apache/tapestry5/ioc/ObjectLocator;Z)Ljava/lang/Object;
    ALOAD 0
    INVOKESPECIAL $MasterObjectProvider_a12c8735b52e.delegate ()Lorg/apache/tapestry5/ioc/services/MasterObjectProvider;
    ALOAD 1
    ALOAD 2
    ALOAD 3
    ILOAD 4
    INVOKEINTERFACE org/apache/tapestry5/ioc/services/MasterObjectProvider.provide (Ljava/lang/Class;Lorg/apache/tapestry5/ioc/AnnotationProvider;Lorg/apache/tapestry5/ioc/ObjectLocator;Z)Ljava/lang/Object;
    ARETURN
    MAXSTACK = 0
    MAXLOCALS = 0

  // access flags 0x1010
  final reject_field_change_creator(Lorg/apache/tapestry5/ioc/ObjectCreator;)V
    NEW java/lang/IllegalStateException
    DUP
    LDC "Field creator of class $MasterObjectProvider_a12c8735b52e is read-only."
    INVOKESPECIAL java/lang/IllegalStateException.<init> (Ljava/lang/String;)V
    ATHROW
    MAXSTACK = 0
    MAXLOCALS = 0

  // access flags 0x1010
  final reject_field_change_token(Lorg/apache/tapestry5/ioc/internal/ServiceProxyToken;)V
    NEW java/lang/IllegalStateException
    DUP
    LDC "Field token of class $MasterObjectProvider_a12c8735b52e is read-only."
    INVOKESPECIAL java/lang/IllegalStateException.<init> (Ljava/lang/String;)V
    ATHROW
    MAXSTACK = 0
    MAXLOCALS = 0

  // access flags 0x2
  private delegate()Lorg/apache/tapestry5/ioc/services/MasterObjectProvider;
    ALOAD 0
    GETFIELD $MasterObjectProvider_a12c8735b52e.creator : Lorg/apache/tapestry5/ioc/ObjectCreator;
    INVOKEINTERFACE org/apache/tapestry5/ioc/ObjectCreator.createObject ()Ljava/lang/Object;
    CHECKCAST org/apache/tapestry5/ioc/services/MasterObjectProvider
    ARETURN
    MAXSTACK = 0
    MAXLOCALS = 0

  // access flags 0x2
  private writeReplace()Ljava/lang/Object; throws java/io/ObjectStreamException 
    ALOAD 0
    GETFIELD $MasterObjectProvider_a12c8735b52e.token : Lorg/apache/tapestry5/ioc/internal/ServiceProxyToken;
    ARETURN
    MAXSTACK = 0
    MAXLOCALS = 0

  // access flags 0x1
  public toString()Ljava/lang/String;
    LDC "<Proxy for MasterObjectProvider(org.apache.tapestry5.ioc.services.MasterObjectProvider)>"
    ARETURN
    MAXSTACK = 0
    MAXLOCALS = 0

  // access flags 0x1
  public <init>(Lorg/apache/tapestry5/internal/plastic/StaticContext;Lorg/apache/tapestry5/plastic/InstanceContext;)V
    ALOAD 0
    INVOKESPECIAL java/lang/Object.<init> ()V
    ALOAD 0
    ALOAD 1
    ICONST_0
    INVOKEVIRTUAL org/apache/tapestry5/internal/plastic/StaticContext.get (I)Ljava/lang/Object;
    CHECKCAST org/apache/tapestry5/ioc/ObjectCreator
    PUTFIELD $MasterObjectProvider_a12c8735b52e.creator : Lorg/apache/tapestry5/ioc/ObjectCreator;
    ALOAD 0
    ALOAD 1
    ICONST_1
    INVOKEVIRTUAL org/apache/tapestry5/internal/plastic/StaticContext.get (I)Ljava/lang/Object;
    CHECKCAST org/apache/tapestry5/ioc/internal/ServiceProxyToken
    PUTFIELD $MasterObjectProvider_a12c8735b52e.token : Lorg/apache/tapestry5/ioc/internal/ServiceProxyToken;
    RETURN
    MAXSTACK = 0
    MAXLOCALS = 0
}

18:46:52.597 [Test worker] DEBUG org.apache.tapestry5.ioc.Registry - [  1] <-- Creating proxy for service MasterObjectProvider [3.00 ms]
18:46:52.597 [Test worker] DEBUG org.apache.tapestry5.ioc.Registry - [  1] --> Realizing service MasterObjectProvider
18:46:52.597 [Test worker] DEBUG org.apache.tapestry5.ioc.Registry - [  2] --> Instantiating service MasterObjectProvider implementation via org.apache.tapestry5.ioc.internal.services.MasterObjectProviderImpl(List, OperationTracker) (at MasterObjectProviderImpl.java:33) via org.apache.tapestry5.ioc.modules.TapestryIOCModule.bind(ServiceBinder) (at TapestryIOCModule.java:50)
18:46:52.597 [Test worker] DEBUG org.apache.tapestry5.ioc.Registry - [  3] --> Creating plan to instantiate org.apache.tapestry5.ioc.internal.services.MasterObjectProviderImpl via public org.apache.tapestry5.ioc.internal.services.MasterObjectProviderImpl(java.util.List,org.apache.tapestry5.ioc.OperationTracker)
18:46:52.597 [Test worker] DEBUG org.apache.tapestry5.ioc.Registry - [  4] --> Determining injection value for parameter #1 (java.util.List)
18:46:52.598 [Test worker] DEBUG org.apache.tapestry5.ioc.Registry - [  5] --> Collecting ordered configuration for service MasterObjectProvider
18:46:52.599 [Test worker] DEBUG o.a.t.i.m.T.MasterObjectProvider - Invoking org.apache.tapestry5.ioc.modules.TapestryIOCModule.setupObjectProviders(OrderedConfiguration, ServiceOverride) (at TapestryIOCModule.java:134)
18:46:52.599 [Test worker] DEBUG org.apache.tapestry5.ioc.Registry - [  6] --> Invoking org.apache.tapestry5.ioc.modules.TapestryIOCModule.setupObjectProviders(OrderedConfiguration, ServiceOverride) (at TapestryIOCModule.java:134)
18:46:52.600 [Test worker] DEBUG org.apache.tapestry5.ioc.Registry - [  7] --> Determining injection value for parameter #1 (org.apache.tapestry5.ioc.OrderedConfiguration)
18:46:52.600 [Test worker] DEBUG org.apache.tapestry5.ioc.Registry - [  7] <-- Determining injection value for parameter #1 (org.apache.tapestry5.ioc.OrderedConfiguration) [0.11 ms]
18:46:52.600 [Test worker] DEBUG org.apache.tapestry5.ioc.Registry - [  7] --> Determining injection value for parameter #2 (org.apache.tapestry5.ioc.services.ServiceOverride)
18:46:52.600 [Test worker] DEBUG o.a.t.i.m.T.ServiceOverride - Creating proxy for service ServiceOverride
18:46:52.600 [Test worker] DEBUG org.apache.tapestry5.ioc.Registry - [  8] --> Creating proxy for service ServiceOverride
18:46:52.602 [Test worker] DEBUG o.a.t.i.m.T.PlasticProxyFactory - Loading class $ServiceOverride_a12c8735b52f:
// class version 49.0 (49)
// access flags 0x1
public class $ServiceOverride_a12c8735b52f implements org/apache/tapestry5/ioc/services/ServiceOverride java/io/Serializable  {


  // access flags 0x12
  private final Lorg/apache/tapestry5/ioc/ObjectCreator; creator

  // access flags 0x12
  private final Lorg/apache/tapestry5/ioc/internal/ServiceProxyToken; token

  // access flags 0x1
  public getServiceOverrideProvider()Lorg/apache/tapestry5/ioc/ObjectProvider;
    ALOAD 0
    INVOKESPECIAL $ServiceOverride_a12c8735b52f.delegate ()Lorg/apache/tapestry5/ioc/services/ServiceOverride;
    INVOKEINTERFACE org/apache/tapestry5/ioc/services/ServiceOverride.getServiceOverrideProvider ()Lorg/apache/tapestry5/ioc/ObjectProvider;
    ARETURN
    MAXSTACK = 0
    MAXLOCALS = 0

  // access flags 0x1010
  final reject_field_change_creator(Lorg/apache/tapestry5/ioc/ObjectCreator;)V
    NEW java/lang/IllegalStateException
    DUP
    LDC "Field creator of class $ServiceOverride_a12c8735b52f is read-only."
    INVOKESPECIAL java/lang/IllegalStateException.<init> (Ljava/lang/String;)V
    ATHROW
    MAXSTACK = 0
    MAXLOCALS = 0

  // access flags 0x1010
  final reject_field_change_token(Lorg/apache/tapestry5/ioc/internal/ServiceProxyToken;)V
    NEW java/lang/IllegalStateException
    DUP
    LDC "Field token of class $ServiceOverride_a12c8735b52f is read-only."
    INVOKESPECIAL java/lang/IllegalStateException.<init> (Ljava/lang/String;)V
    ATHROW
    MAXSTACK = 0
    MAXLOCALS = 0

  // access flags 0x2
  private delegate()Lorg/apache/tapestry5/ioc/services/ServiceOverride;
    ALOAD 0
    GETFIELD $ServiceOverride_a12c8735b52f.creator : Lorg/apache/tapestry5/ioc/ObjectCreator;
    INVOKEINTERFACE org/apache/tapestry5/ioc/ObjectCreator.createObject ()Ljava/lang/Object;
    CHECKCAST org/apache/tapestry5/ioc/services/ServiceOverride
    ARETURN
    MAXSTACK = 0
    MAXLOCALS = 0

  // access flags 0x2
  private writeReplace()Ljava/lang/Object; throws java/io/ObjectStreamException 
    ALOAD 0
    GETFIELD $ServiceOverride_a12c8735b52f.token : Lorg/apache/tapestry5/ioc/internal/ServiceProxyToken;
    ARETURN
    MAXSTACK = 0
    MAXLOCALS = 0

  // access flags 0x1
  public toString()Ljava/lang/String;
    LDC "<Proxy for ServiceOverride(org.apache.tapestry5.ioc.services.ServiceOverride)>"
    ARETURN
    MAXSTACK = 0
    MAXLOCALS = 0

  // access flags 0x1
  public <init>(Lorg/apache/tapestry5/internal/plastic/StaticContext;Lorg/apache/tapestry5/plastic/InstanceContext;)V
    ALOAD 0
    INVOKESPECIAL java/lang/Object.<init> ()V
    ALOAD 0
    ALOAD 1
    ICONST_0
    INVOKEVIRTUAL org/apache/tapestry5/internal/plastic/StaticContext.get (I)Ljava/lang/Object;
    CHECKCAST org/apache/tapestry5/ioc/ObjectCreator
    PUTFIELD $ServiceOverride_a12c8735b52f.creator : Lorg/apache/tapestry5/ioc/ObjectCreator;
    ALOAD 0
    ALOAD 1
    ICONST_1
    INVOKEVIRTUAL org/apache/tapestry5/internal/plastic/StaticContext.get (I)Ljava/lang/Object;
    CHECKCAST org/apache/tapestry5/ioc/internal/ServiceProxyToken
    PUTFIELD $ServiceOverride_a12c8735b52f.token : Lorg/apache/tapestry5/ioc/internal/ServiceProxyToken;
    RETURN
    MAXSTACK = 0
    MAXLOCALS = 0
}

18:46:52.603 [Test worker] DEBUG org.apache.tapestry5.ioc.Registry - [  8] <-- Creating proxy for service ServiceOverride [2.74 ms]
18:46:52.603 [Test worker] DEBUG org.apache.tapestry5.ioc.Registry - [  7] <-- Determining injection value for parameter #2 (org.apache.tapestry5.ioc.services.ServiceOverride) [3.14 ms]
18:46:52.603 [Test worker] DEBUG org.apache.tapestry5.ioc.Registry - [  7] --> Autobuilding instance of class org.apache.tapestry5.ioc.internal.services.ValueObjectProvider
18:46:52.604 [Test worker] DEBUG org.apache.tapestry5.ioc.Registry - [  8] --> Creating plan to instantiate org.apache.tapestry5.ioc.internal.services.ValueObjectProvider via public org.apache.tapestry5.ioc.internal.services.ValueObjectProvider(org.apache.tapestry5.ioc.services.SymbolSource,org.apache.tapestry5.ioc.services.TypeCoercer)
18:46:52.604 [Test worker] DEBUG org.apache.tapestry5.ioc.Registry - [  9] --> Determining injection value for parameter #1 (org.apache.tapestry5.ioc.services.SymbolSource)
18:46:52.604 [Test worker] DEBUG o.a.t.i.m.T.SymbolSource - Creating proxy for service SymbolSource
18:46:52.617 [Test worker] DEBUG org.apache.tapestry5.ioc.Registry - [ 10] --> Creating proxy for service SymbolSource
18:46:52.620 [Test worker] DEBUG org.apache.tapestry5.ioc.Registry - [ 11] --> Obtaining AspectDecorator service
18:46:52.621 [Test worker] DEBUG org.apache.tapestry5.ioc.Registry - [ 11] <-- Obtaining AspectDecorator service [0.84 ms]
18:46:52.629 [Test worker] DEBUG o.a.t.i.m.T.PlasticProxyFactory - Loading class $SymbolSource_a12c8735b530:
// class version 49.0 (49)
// access flags 0x1
public class $SymbolSource_a12c8735b530 implements org/apache/tapestry5/ioc/services/SymbolSource java/io/Serializable  {


  // access flags 0x12
  private final Lorg/apache/tapestry5/ioc/ObjectCreator; creator

  // access flags 0x12
  private final Lorg/apache/tapestry5/ioc/internal/ServiceProxyToken; token

  // access flags 0x1
  public expandSymbols(Ljava/lang/String;)Ljava/lang/String;
    ALOAD 0
    INVOKESPECIAL $SymbolSource_a12c8735b530.delegate ()Lorg/apache/tapestry5/ioc/services/SymbolSource;
    ALOAD 1
    INVOKEINTERFACE org/apache/tapestry5/ioc/services/SymbolSource.expandSymbols (Ljava/lang/String;)Ljava/lang/String;
    ARETURN
    MAXSTACK = 0
    MAXLOCALS = 0

  // access flags 0x1
  public valueForSymbol(Ljava/lang/String;)Ljava/lang/String;
    ALOAD 0
    INVOKESPECIAL $SymbolSource_a12c8735b530.delegate ()Lorg/apache/tapestry5/ioc/services/SymbolSource;
    ALOAD 1
    INVOKEINTERFACE org/apache/tapestry5/ioc/services/SymbolSource.valueForSymbol (Ljava/lang/String;)Ljava/lang/String;
    ARETURN
    MAXSTACK = 0
    MAXLOCALS = 0

  // access flags 0x1010
  final reject_field_change_creator(Lorg/apache/tapestry5/ioc/ObjectCreator;)V
    NEW java/lang/IllegalStateException
    DUP
    LDC "Field creator of class $SymbolSource_a12c8735b530 is read-only."
    INVOKESPECIAL java/lang/IllegalStateException.<init> (Ljava/lang/String;)V
    ATHROW
    MAXSTACK = 0
    MAXLOCALS = 0

  // access flags 0x1010
  final reject_field_change_token(Lorg/apache/tapestry5/ioc/internal/ServiceProxyToken;)V
    NEW java/lang/IllegalStateException
    DUP
    LDC "Field token of class $SymbolSource_a12c8735b530 is read-only."
    INVOKESPECIAL java/lang/IllegalStateException.<init> (Ljava/lang/String;)V
    ATHROW
    MAXSTACK = 0
    MAXLOCALS = 0

  // access flags 0x2
  private delegate()Lorg/apache/tapestry5/ioc/services/SymbolSource;
    ALOAD 0
    GETFIELD $SymbolSource_a12c8735b530.creator : Lorg/apache/tapestry5/ioc/ObjectCreator;
    INVOKEINTERFACE org/apache/tapestry5/ioc/ObjectCreator.createObject ()Ljava/lang/Object;
    CHECKCAST org/apache/tapestry5/ioc/services/SymbolSource
    ARETURN
    MAXSTACK = 0
    MAXLOCALS = 0

  // access flags 0x2
  private writeReplace()Ljava/lang/Object; throws java/io/ObjectStreamException 
    ALOAD 0
    GETFIELD $SymbolSource_a12c8735b530.token : Lorg/apache/tapestry5/ioc/internal/ServiceProxyToken;
    ARETURN
    MAXSTACK = 0
    MAXLOCALS = 0

  // access flags 0x1
  public toString()Ljava/lang/String;
    LDC "<Proxy for SymbolSource(org.apache.tapestry5.ioc.services.SymbolSource)>"
    ARETURN
    MAXSTACK = 0
    MAXLOCALS = 0

  // access flags 0x1
  public <init>(Lorg/apache/tapestry5/internal/plastic/StaticContext;Lorg/apache/tapestry5/plastic/InstanceContext;)V
    ALOAD 0
    INVOKESPECIAL java/lang/Object.<init> ()V
    ALOAD 0
    ALOAD 1
    ICONST_0
    INVOKEVIRTUAL org/apache/tapestry5/internal/plastic/StaticContext.get (I)Ljava/lang/Object;
    CHECKCAST org/apache/tapestry5/ioc/ObjectCreator
    PUTFIELD $SymbolSource_a12c8735b530.creator : Lorg/apache/tapestry5/ioc/ObjectCreator;
    ALOAD 0
    ALOAD 1
    ICONST_1
    INVOKEVIRTUAL org/apache/tapestry5/internal/plastic/StaticContext.get (I)Ljava/lang/Object;
    CHECKCAST org/apache/tapestry5/ioc/internal/ServiceProxyToken
    PUTFIELD $SymbolSource_a12c8735b530.token : Lorg/apache/tapestry5/ioc/internal/ServiceProxyToken;
    RETURN
    MAXSTACK = 0
    MAXLOCALS = 0
}

18:46:52.630 [Test worker] DEBUG org.apache.tapestry5.ioc.Registry - [ 10] <-- Creating proxy for service SymbolSource [12.96 ms]
18:46:52.630 [Test worker] DEBUG org.apache.tapestry5.ioc.Registry - [  9] <-- Determining injection value for parameter #1 (org.apache.tapestry5.ioc.services.SymbolSource) [25.92 ms]
18:46:52.630 [Test worker] DEBUG org.apache.tapestry5.ioc.Registry - [  9] --> Determining injection value for parameter #2 (org.apache.tapestry5.ioc.services.TypeCoercer)
18:46:52.631 [Test worker] DEBUG o.a.t.i.m.T.TypeCoercer - Creating proxy for service TypeCoercer
18:46:52.631 [Test worker] DEBUG org.apache.tapestry5.ioc.Registry - [ 10] --> Creating proxy for service TypeCoercer
18:46:52.632 [Test worker] DEBUG org.apache.tapestry5.ioc.Registry - [ 11] --> Obtaining AspectDecorator service
18:46:52.633 [Test worker] DEBUG org.apache.tapestry5.ioc.Registry - [ 11] <-- Obtaining AspectDecorator service [0.19 ms]
18:46:52.634 [Test worker] DEBUG o.a.t.i.m.T.PlasticProxyFactory - Loading class $TypeCoercer_a12c8735b531:
// class version 49.0 (49)
// access flags 0x1
public class $TypeCoercer_a12c8735b531 implements org/apache/tapestry5/ioc/services/TypeCoercer java/io/Serializable  {


  // access flags 0x12
  private final Lorg/apache/tapestry5/ioc/ObjectCreator; creator

  // access flags 0x12
  private final Lorg/apache/tapestry5/ioc/internal/ServiceProxyToken; token

  // access flags 0x1
  public coerce(Ljava/lang/Object;Ljava/lang/Class;)Ljava/lang/Object;
    ALOAD 0
    INVOKESPECIAL $TypeCoercer_a12c8735b531.delegate ()Lorg/apache/tapestry5/ioc/services/TypeCoercer;
    ALOAD 1
    ALOAD 2
    INVOKEINTERFACE org/apache/tapestry5/ioc/services/TypeCoercer.coerce (Ljava/lang/Object;Ljava/lang/Class;)Ljava/lang/Object;
    ARETURN
    MAXSTACK = 0
    MAXLOCALS = 0

  // access flags 0x1
  public explain(Ljava/lang/Class;Ljava/lang/Class;)Ljava/lang/String;
    ALOAD 0
    INVOKESPECIAL $TypeCoercer_a12c8735b531.delegate ()Lorg/apache/tapestry5/ioc/services/TypeCoercer;
    ALOAD 1
    ALOAD 2
    INVOKEINTERFACE org/apache/tapestry5/ioc/services/TypeCoercer.explain (Ljava/lang/Class;Ljava/lang/Class;)Ljava/lang/String;
    ARETURN
    MAXSTACK = 0
    MAXLOCALS = 0

  // access flags 0x1
  public getCoercion(Ljava/lang/Class;Ljava/lang/Class;)Lorg/apache/tapestry5/ioc/services/Coercion;
    ALOAD 0
    INVOKESPECIAL $TypeCoercer_a12c8735b531.delegate ()Lorg/apache/tapestry5/ioc/services/TypeCoercer;
    ALOAD 1
    ALOAD 2
    INVOKEINTERFACE org/apache/tapestry5/ioc/services/TypeCoercer.getCoercion (Ljava/lang/Class;Ljava/lang/Class;)Lorg/apache/tapestry5/ioc/services/Coercion;
    ARETURN
    MAXSTACK = 0
    MAXLOCALS = 0

  // access flags 0x1
  public clearCache()V
    ALOAD 0
    INVOKESPECIAL $TypeCoercer_a12c8735b531.delegate ()Lorg/apache/tapestry5/ioc/services/TypeCoercer;
    INVOKEINTERFACE org/apache/tapestry5/ioc/services/TypeCoercer.clearCache ()V
    RETURN
    MAXSTACK = 0
    MAXLOCALS = 0

  // access flags 0x1010
  final reject_field_change_creator(Lorg/apache/tapestry5/ioc/ObjectCreator;)V
    NEW java/lang/IllegalStateException
    DUP
    LDC "Field creator of class $TypeCoercer_a12c8735b531 is read-only."
    INVOKESPECIAL java/lang/IllegalStateException.<init> (Ljava/lang/String;)V
    ATHROW
    MAXSTACK = 0
    MAXLOCALS = 0

  // access flags 0x1010
  final reject_field_change_token(Lorg/apache/tapestry5/ioc/internal/ServiceProxyToken;)V
    NEW java/lang/IllegalStateException
    DUP
    LDC "Field token of class $TypeCoercer_a12c8735b531 is read-only."
    INVOKESPECIAL java/lang/IllegalStateException.<init> (Ljava/lang/String;)V
    ATHROW
    MAXSTACK = 0
    MAXLOCALS = 0

  // access flags 0x2
  private delegate()Lorg/apache/tapestry5/ioc/services/TypeCoercer;
    ALOAD 0
    GETFIELD $TypeCoercer_a12c8735b531.creator : Lorg/apache/tapestry5/ioc/ObjectCreator;
    INVOKEINTERFACE org/apache/tapestry5/ioc/ObjectCreator.createObject ()Ljava/lang/Object;
    CHECKCAST org/apache/tapestry5/ioc/services/TypeCoercer
    ARETURN
    MAXSTACK = 0
    MAXLOCALS = 0

  // access flags 0x2
  private writeReplace()Ljava/lang/Object; throws java/io/ObjectStreamException 
    ALOAD 0
    GETFIELD $TypeCoercer_a12c8735b531.token : Lorg/apache/tapestry5/ioc/internal/ServiceProxyToken;
    ARETURN
    MAXSTACK = 0
    MAXLOCALS = 0

  // access flags 0x1
  public toString()Ljava/lang/String;
    LDC "<Proxy for TypeCoercer(org.apache.tapestry5.ioc.services.TypeCoercer)>"
    ARETURN
    MAXSTACK = 0
    MAXLOCALS = 0

  // access flags 0x1
  public <init>(Lorg/apache/tapestry5/internal/plastic/StaticContext;Lorg/apache/tapestry5/plastic/InstanceContext;)V
    ALOAD 0
    INVOKESPECIAL java/lang/Object.<init> ()V
    ALOAD 0
    ALOAD 1
    ICONST_0
    INVOKEVIRTUAL org/apache/tapestry5/internal/plastic/StaticContext.get (I)Ljava/lang/Object;
    CHECKCAST org/apache/tapestry5/ioc/ObjectCreator
    PUTFIELD $TypeCoercer_a12c8735b531.creator : Lorg/apache/tapestry5/ioc/ObjectCreator;
    ALOAD 0
    ALOAD 1
    ICONST_1
    INVOKEVIRTUAL org/apache/tapestry5/internal/plastic/StaticContext.get (I)Ljava/lang/Object;
    CHECKCAST org/apache/tapestry5/ioc/internal/ServiceProxyToken
    PUTFIELD $TypeCoercer_a12c8735b531.token : Lorg/apache/tapestry5/ioc/internal/ServiceProxyToken;
    RETURN
    MAXSTACK = 0
    MAXLOCALS = 0
}

18:46:52.643 [Test worker] DEBUG org.apache.tapestry5.ioc.Registry - [ 10] <-- Creating proxy for service TypeCoercer [11.84 ms]
18:46:52.643 [Test worker] DEBUG org.apache.tapestry5.ioc.Registry - [  9] <-- Determining injection value for parameter #2 (org.apache.tapestry5.ioc.services.TypeCoercer) [12.36 ms]
18:46:52.643 [Test worker] DEBUG org.apache.tapestry5.ioc.Registry - [  8] <-- Creating plan to instantiate org.apache.tapestry5.ioc.internal.services.ValueObjectProvider via public org.apache.tapestry5.ioc.internal.services.ValueObjectProvider(org.apache.tapestry5.ioc.services.SymbolSource,org.apache.tapestry5.ioc.services.TypeCoercer) [38.85 ms]
18:46:52.643 [Test worker] DEBUG org.apache.tapestry5.ioc.Registry - [  8] --> Invoking constructor org.apache.tapestry5.ioc.internal.services.ValueObjectProvider(SymbolSource, TypeCoercer) (at ValueObjectProvider.java:40) (for service 'MasterObjectProvider')
18:46:52.643 [Test worker] DEBUG o.a.t.i.m.T.MasterObjectProvider - Invoking constructor org.apache.tapestry5.ioc.internal.services.ValueObjectProvider(SymbolSource, TypeCoercer) (at ValueObjectProvider.java:40) (for service 'MasterObjectProvider')
18:46:52.643 [Test worker] DEBUG org.apache.tapestry5.ioc.Registry - [  8] <-- Invoking constructor org.apache.tapestry5.ioc.internal.services.ValueObjectProvider(SymbolSource, TypeCoercer) (at ValueObjectProvider.java:40) (for service 'MasterObjectProvider') [0.23 ms]
18:46:52.643 [Test worker] DEBUG org.apache.tapestry5.ioc.Registry - [  7] <-- Autobuilding instance of class org.apache.tapestry5.ioc.internal.services.ValueObjectProvider [40.00 ms]
18:46:52.644 [Test worker] DEBUG org.apache.tapestry5.ioc.Registry - [  7] --> Autobuilding instance of class org.apache.tapestry5.ioc.internal.services.SymbolObjectProvider
18:46:52.645 [Test worker] DEBUG org.apache.tapestry5.ioc.Registry - [  8] --> Creating plan to instantiate org.apache.tapestry5.ioc.internal.services.SymbolObjectProvider via public org.apache.tapestry5.ioc.internal.services.SymbolObjectProvider(org.apache.tapestry5.ioc.services.SymbolSource,org.apache.tapestry5.ioc.services.TypeCoercer)
18:46:52.645 [Test worker] DEBUG org.apache.tapestry5.ioc.Registry - [  9] --> Determining injection value for parameter #1 (org.apache.tapestry5.ioc.services.SymbolSource)
18:46:52.646 [Test worker] DEBUG org.apache.tapestry5.ioc.Registry - [  9] <-- Determining injection value for parameter #1 (org.apache.tapestry5.ioc.services.SymbolSource) [0.53 ms]
18:46:52.646 [Test worker] DEBUG org.apache.tapestry5.ioc.Registry - [  9] --> Determining injection value for parameter #2 (org.apache.tapestry5.ioc.services.TypeCoercer)
18:46:52.647 [Test worker] DEBUG org.apache.tapestry5.ioc.Registry - [  9] <-- Determining injection value for parameter #2 (org.apache.tapestry5.ioc.services.TypeCoercer) [0.42 ms]
18:46:52.647 [Test worker] DEBUG org.apache.tapestry5.ioc.Registry - [  8] <-- Creating plan to instantiate org.apache.tapestry5.ioc.internal.services.SymbolObjectProvider via public org.apache.tapestry5.ioc.internal.services.SymbolObjectProvider(org.apache.tapestry5.ioc.services.SymbolSource,org.apache.tapestry5.ioc.services.TypeCoercer) [2.32 ms]
18:46:52.648 [Test worker] DEBUG org.apache.tapestry5.ioc.Registry - [  8] --> Invoking constructor org.apache.tapestry5.ioc.internal.services.SymbolObjectProvider(SymbolSource, TypeCoercer) (at SymbolObjectProvider.java:38) (for service 'MasterObjectProvider')
18:46:52.648 [Test worker] DEBUG o.a.t.i.m.T.MasterObjectProvider - Invoking constructor org.apache.tapestry5.ioc.internal.services.SymbolObjectProvider(SymbolSource, TypeCoercer) (at SymbolObjectProvider.java:38) (for service 'MasterObjectProvider')
18:46:52.648 [Test worker] DEBUG org.apache.tapestry5.ioc.Registry - [  8] <-- Invoking constructor org.apache.tapestry5.ioc.internal.services.SymbolObjectProvider(SymbolSource, TypeCoercer) (at SymbolObjectProvider.java:38) (for service 'MasterObjectProvider') [0.50 ms]
18:46:52.649 [Test worker] DEBUG org.apache.tapestry5.ioc.Registry - [  7] <-- Autobuilding instance of class org.apache.tapestry5.ioc.internal.services.SymbolObjectProvider [4.66 ms]
18:46:52.649 [Test worker] DEBUG org.apache.tapestry5.ioc.Registry - [  6] <-- Invoking org.apache.tapestry5.ioc.modules.TapestryIOCModule.setupObjectProviders(OrderedConfiguration, ServiceOverride) (at TapestryIOCModule.java:134) [49.48 ms]
18:46:52.651 [Test worker] DEBUG org.apache.tapestry5.ioc.Registry - [  5] <-- Collecting ordered configuration for service MasterObjectProvider [53.17 ms]
18:46:52.651 [Test worker] DEBUG o.a.t.i.m.T.MasterObjectProvider - Constructed configuration: [org.apache.tapestry5.ioc.internal.services.ValueObjectProvider@1dcda7f, org.apache.tapestry5.ioc.internal.services.SymbolObjectProvider@8ccffb, org.apache.tapestry5.ioc.internal.services.AutobuildObjectProvider@aa9f6a, org.apache.tapestry5.ioc.modules.TapestryIOCModule$2@1c7f0b2, org.apache.tapestry5.ioc.internal.RegistryImpl$6@18b4fa6]
18:46:52.652 [Test worker] DEBUG org.apache.tapestry5.ioc.Registry - [  4] <-- Determining injection value for parameter #1 (java.util.List) [54.07 ms]
18:46:52.652 [Test worker] DEBUG org.apache.tapestry5.ioc.Registry - [  4] --> Determining injection value for parameter #2 (org.apache.tapestry5.ioc.OperationTracker)
18:46:52.652 [Test worker] DEBUG org.apache.tapestry5.ioc.Registry - [  4] <-- Determining injection value for parameter #2 (org.apache.tapestry5.ioc.OperationTracker) [0.36 ms]
18:46:52.653 [Test worker] DEBUG org.apache.tapestry5.ioc.Registry - [  3] <-- Creating plan to instantiate org.apache.tapestry5.ioc.internal.services.MasterObjectProviderImpl via public org.apache.tapestry5.ioc.internal.services.MasterObjectProviderImpl(java.util.List,org.apache.tapestry5.ioc.OperationTracker) [55.45 ms]
18:46:52.653 [Test worker] DEBUG org.apache.tapestry5.ioc.Registry - [  3] --> Invoking constructor org.apache.tapestry5.ioc.internal.services.MasterObjectProviderImpl(List, OperationTracker) (at MasterObjectProviderImpl.java:33) via org.apache.tapestry5.ioc.modules.TapestryIOCModule.bind(ServiceBinder) (at TapestryIOCModule.java:50) (for service 'MasterObjectProvider')
18:46:52.653 [Test worker] DEBUG o.a.t.i.m.T.MasterObjectProvider - Invoking constructor org.apache.tapestry5.ioc.internal.services.MasterObjectProviderImpl(List, OperationTracker) (at MasterObjectProviderImpl.java:33) via org.apache.tapestry5.ioc.modules.TapestryIOCModule.bind(ServiceBinder) (at TapestryIOCModule.java:50) (for service 'MasterObjectProvider')
18:46:52.654 [Test worker] DEBUG org.apache.tapestry5.ioc.Registry - [  3] <-- Invoking constructor org.apache.tapestry5.ioc.internal.services.MasterObjectProviderImpl(List, OperationTracker) (at MasterObjectProviderImpl.java:33) via org.apache.tapestry5.ioc.modules.TapestryIOCModule.bind(ServiceBinder) (at TapestryIOCModule.java:50) (for service 'MasterObjectProvider') [0.67 ms]
18:46:52.654 [Test worker] DEBUG org.apache.tapestry5.ioc.Registry - [  2] <-- Instantiating service MasterObjectProvider implementation via org.apache.tapestry5.ioc.internal.services.MasterObjectProviderImpl(List, OperationTracker) (at MasterObjectProviderImpl.java:33) via org.apache.tapestry5.ioc.modules.TapestryIOCModule.bind(ServiceBinder) (at TapestryIOCModule.java:50) [56.88 ms]
18:46:52.654 [Test worker] DEBUG org.apache.tapestry5.ioc.Registry - [  1] <-- Realizing service MasterObjectProvider [57.38 ms]
18:46:52.655 [Test worker] DEBUG org.apache.tapestry5.ioc.Registry - [  1] --> Resolving object of type org.pac.bootstraplab.services.db.fetch.EntityGenerator using MasterObjectProvider
18:46:52.655 [Test worker] DEBUG org.apache.tapestry5.ioc.Registry - [  2] --> Realizing service ServiceOverride
18:46:52.655 [Test worker] DEBUG org.apache.tapestry5.ioc.Registry - [  3] --> Instantiating service ServiceOverride implementation via org.apache.tapestry5.ioc.internal.services.ServiceOverrideImpl(Map) (at ServiceOverrideImpl.java:31) via org.apache.tapestry5.ioc.modules.TapestryIOCModule.bind(ServiceBinder) (at TapestryIOCModule.java:50)
18:46:52.655 [Test worker] DEBUG org.apache.tapestry5.ioc.Registry - [  4] --> Creating plan to instantiate org.apache.tapestry5.ioc.internal.services.ServiceOverrideImpl via public org.apache.tapestry5.ioc.internal.services.ServiceOverrideImpl(java.util.Map)
18:46:52.655 [Test worker] DEBUG org.apache.tapestry5.ioc.Registry - [  5] --> Determining injection value for parameter #1 (java.util.Map)
18:46:52.655 [Test worker] DEBUG org.apache.tapestry5.ioc.Registry - [  6] --> Collecting mapped configuration for service ServiceOverride
18:46:52.656 [Test worker] DEBUG org.apache.tapestry5.ioc.Registry - [  6] <-- Collecting mapped configuration for service ServiceOverride [0.11 ms]
18:46:52.656 [Test worker] DEBUG o.a.t.i.m.T.ServiceOverride - Constructed configuration: {}
18:46:52.656 [Test worker] DEBUG org.apache.tapestry5.ioc.Registry - [  5] <-- Determining injection value for parameter #1 (java.util.Map) [0.40 ms]
18:46:52.656 [Test worker] DEBUG org.apache.tapestry5.ioc.Registry - [  4] <-- Creating plan to instantiate org.apache.tapestry5.ioc.internal.services.ServiceOverrideImpl via public org.apache.tapestry5.ioc.internal.services.ServiceOverrideImpl(java.util.Map) [0.71 ms]
18:46:52.656 [Test worker] DEBUG org.apache.tapestry5.ioc.Registry - [  4] --> Invoking constructor org.apache.tapestry5.ioc.internal.services.ServiceOverrideImpl(Map) (at ServiceOverrideImpl.java:31) via org.apache.tapestry5.ioc.modules.TapestryIOCModule.bind(ServiceBinder) (at TapestryIOCModule.java:50) (for service 'ServiceOverride')
18:46:52.658 [Test worker] DEBUG o.a.t.i.m.T.ServiceOverride - Invoking constructor org.apache.tapestry5.ioc.internal.services.ServiceOverrideImpl(Map) (at ServiceOverrideImpl.java:31) via org.apache.tapestry5.ioc.modules.TapestryIOCModule.bind(ServiceBinder) (at TapestryIOCModule.java:50) (for service 'ServiceOverride')
18:46:52.658 [Test worker] DEBUG org.apache.tapestry5.ioc.Registry - [  4] <-- Invoking constructor org.apache.tapestry5.ioc.internal.services.ServiceOverrideImpl(Map) (at ServiceOverrideImpl.java:31) via org.apache.tapestry5.ioc.modules.TapestryIOCModule.bind(ServiceBinder) (at TapestryIOCModule.java:50) (for service 'ServiceOverride') [2.04 ms]
18:46:52.659 [Test worker] DEBUG org.apache.tapestry5.ioc.Registry - [  3] <-- Instantiating service ServiceOverride implementation via org.apache.tapestry5.ioc.internal.services.ServiceOverrideImpl(Map) (at ServiceOverrideImpl.java:31) via org.apache.tapestry5.ioc.modules.TapestryIOCModule.bind(ServiceBinder) (at TapestryIOCModule.java:50) [3.42 ms]
18:46:52.659 [Test worker] DEBUG org.apache.tapestry5.ioc.Registry - [  2] <-- Realizing service ServiceOverride [3.96 ms]
18:46:52.659 [Test worker] DEBUG o.p.t.m.DBTestModule.EntityGenerator - Creating proxy for service EntityGenerator
18:46:52.660 [Test worker] DEBUG org.apache.tapestry5.ioc.Registry - [  2] --> Creating proxy for service EntityGenerator
18:46:52.662 [Test worker] DEBUG org.apache.tapestry5.ioc.Registry - [  3] --> Obtaining AspectDecorator service
18:46:52.662 [Test worker] DEBUG org.apache.tapestry5.ioc.Registry - [  3] <-- Obtaining AspectDecorator service [0.22 ms]
18:46:52.663 [Test worker] DEBUG o.a.t.i.m.T.PlasticProxyFactory - Loading class $EntityGenerator_a12c8735b532:
// class version 49.0 (49)
// access flags 0x1
public class $EntityGenerator_a12c8735b532 implements org/pac/bootstraplab/services/db/fetch/EntityGenerator java/io/Serializable  {


  // access flags 0x12
  private final Lorg/apache/tapestry5/ioc/ObjectCreator; creator

  // access flags 0x12
  private final Lorg/apache/tapestry5/ioc/internal/ServiceProxyToken; token

  // access flags 0x1
  public generate(Ljava/lang/Class;Lcom/mongodb/DBObject;)Ljava/lang/Object;
    ALOAD 0
    INVOKESPECIAL $EntityGenerator_a12c8735b532.delegate ()Lorg/pac/bootstraplab/services/db/fetch/EntityGenerator;
    ALOAD 1
    ALOAD 2
    INVOKEINTERFACE org/pac/bootstraplab/services/db/fetch/EntityGenerator.generate (Ljava/lang/Class;Lcom/mongodb/DBObject;)Ljava/lang/Object;
    ARETURN
    MAXSTACK = 0
    MAXLOCALS = 0

  // access flags 0x1010
  final reject_field_change_creator(Lorg/apache/tapestry5/ioc/ObjectCreator;)V
    NEW java/lang/IllegalStateException
    DUP
    LDC "Field creator of class $EntityGenerator_a12c8735b532 is read-only."
    INVOKESPECIAL java/lang/IllegalStateException.<init> (Ljava/lang/String;)V
    ATHROW
    MAXSTACK = 0
    MAXLOCALS = 0

  // access flags 0x1010
  final reject_field_change_token(Lorg/apache/tapestry5/ioc/internal/ServiceProxyToken;)V
    NEW java/lang/IllegalStateException
    DUP
    LDC "Field token of class $EntityGenerator_a12c8735b532 is read-only."
    INVOKESPECIAL java/lang/IllegalStateException.<init> (Ljava/lang/String;)V
    ATHROW
    MAXSTACK = 0
    MAXLOCALS = 0

  // access flags 0x2
  private delegate()Lorg/pac/bootstraplab/services/db/fetch/EntityGenerator;
    ALOAD 0
    GETFIELD $EntityGenerator_a12c8735b532.creator : Lorg/apache/tapestry5/ioc/ObjectCreator;
    INVOKEINTERFACE org/apache/tapestry5/ioc/ObjectCreator.createObject ()Ljava/lang/Object;
    CHECKCAST org/pac/bootstraplab/services/db/fetch/EntityGenerator
    ARETURN
    MAXSTACK = 0
    MAXLOCALS = 0

  // access flags 0x2
  private writeReplace()Ljava/lang/Object; throws java/io/ObjectStreamException 
    ALOAD 0
    GETFIELD $EntityGenerator_a12c8735b532.token : Lorg/apache/tapestry5/ioc/internal/ServiceProxyToken;
    ARETURN
    MAXSTACK = 0
    MAXLOCALS = 0

  // access flags 0x1
  public toString()Ljava/lang/String;
    LDC "<Proxy for EntityGenerator(org.pac.bootstraplab.services.db.fetch.EntityGenerator)>"
    ARETURN
    MAXSTACK = 0
    MAXLOCALS = 0

  // access flags 0x1
  public <init>(Lorg/apache/tapestry5/internal/plastic/StaticContext;Lorg/apache/tapestry5/plastic/InstanceContext;)V
    ALOAD 0
    INVOKESPECIAL java/lang/Object.<init> ()V
    ALOAD 0
    ALOAD 1
    ICONST_0
    INVOKEVIRTUAL org/apache/tapestry5/internal/plastic/StaticContext.get (I)Ljava/lang/Object;
    CHECKCAST org/apache/tapestry5/ioc/ObjectCreator
    PUTFIELD $EntityGenerator_a12c8735b532.creator : Lorg/apache/tapestry5/ioc/ObjectCreator;
    ALOAD 0
    ALOAD 1
    ICONST_1
    INVOKEVIRTUAL org/apache/tapestry5/internal/plastic/StaticContext.get (I)Ljava/lang/Object;
    CHECKCAST org/apache/tapestry5/ioc/internal/ServiceProxyToken
    PUTFIELD $EntityGenerator_a12c8735b532.token : Lorg/apache/tapestry5/ioc/internal/ServiceProxyToken;
    RETURN
    MAXSTACK = 0
    MAXLOCALS = 0
}

18:46:52.664 [Test worker] DEBUG org.apache.tapestry5.ioc.Registry - [  2] <-- Creating proxy for service EntityGenerator [4.88 ms]
18:46:52.665 [Test worker] DEBUG org.apache.tapestry5.ioc.Registry - [  1] <-- Resolving object of type org.pac.bootstraplab.services.db.fetch.EntityGenerator using MasterObjectProvider [9.71 ms]
18:46:52.665 [Test worker] DEBUG org.apache.tapestry5.ioc.Registry - [  1] --> Resolving object of type org.pac.bootstraplab.services.db.persist.DBObjectGenerator using MasterObjectProvider
18:46:52.665 [Test worker] DEBUG o.p.t.m.D.DBObjectGenerator - Creating proxy for service DBObjectGenerator
18:46:52.665 [Test worker] DEBUG org.apache.tapestry5.ioc.Registry - [  2] --> Creating proxy for service DBObjectGenerator
18:46:52.666 [Test worker] DEBUG org.apache.tapestry5.ioc.Registry - [  3] --> Obtaining AspectDecorator service
18:46:52.667 [Test worker] DEBUG org.apache.tapestry5.ioc.Registry - [  3] <-- Obtaining AspectDecorator service [0.26 ms]
18:46:52.677 [Test worker] DEBUG o.a.t.i.m.T.PlasticProxyFactory - Loading class $DBObjectGenerator_a12c8735b533:
// class version 49.0 (49)
// access flags 0x1
public class $DBObjectGenerator_a12c8735b533 implements org/pac/bootstraplab/services/db/persist/DBObjectGenerator java/io/Serializable  {


  // access flags 0x12
  private final Lorg/apache/tapestry5/ioc/ObjectCreator; creator

  // access flags 0x12
  private final Lorg/apache/tapestry5/ioc/internal/ServiceProxyToken; token

  // access flags 0x1
  public generateFrom(Ljava/lang/Object;)Lcom/mongodb/DBObject;
    ALOAD 0
    INVOKESPECIAL $DBObjectGenerator_a12c8735b533.delegate ()Lorg/pac/bootstraplab/services/db/persist/DBObjectGenerator;
    ALOAD 1
    INVOKEINTERFACE org/pac/bootstraplab/services/db/persist/DBObjectGenerator.generateFrom (Ljava/lang/Object;)Lcom/mongodb/DBObject;
    ARETURN
    MAXSTACK = 0
    MAXLOCALS = 0

  // access flags 0x1010
  final reject_field_change_creator(Lorg/apache/tapestry5/ioc/ObjectCreator;)V
    NEW java/lang/IllegalStateException
    DUP
    LDC "Field creator of class $DBObjectGenerator_a12c8735b533 is read-only."
    INVOKESPECIAL java/lang/IllegalStateException.<init> (Ljava/lang/String;)V
    ATHROW
    MAXSTACK = 0
    MAXLOCALS = 0

  // access flags 0x1010
  final reject_field_change_token(Lorg/apache/tapestry5/ioc/internal/ServiceProxyToken;)V
    NEW java/lang/IllegalStateException
    DUP
    LDC "Field token of class $DBObjectGenerator_a12c8735b533 is read-only."
    INVOKESPECIAL java/lang/IllegalStateException.<init> (Ljava/lang/String;)V
    ATHROW
    MAXSTACK = 0
    MAXLOCALS = 0

  // access flags 0x2
  private delegate()Lorg/pac/bootstraplab/services/db/persist/DBObjectGenerator;
    ALOAD 0
    GETFIELD $DBObjectGenerator_a12c8735b533.creator : Lorg/apache/tapestry5/ioc/ObjectCreator;
    INVOKEINTERFACE org/apache/tapestry5/ioc/ObjectCreator.createObject ()Ljava/lang/Object;
    CHECKCAST org/pac/bootstraplab/services/db/persist/DBObjectGenerator
    ARETURN
    MAXSTACK = 0
    MAXLOCALS = 0

  // access flags 0x2
  private writeReplace()Ljava/lang/Object; throws java/io/ObjectStreamException 
    ALOAD 0
    GETFIELD $DBObjectGenerator_a12c8735b533.token : Lorg/apache/tapestry5/ioc/internal/ServiceProxyToken;
    ARETURN
    MAXSTACK = 0
    MAXLOCALS = 0

  // access flags 0x1
  public toString()Ljava/lang/String;
    LDC "<Proxy for DBObjectGenerator(org.pac.bootstraplab.services.db.persist.DBObjectGenerator)>"
    ARETURN
    MAXSTACK = 0
    MAXLOCALS = 0

  // access flags 0x1
  public <init>(Lorg/apache/tapestry5/internal/plastic/StaticContext;Lorg/apache/tapestry5/plastic/InstanceContext;)V
    ALOAD 0
    INVOKESPECIAL java/lang/Object.<init> ()V
    ALOAD 0
    ALOAD 1
    ICONST_0
    INVOKEVIRTUAL org/apache/tapestry5/internal/plastic/StaticContext.get (I)Ljava/lang/Object;
    CHECKCAST org/apache/tapestry5/ioc/ObjectCreator
    PUTFIELD $DBObjectGenerator_a12c8735b533.creator : Lorg/apache/tapestry5/ioc/ObjectCreator;
    ALOAD 0
    ALOAD 1
    ICONST_1
    INVOKEVIRTUAL org/apache/tapestry5/internal/plastic/StaticContext.get (I)Ljava/lang/Object;
    CHECKCAST org/apache/tapestry5/ioc/internal/ServiceProxyToken
    PUTFIELD $DBObjectGenerator_a12c8735b533.token : Lorg/apache/tapestry5/ioc/internal/ServiceProxyToken;
    RETURN
    MAXSTACK = 0
    MAXLOCALS = 0
}

18:46:52.678 [Test worker] DEBUG org.apache.tapestry5.ioc.Registry - [  2] <-- Creating proxy for service DBObjectGenerator [13.16 ms]
18:46:52.679 [Test worker] DEBUG org.apache.tapestry5.ioc.Registry - [  1] <-- Resolving object of type org.pac.bootstraplab.services.db.persist.DBObjectGenerator using MasterObjectProvider [13.74 ms]
18:46:52.690 [Test worker] DEBUG org.apache.tapestry5.ioc.Registry - [  1] --> Realizing service EntityGenerator
18:46:52.690 [Test worker] DEBUG org.apache.tapestry5.ioc.Registry - [  2] --> Instantiating service EntityGenerator implementation via org.pac.bootstraplab.services.db.fetch.EntityGeneratorImpl() (at EntityGeneratorImpl.java:26) via org.pac.test.modules.DBTestModule.bind(ServiceBinder) (at DBTestModule.java:31)
18:46:52.690 [Test worker] DEBUG org.apache.tapestry5.ioc.Registry - [  3] --> Creating plan to instantiate org.pac.bootstraplab.services.db.fetch.EntityGeneratorImpl via public org.pac.bootstraplab.services.db.fetch.EntityGeneratorImpl()
18:46:52.690 [Test worker] DEBUG org.apache.tapestry5.ioc.Registry - [  4] --> Calculating possible injection value for field org.pac.bootstraplab.services.db.fetch.EntityGeneratorImpl.logger (org.slf4j.Logger)
18:46:52.690 [Test worker] DEBUG org.apache.tapestry5.ioc.Registry - [  4] <-- Calculating possible injection value for field org.pac.bootstraplab.services.db.fetch.EntityGeneratorImpl.logger (org.slf4j.Logger) [0.15 ms]
18:46:52.690 [Test worker] DEBUG org.apache.tapestry5.ioc.Registry - [  4] --> Calculating possible injection value for field org.pac.bootstraplab.services.db.fetch.EntityGeneratorImpl.fieldValueDecoder (org.pac.bootstraplab.services.db.fetch.EntityFieldValueDecoder)
18:46:52.691 [Test worker] DEBUG org.apache.tapestry5.ioc.Registry - [  5] --> Resolving object of type org.pac.bootstraplab.services.db.fetch.EntityFieldValueDecoder using MasterObjectProvider
18:46:52.691 [Test worker] DEBUG o.p.t.m.D.EntityFieldValueDecoder - Creating proxy for service EntityFieldValueDecoder
18:46:52.691 [Test worker] DEBUG org.apache.tapestry5.ioc.Registry - [  6] --> Creating proxy for service EntityFieldValueDecoder
18:46:52.692 [Test worker] DEBUG org.apache.tapestry5.ioc.Registry - [  7] --> Obtaining AspectDecorator service
18:46:52.692 [Test worker] DEBUG org.apache.tapestry5.ioc.Registry - [  7] <-- Obtaining AspectDecorator service [0.17 ms]
18:46:52.697 [Test worker] DEBUG o.a.t.i.m.T.PlasticProxyFactory - Loading class $EntityFieldValueDecoder_a12c8735b534:
// class version 49.0 (49)
// access flags 0x1
public class $EntityFieldValueDecoder_a12c8735b534 implements org/pac/bootstraplab/services/db/fetch/EntityFieldValueDecoder java/io/Serializable  {


  // access flags 0x12
  private final Lorg/apache/tapestry5/ioc/ObjectCreator; creator

  // access flags 0x12
  private final Lorg/apache/tapestry5/ioc/internal/ServiceProxyToken; token

  // access flags 0x1
  public decode(Ljava/lang/Class;Ljava/lang/Object;)Ljava/lang/Object;
    ALOAD 0
    INVOKESPECIAL $EntityFieldValueDecoder_a12c8735b534.delegate ()Lorg/pac/bootstraplab/services/db/fetch/EntityFieldValueDecoder;
    ALOAD 1
    ALOAD 2
    INVOKEINTERFACE org/pac/bootstraplab/services/db/fetch/EntityFieldValueDecoder.decode (Ljava/lang/Class;Ljava/lang/Object;)Ljava/lang/Object;
    ARETURN
    MAXSTACK = 0
    MAXLOCALS = 0

  // access flags 0x1010
  final reject_field_change_creator(Lorg/apache/tapestry5/ioc/ObjectCreator;)V
    NEW java/lang/IllegalStateException
    DUP
    LDC "Field creator of class $EntityFieldValueDecoder_a12c8735b534 is read-only."
    INVOKESPECIAL java/lang/IllegalStateException.<init> (Ljava/lang/String;)V
    ATHROW
    MAXSTACK = 0
    MAXLOCALS = 0

  // access flags 0x1010
  final reject_field_change_token(Lorg/apache/tapestry5/ioc/internal/ServiceProxyToken;)V
    NEW java/lang/IllegalStateException
    DUP
    LDC "Field token of class $EntityFieldValueDecoder_a12c8735b534 is read-only."
    INVOKESPECIAL java/lang/IllegalStateException.<init> (Ljava/lang/String;)V
    ATHROW
    MAXSTACK = 0
    MAXLOCALS = 0

  // access flags 0x2
  private delegate()Lorg/pac/bootstraplab/services/db/fetch/EntityFieldValueDecoder;
    ALOAD 0
    GETFIELD $EntityFieldValueDecoder_a12c8735b534.creator : Lorg/apache/tapestry5/ioc/ObjectCreator;
    INVOKEINTERFACE org/apache/tapestry5/ioc/ObjectCreator.createObject ()Ljava/lang/Object;
    CHECKCAST org/pac/bootstraplab/services/db/fetch/EntityFieldValueDecoder
    ARETURN
    MAXSTACK = 0
    MAXLOCALS = 0

  // access flags 0x2
  private writeReplace()Ljava/lang/Object; throws java/io/ObjectStreamException 
    ALOAD 0
    GETFIELD $EntityFieldValueDecoder_a12c8735b534.token : Lorg/apache/tapestry5/ioc/internal/ServiceProxyToken;
    ARETURN
    MAXSTACK = 0
    MAXLOCALS = 0

  // access flags 0x1
  public toString()Ljava/lang/String;
    LDC "<Proxy for EntityFieldValueDecoder(org.pac.bootstraplab.services.db.fetch.EntityFieldValueDecoder)>"
    ARETURN
    MAXSTACK = 0
    MAXLOCALS = 0

  // access flags 0x1
  public <init>(Lorg/apache/tapestry5/internal/plastic/StaticContext;Lorg/apache/tapestry5/plastic/InstanceContext;)V
    ALOAD 0
    INVOKESPECIAL java/lang/Object.<init> ()V
    ALOAD 0
    ALOAD 1
    ICONST_0
    INVOKEVIRTUAL org/apache/tapestry5/internal/plastic/StaticContext.get (I)Ljava/lang/Object;
    CHECKCAST org/apache/tapestry5/ioc/ObjectCreator
    PUTFIELD $EntityFieldValueDecoder_a12c8735b534.creator : Lorg/apache/tapestry5/ioc/ObjectCreator;
    ALOAD 0
    ALOAD 1
    ICONST_1
    INVOKEVIRTUAL org/apache/tapestry5/internal/plastic/StaticContext.get (I)Ljava/lang/Object;
    CHECKCAST org/apache/tapestry5/ioc/internal/ServiceProxyToken
    PUTFIELD $EntityFieldValueDecoder_a12c8735b534.token : Lorg/apache/tapestry5/ioc/internal/ServiceProxyToken;
    RETURN
    MAXSTACK = 0
    MAXLOCALS = 0
}

18:46:52.698 [Test worker] DEBUG org.apache.tapestry5.ioc.Registry - [  6] <-- Creating proxy for service EntityFieldValueDecoder [7.36 ms]
18:46:52.699 [Test worker] DEBUG org.apache.tapestry5.ioc.Registry - [  5] <-- Resolving object of type org.pac.bootstraplab.services.db.fetch.EntityFieldValueDecoder using MasterObjectProvider [7.88 ms]
18:46:52.699 [Test worker] DEBUG org.apache.tapestry5.ioc.Registry - [  4] <-- Calculating possible injection value for field org.pac.bootstraplab.services.db.fetch.EntityGeneratorImpl.fieldValueDecoder (org.pac.bootstraplab.services.db.fetch.EntityFieldValueDecoder) [8.26 ms]
18:46:52.699 [Test worker] DEBUG org.apache.tapestry5.ioc.Registry - [  3] <-- Creating plan to instantiate org.pac.bootstraplab.services.db.fetch.EntityGeneratorImpl via public org.pac.bootstraplab.services.db.fetch.EntityGeneratorImpl() [8.87 ms]
18:46:52.699 [Test worker] DEBUG org.apache.tapestry5.ioc.Registry - [  3] --> Invoking constructor org.pac.bootstraplab.services.db.fetch.EntityGeneratorImpl() (at EntityGeneratorImpl.java:26) via org.pac.test.modules.DBTestModule.bind(ServiceBinder) (at DBTestModule.java:31) (for service 'EntityGenerator')
18:46:52.699 [Test worker] DEBUG o.p.t.m.DBTestModule.EntityGenerator - Invoking constructor org.pac.bootstraplab.services.db.fetch.EntityGeneratorImpl() (at EntityGeneratorImpl.java:26) via org.pac.test.modules.DBTestModule.bind(ServiceBinder) (at DBTestModule.java:31) (for service 'EntityGenerator')
18:46:52.699 [Test worker] DEBUG org.apache.tapestry5.ioc.Registry - [  3] <-- Invoking constructor org.pac.bootstraplab.services.db.fetch.EntityGeneratorImpl() (at EntityGeneratorImpl.java:26) via org.pac.test.modules.DBTestModule.bind(ServiceBinder) (at DBTestModule.java:31) (for service 'EntityGenerator') [0.13 ms]
18:46:52.699 [Test worker] DEBUG org.apache.tapestry5.ioc.Registry - [  3] --> Injecting Logger[org.pac.test.modules.DBTestModule.EntityGenerator] into field logger of class org.pac.bootstraplab.services.db.fetch.EntityGeneratorImpl.
18:46:52.699 [Test worker] DEBUG org.apache.tapestry5.ioc.Registry - [  3] <-- Injecting Logger[org.pac.test.modules.DBTestModule.EntityGenerator] into field logger of class org.pac.bootstraplab.services.db.fetch.EntityGeneratorImpl. [0.08 ms]
18:46:52.699 [Test worker] DEBUG org.apache.tapestry5.ioc.Registry - [  3] --> Injecting <Proxy for EntityFieldValueDecoder(org.pac.bootstraplab.services.db.fetch.EntityFieldValueDecoder)> into field fieldValueDecoder of class org.pac.bootstraplab.services.db.fetch.EntityGeneratorImpl.
18:46:52.700 [Test worker] DEBUG org.apache.tapestry5.ioc.Registry - [  3] <-- Injecting <Proxy for EntityFieldValueDecoder(org.pac.bootstraplab.services.db.fetch.EntityFieldValueDecoder)> into field fieldValueDecoder of class org.pac.bootstraplab.services.db.fetch.EntityGeneratorImpl. [0.08 ms]
18:46:52.700 [Test worker] DEBUG org.apache.tapestry5.ioc.Registry - [  2] <-- Instantiating service EntityGenerator implementation via org.pac.bootstraplab.services.db.fetch.EntityGeneratorImpl() (at EntityGeneratorImpl.java:26) via org.pac.test.modules.DBTestModule.bind(ServiceBinder) (at DBTestModule.java:31) [9.87 ms]
18:46:52.700 [Test worker] DEBUG org.apache.tapestry5.ioc.Registry - [  1] <-- Realizing service EntityGenerator [10.26 ms]
18:46:52.700 [Test worker] DEBUG org.apache.tapestry5.ioc.Registry - [  1] --> Realizing service EntityFieldValueDecoder
18:46:52.700 [Test worker] DEBUG org.apache.tapestry5.ioc.Registry - [  2] --> Instantiating service EntityFieldValueDecoder implementation via org.pac.test.modules.DBTestModule.buildEntityFieldValueDecoder(ChainBuilder, List) (at DBTestModule.java:50)
18:46:52.700 [Test worker] DEBUG org.apache.tapestry5.ioc.Registry - [  3] --> Constructing module class org.pac.test.modules.DBTestModule
18:46:52.700 [Test worker] DEBUG org.apache.tapestry5.ioc.Registry - [  3] <-- Constructing module class org.pac.test.modules.DBTestModule [0.10 ms]
18:46:52.700 [Test worker] DEBUG org.apache.tapestry5.ioc.Registry - [  3] --> Creating plan to invoke public org.pac.bootstraplab.services.db.fetch.EntityFieldValueDecoder org.pac.test.modules.DBTestModule.buildEntityFieldValueDecoder(org.apache.tapestry5.ioc.services.ChainBuilder,java.util.List)
18:46:52.737 [Test worker] DEBUG org.apache.tapestry5.ioc.Registry - [  4] --> Determining injection value for parameter #1 (org.apache.tapestry5.ioc.services.ChainBuilder)
18:46:52.737 [Test worker] DEBUG org.apache.tapestry5.ioc.Registry - [  5] --> Resolving object of type org.apache.tapestry5.ioc.services.ChainBuilder using MasterObjectProvider
18:46:52.737 [Test worker] DEBUG o.a.t.i.m.T.ChainBuilder - Creating proxy for service ChainBuilder
18:46:52.737 [Test worker] DEBUG org.apache.tapestry5.ioc.Registry - [  6] --> Creating proxy for service ChainBuilder
18:46:52.738 [Test worker] DEBUG org.apache.tapestry5.ioc.Registry - [  7] --> Obtaining AspectDecorator service
18:46:52.738 [Test worker] DEBUG org.apache.tapestry5.ioc.Registry - [  7] <-- Obtaining AspectDecorator service [0.20 ms]
18:46:52.739 [Test worker] DEBUG o.a.t.i.m.T.PlasticProxyFactory - Loading class $ChainBuilder_a12c8735b535:
// class version 49.0 (49)
// access flags 0x1
public class $ChainBuilder_a12c8735b535 implements org/apache/tapestry5/ioc/services/ChainBuilder java/io/Serializable  {


  // access flags 0x12
  private final Lorg/apache/tapestry5/ioc/ObjectCreator; creator

  // access flags 0x12
  private final Lorg/apache/tapestry5/ioc/internal/ServiceProxyToken; token

  // access flags 0x1
  public build(Ljava/lang/Class;Ljava/util/List;)Ljava/lang/Object;
    ALOAD 0
    INVOKESPECIAL $ChainBuilder_a12c8735b535.delegate ()Lorg/apache/tapestry5/ioc/services/ChainBuilder;
    ALOAD 1
    ALOAD 2
    INVOKEINTERFACE org/apache/tapestry5/ioc/services/ChainBuilder.build (Ljava/lang/Class;Ljava/util/List;)Ljava/lang/Object;
    ARETURN
    MAXSTACK = 0
    MAXLOCALS = 0

  // access flags 0x1010
  final reject_field_change_creator(Lorg/apache/tapestry5/ioc/ObjectCreator;)V
    NEW java/lang/IllegalStateException
    DUP
    LDC "Field creator of class $ChainBuilder_a12c8735b535 is read-only."
    INVOKESPECIAL java/lang/IllegalStateException.<init> (Ljava/lang/String;)V
    ATHROW
    MAXSTACK = 0
    MAXLOCALS = 0

  // access flags 0x1010
  final reject_field_change_token(Lorg/apache/tapestry5/ioc/internal/ServiceProxyToken;)V
    NEW java/lang/IllegalStateException
    DUP
    LDC "Field token of class $ChainBuilder_a12c8735b535 is read-only."
    INVOKESPECIAL java/lang/IllegalStateException.<init> (Ljava/lang/String;)V
    ATHROW
    MAXSTACK = 0
    MAXLOCALS = 0

  // access flags 0x2
  private delegate()Lorg/apache/tapestry5/ioc/services/ChainBuilder;
    ALOAD 0
    GETFIELD $ChainBuilder_a12c8735b535.creator : Lorg/apache/tapestry5/ioc/ObjectCreator;
    INVOKEINTERFACE org/apache/tapestry5/ioc/ObjectCreator.createObject ()Ljava/lang/Object;
    CHECKCAST org/apache/tapestry5/ioc/services/ChainBuilder
    ARETURN
    MAXSTACK = 0
    MAXLOCALS = 0

  // access flags 0x2
  private writeReplace()Ljava/lang/Object; throws java/io/ObjectStreamException 
    ALOAD 0
    GETFIELD $ChainBuilder_a12c8735b535.token : Lorg/apache/tapestry5/ioc/internal/ServiceProxyToken;
    ARETURN
    MAXSTACK = 0
    MAXLOCALS = 0

  // access flags 0x1
  public toString()Ljava/lang/String;
    LDC "<Proxy for ChainBuilder(org.apache.tapestry5.ioc.services.ChainBuilder)>"
    ARETURN
    MAXSTACK = 0
    MAXLOCALS = 0

  // access flags 0x1
  public <init>(Lorg/apache/tapestry5/internal/plastic/StaticContext;Lorg/apache/tapestry5/plastic/InstanceContext;)V
    ALOAD 0
    INVOKESPECIAL java/lang/Object.<init> ()V
    ALOAD 0
    ALOAD 1
    ICONST_0
    INVOKEVIRTUAL org/apache/tapestry5/internal/plastic/StaticContext.get (I)Ljava/lang/Object;
    CHECKCAST org/apache/tapestry5/ioc/ObjectCreator
    PUTFIELD $ChainBuilder_a12c8735b535.creator : Lorg/apache/tapestry5/ioc/ObjectCreator;
    ALOAD 0
    ALOAD 1
    ICONST_1
    INVOKEVIRTUAL org/apache/tapestry5/internal/plastic/StaticContext.get (I)Ljava/lang/Object;
    CHECKCAST org/apache/tapestry5/ioc/internal/ServiceProxyToken
    PUTFIELD $ChainBuilder_a12c8735b535.token : Lorg/apache/tapestry5/ioc/internal/ServiceProxyToken;
    RETURN
    MAXSTACK = 0
    MAXLOCALS = 0
}

18:46:52.741 [Test worker] DEBUG org.apache.tapestry5.ioc.Registry - [  6] <-- Creating proxy for service ChainBuilder [3.47 ms]
18:46:52.741 [Test worker] DEBUG org.apache.tapestry5.ioc.Registry - [  5] <-- Resolving object of type org.apache.tapestry5.ioc.services.ChainBuilder using MasterObjectProvider [3.95 ms]
18:46:52.741 [Test worker] DEBUG org.apache.tapestry5.ioc.Registry - [  4] <-- Determining injection value for parameter #1 (org.apache.tapestry5.ioc.services.ChainBuilder) [40.42 ms]
18:46:52.741 [Test worker] DEBUG org.apache.tapestry5.ioc.Registry - [  4] --> Determining injection value for parameter #2 (java.util.List)
18:46:52.741 [Test worker] DEBUG org.apache.tapestry5.ioc.Registry - [  5] --> Collecting ordered configuration for service EntityFieldValueDecoder
18:46:52.742 [Test worker] DEBUG o.p.t.m.D.EntityFieldValueDecoder - Invoking org.pac.test.modules.DBTestModule.contributeFieldValueDecoderStrategies(OrderedConfiguration, EntityFieldValueDecoder) (at DBTestModule.java:56)
18:46:52.742 [Test worker] DEBUG org.apache.tapestry5.ioc.Registry - [  6] --> Invoking org.pac.test.modules.DBTestModule.contributeFieldValueDecoderStrategies(OrderedConfiguration, EntityFieldValueDecoder) (at DBTestModule.java:56)
18:46:52.742 [Test worker] DEBUG org.apache.tapestry5.ioc.Registry - [  7] --> Determining injection value for parameter #1 (org.apache.tapestry5.ioc.OrderedConfiguration)
18:46:52.742 [Test worker] DEBUG org.apache.tapestry5.ioc.Registry - [  7] <-- Determining injection value for parameter #1 (org.apache.tapestry5.ioc.OrderedConfiguration) [0.07 ms]
18:46:52.742 [Test worker] DEBUG org.apache.tapestry5.ioc.Registry - [  7] --> Determining injection value for parameter #2 (org.pac.bootstraplab.services.db.fetch.EntityFieldValueDecoder)
18:46:52.743 [Test worker] DEBUG org.apache.tapestry5.ioc.Registry - [  8] --> Resolving object of type org.pac.bootstraplab.services.db.fetch.EntityFieldValueDecoder using MasterObjectProvider
18:46:52.743 [Test worker] DEBUG org.apache.tapestry5.ioc.Registry - [  8] <-- Resolving object of type org.pac.bootstraplab.services.db.fetch.EntityFieldValueDecoder using MasterObjectProvider [0.21 ms]
18:46:52.743 [Test worker] DEBUG org.apache.tapestry5.ioc.Registry - [  7] <-- Determining injection value for parameter #2 (org.pac.bootstraplab.services.db.fetch.EntityFieldValueDecoder) [0.50 ms]
18:46:52.744 [Test worker] DEBUG org.apache.tapestry5.ioc.Registry - [  6] <-- Invoking org.pac.test.modules.DBTestModule.contributeFieldValueDecoderStrategies(OrderedConfiguration, EntityFieldValueDecoder) (at DBTestModule.java:56) [2.24 ms]
18:46:52.751 [Test worker] WARN  o.p.t.m.D.EntityFieldValueDecoder - Unable to add 'UID' as a dependency of 'URI', as that forms a dependency cycle ('URI' depends on itself via 'UID'). The dependency has been ignored.
18:46:52.751 [Test worker] DEBUG org.apache.tapestry5.ioc.Registry - [  5] <-- Collecting ordered configuration for service EntityFieldValueDecoder [9.61 ms]
18:46:52.751 [Test worker] DEBUG o.p.t.m.D.EntityFieldValueDecoder - Constructed configuration: [org.pac.bootstraplab.services.db.decoders.URIFieldValueDecoder@ce0df0, org.pac.bootstraplab.services.db.decoders.UIDFieldValueDecoder@1f53830, org.pac.bootstraplab.services.db.decoders.CollectionFieldValueDecoder@3becd5, org.pac.bootstraplab.services.db.fetch.DefaultFieldValueDecoder@39a582]
18:46:52.751 [Test worker] DEBUG org.apache.tapestry5.ioc.Registry - [  4] <-- Determining injection value for parameter #2 (java.util.List) [9.91 ms]
18:46:52.751 [Test worker] DEBUG org.apache.tapestry5.ioc.Registry - [  3] <-- Creating plan to invoke public org.pac.bootstraplab.services.db.fetch.EntityFieldValueDecoder org.pac.test.modules.DBTestModule.buildEntityFieldValueDecoder(org.apache.tapestry5.ioc.services.ChainBuilder,java.util.List) [50.75 ms]
18:46:52.751 [Test worker] DEBUG org.apache.tapestry5.ioc.Registry - [  3] --> Constructing service implementation via org.pac.test.modules.DBTestModule.buildEntityFieldValueDecoder(ChainBuilder, List) (at DBTestModule.java:50)
18:46:52.751 [Test worker] DEBUG o.p.t.m.D.EntityFieldValueDecoder - Constructing service implementation via org.pac.test.modules.DBTestModule.buildEntityFieldValueDecoder(ChainBuilder, List) (at DBTestModule.java:50)
18:46:52.751 [Test worker] DEBUG org.apache.tapestry5.ioc.Registry - [  4] --> Realizing service ChainBuilder
18:46:52.752 [Test worker] DEBUG org.apache.tapestry5.ioc.Registry - [  5] --> Instantiating service ChainBuilder implementation via org.apache.tapestry5.ioc.internal.services.ChainBuilderImpl(PlasticProxyFactory) (at ChainBuilderImpl.java:39) via org.apache.tapestry5.ioc.modules.TapestryIOCModule.bind(ServiceBinder) (at TapestryIOCModule.java:50)
18:46:52.752 [Test worker] DEBUG org.apache.tapestry5.ioc.Registry - [  6] --> Creating plan to instantiate org.apache.tapestry5.ioc.internal.services.ChainBuilderImpl via public org.apache.tapestry5.ioc.internal.services.ChainBuilderImpl(org.apache.tapestry5.ioc.services.PlasticProxyFactory)
18:46:52.752 [Test worker] DEBUG org.apache.tapestry5.ioc.Registry - [  7] --> Determining injection value for parameter #1 (org.apache.tapestry5.ioc.services.PlasticProxyFactory)
18:46:52.752 [Test worker] DEBUG org.apache.tapestry5.ioc.Registry - [  7] <-- Determining injection value for parameter #1 (org.apache.tapestry5.ioc.services.PlasticProxyFactory) [0.14 ms]
18:46:52.752 [Test worker] DEBUG org.apache.tapestry5.ioc.Registry - [  6] <-- Creating plan to instantiate org.apache.tapestry5.ioc.internal.services.ChainBuilderImpl via public org.apache.tapestry5.ioc.internal.services.ChainBuilderImpl(org.apache.tapestry5.ioc.services.PlasticProxyFactory) [0.55 ms]
18:46:52.752 [Test worker] DEBUG org.apache.tapestry5.ioc.Registry - [  6] --> Invoking constructor org.apache.tapestry5.ioc.internal.services.ChainBuilderImpl(PlasticProxyFactory) (at ChainBuilderImpl.java:39) via org.apache.tapestry5.ioc.modules.TapestryIOCModule.bind(ServiceBinder) (at TapestryIOCModule.java:50) (for service 'ChainBuilder')
18:46:52.752 [Test worker] DEBUG o.a.t.i.m.T.ChainBuilder - Invoking constructor org.apache.tapestry5.ioc.internal.services.ChainBuilderImpl(PlasticProxyFactory) (at ChainBuilderImpl.java:39) via org.apache.tapestry5.ioc.modules.TapestryIOCModule.bind(ServiceBinder) (at TapestryIOCModule.java:50) (for service 'ChainBuilder')
18:46:52.753 [Test worker] DEBUG org.apache.tapestry5.ioc.Registry - [  6] <-- Invoking constructor org.apache.tapestry5.ioc.internal.services.ChainBuilderImpl(PlasticProxyFactory) (at ChainBuilderImpl.java:39) via org.apache.tapestry5.ioc.modules.TapestryIOCModule.bind(ServiceBinder) (at TapestryIOCModule.java:50) (for service 'ChainBuilder') [0.14 ms]
18:46:52.759 [Test worker] DEBUG org.apache.tapestry5.ioc.Registry - [  5] <-- Instantiating service ChainBuilder implementation via org.apache.tapestry5.ioc.internal.services.ChainBuilderImpl(PlasticProxyFactory) (at ChainBuilderImpl.java:39) via org.apache.tapestry5.ioc.modules.TapestryIOCModule.bind(ServiceBinder) (at TapestryIOCModule.java:50) [7.62 ms]
18:46:52.760 [Test worker] DEBUG org.apache.tapestry5.ioc.Registry - [  4] <-- Realizing service ChainBuilder [8.05 ms]
18:46:52.766 [Test worker] DEBUG o.a.t.i.m.T.PlasticProxyFactory - Loading class $EntityFieldValueDecoder_a12c8735b536:
// class version 49.0 (49)
// access flags 0x1
public class $EntityFieldValueDecoder_a12c8735b536 implements org/pac/bootstraplab/services/db/fetch/EntityFieldValueDecoder  {


  // access flags 0x12
  private final [Lorg/pac/bootstraplab/services/db/fetch/EntityFieldValueDecoder; commands

  // access flags 0x1
  public decode(Ljava/lang/Class;Ljava/lang/Object;)Ljava/lang/Object;
    ALOAD 0
    GETFIELD $EntityFieldValueDecoder_a12c8735b536.commands : [Lorg/pac/bootstraplab/services/db/fetch/EntityFieldValueDecoder;
   L0
    ICONST_0
    ISTORE 3
   L1
    DUP
    ARRAYLENGTH
    ILOAD 3
    SWAP
    IF_ICMPGE L2
    DUP
    ILOAD 3
    AALOAD
    ALOAD 1
    ALOAD 2
    INVOKEINTERFACE org/pac/bootstraplab/services/db/fetch/EntityFieldValueDecoder.decode (Ljava/lang/Class;Ljava/lang/Object;)Ljava/lang/Object;
    DUP
    IFNULL L3
    ARETURN
    GOTO L4
   L3
    POP
   L4
    IINC 3 1
    GOTO L1
   L2
   L5
    ACONST_NULL
    ARETURN
    LOCALVARIABLE var0 I L0 L5 3
    MAXSTACK = 0
    MAXLOCALS = 0

  // access flags 0x1010
  final reject_field_change_commands([Lorg/pac/bootstraplab/services/db/fetch/EntityFieldValueDecoder;)V
    NEW java/lang/IllegalStateException
    DUP
    LDC "Field commands of class $EntityFieldValueDecoder_a12c8735b536 is read-only."
    INVOKESPECIAL java/lang/IllegalStateException.<init> (Ljava/lang/String;)V
    ATHROW
    MAXSTACK = 0
    MAXLOCALS = 0

  // access flags 0x1
  public toString()Ljava/lang/String;
    LDC "<Command chain of org.pac.bootstraplab.services.db.fetch.EntityFieldValueDecoder>"
    ARETURN
    MAXSTACK = 0
    MAXLOCALS = 0

  // access flags 0x1
  public <init>(Lorg/apache/tapestry5/internal/plastic/StaticContext;Lorg/apache/tapestry5/plastic/InstanceContext;)V
    ALOAD 0
    INVOKESPECIAL java/lang/Object.<init> ()V
    ALOAD 0
    ALOAD 1
    ICONST_0
    INVOKEVIRTUAL org/apache/tapestry5/internal/plastic/StaticContext.get (I)Ljava/lang/Object;
    CHECKCAST [Lorg/pac/bootstraplab/services/db/fetch/EntityFieldValueDecoder;
    PUTFIELD $EntityFieldValueDecoder_a12c8735b536.commands : [Lorg/pac/bootstraplab/services/db/fetch/EntityFieldValueDecoder;
    RETURN
    MAXSTACK = 0
    MAXLOCALS = 0
}

18:46:52.768 [Test worker] DEBUG org.apache.tapestry5.ioc.Registry - [  3] <-- Constructing service implementation via org.pac.test.modules.DBTestModule.buildEntityFieldValueDecoder(ChainBuilder, List) (at DBTestModule.java:50) [16.38 ms]
18:46:52.768 [Test worker] DEBUG org.apache.tapestry5.ioc.Registry - [  2] <-- Instantiating service EntityFieldValueDecoder implementation via org.pac.test.modules.DBTestModule.buildEntityFieldValueDecoder(ChainBuilder, List) (at DBTestModule.java:50) [67.78 ms]
18:46:52.768 [Test worker] DEBUG org.apache.tapestry5.ioc.Registry - [  1] <-- Realizing service EntityFieldValueDecoder [68.08 ms]
TestEntity [uid=test-identifier, nullValue=null]
18:46:52.770 [Test worker] DEBUG org.apache.tapestry5.ioc.Registry - [  1] --> Resolving object of type org.pac.bootstraplab.services.db.fetch.EntityGenerator using MasterObjectProvider
18:46:52.770 [Test worker] DEBUG org.apache.tapestry5.ioc.Registry - [  1] <-- Resolving object of type org.pac.bootstraplab.services.db.fetch.EntityGenerator using MasterObjectProvider [0.25 ms]
18:46:52.770 [Test worker] DEBUG org.apache.tapestry5.ioc.Registry - [  1] --> Resolving object of type org.pac.bootstraplab.services.db.persist.DBObjectGenerator using MasterObjectProvider
18:46:52.770 [Test worker] DEBUG org.apache.tapestry5.ioc.Registry - [  1] <-- Resolving object of type org.pac.bootstraplab.services.db.persist.DBObjectGenerator using MasterObjectProvider [0.17 ms]
18:46:52.772 [Test worker] DEBUG org.apache.tapestry5.ioc.Registry - [  1] --> Realizing service DBObjectGenerator
18:46:52.772 [Test worker] DEBUG org.apache.tapestry5.ioc.Registry - [  2] --> Instantiating service DBObjectGenerator implementation via org.pac.bootstraplab.services.db.persist.DBObjectGeneratorImpl() (at DBObjectGeneratorImpl.java:13) via org.pac.test.modules.DBTestModule.bind(ServiceBinder) (at DBTestModule.java:31)
18:46:52.773 [Test worker] DEBUG org.apache.tapestry5.ioc.Registry - [  3] --> Creating plan to instantiate org.pac.bootstraplab.services.db.persist.DBObjectGeneratorImpl via public org.pac.bootstraplab.services.db.persist.DBObjectGeneratorImpl()
18:46:52.778 [Test worker] DEBUG org.apache.tapestry5.ioc.Registry - [  4] --> Calculating possible injection value for field org.pac.bootstraplab.services.db.persist.DBObjectGeneratorImpl.fieldValueExtractor (org.pac.bootstraplab.services.db.persist.EntityFieldValueEncoder)
18:46:52.778 [Test worker] DEBUG org.apache.tapestry5.ioc.Registry - [  5] --> Resolving object of type org.pac.bootstraplab.services.db.persist.EntityFieldValueEncoder using MasterObjectProvider
18:46:52.778 [Test worker] DEBUG o.p.t.m.D.EntityFieldValueExtractor - Creating proxy for service EntityFieldValueExtractor
18:46:52.778 [Test worker] DEBUG org.apache.tapestry5.ioc.Registry - [  6] --> Creating proxy for service EntityFieldValueExtractor
18:46:52.779 [Test worker] DEBUG org.apache.tapestry5.ioc.Registry - [  7] --> Obtaining AspectDecorator service
18:46:52.779 [Test worker] DEBUG org.apache.tapestry5.ioc.Registry - [  7] <-- Obtaining AspectDecorator service [0.20 ms]
18:46:52.780 [Test worker] DEBUG o.a.t.i.m.T.PlasticProxyFactory - Loading class $EntityFieldValueEncoder_a12c8735b537:
// class version 49.0 (49)
// access flags 0x1
public class $EntityFieldValueEncoder_a12c8735b537 implements org/pac/bootstraplab/services/db/persist/EntityFieldValueEncoder java/io/Serializable  {


  // access flags 0x12
[...]
18:46:52.782 [Test worker] DEBUG org.apache.tapestry5.ioc.Registry - [  3] <-- Invoking constructor org.pac.bootstraplab.services.db.persist.DBObjectGeneratorImpl() (at DBObjectGeneratorImpl.java:13) via org.pac.test.modules.DBTestModule.bind(ServiceBinder) (at DBTestModule.java:31) (for service 'DBObjectGenerator') [0.13 ms]
18:46:52.782 [Test worker] DEBUG org.apache.tapestry5.ioc.Registry - [  3] --> Injecting <Proxy for EntityFieldValueExtractor(org.pac.bootstraplab.services.db.persist.EntityFieldValueEncoder)> into field fieldValueExtractor of class org.pac.bootstraplab.services.db.persist.DBObjectGeneratorImpl.
18:46:52.783 [Test worker] DEBUG org.apache.tapestry5.ioc.Registry - [  3] <-- Injecting <Proxy for EntityFieldValueExtractor(org.pac.bootstraplab.services.db.persist.EntityFieldValueEncoder)> into field fieldValueExtractor of class org.pac.bootstraplab.services.db.persist.DBObjectGeneratorImpl. [0.08 ms]
18:46:52.783 [Test worker] DEBUG org.apache.tapestry5.ioc.Registry - [  2] <-- Instantiating service DBObjectGenerator implementation via org.pac.bootstraplab.services.db.persist.DBObjectGeneratorImpl() (at DBObjectGeneratorImpl.java:13) via org.pac.test.modules.DBTestModule.bind(ServiceBinder) (at DBTestModule.java:31) [10.24 ms]
18:46:52.783 [Test worker] DEBUG org.apache.tapestry5.ioc.Registry - [  1] <-- Realizing service DBObjectGenerator [10.64 ms]
18:46:52.783 [Test worker] DEBUG org.apache.tapestry5.ioc.Registry - [  1] --> Realizing service EntityFieldValueExtractor
18:46:52.783 [Test worker] DEBUG org.apache.tapestry5.ioc.Registry - [  2] --> Instantiating service EntityFieldValueExtractor implementation via org.pac.test.modules.DBTestModule.buildEntityFieldValueExtractor(StrategyBuilder, Map) (at DBTestModule.java:37)
18:46:52.783 [Test worker] DEBUG org.apache.tapestry5.ioc.Registry - [  3] --> Creating plan to invoke public org.pac.bootstraplab.services.db.persist.EntityFieldValueEncoder org.pac.test.modules.DBTestModule.buildEntityFieldValueExtractor(org.apache.tapestry5.ioc.services.StrategyBuilder,java.util.Map)
18:46:52.784 [Test worker] DEBUG org.apache.tapestry5.ioc.Registry - [  4] --> Determining injection value for parameter #1 (org.apache.tapestry5.ioc.services.StrategyBuilder)
18:46:52.784 [Test worker] DEBUG org.apache.tapestry5.ioc.Registry - [  5] --> Resolving object of type org.apache.tapestry5.ioc.services.StrategyBuilder using MasterObjectProvider
18:46:52.784 [Test worker] DEBUG o.a.t.i.m.T.StrategyBuilder - Creating proxy for service StrategyBuilder
18:46:52.784 [Test worker] DEBUG org.apache.tapestry5.ioc.Registry - [  6] --> Creating proxy for service StrategyBuilder
18:46:52.785 [Test worker] DEBUG org.apache.tapestry5.ioc.Registry - [  7] --> Obtaining AspectDecorator service
18:46:52.785 [Test worker] DEBUG org.apache.tapestry5.ioc.Registry - [  7] <-- Obtaining AspectDecorator service [0.19 ms]
18:46:52.786 [Test worker] DEBUG o.a.t.i.m.T.PlasticProxyFactory - Loading class $StrategyBuilder_a12c8735b538:
// class version 49.0 (49)
// access flags 0x1
public class $StrategyBuilder_a12c8735b538 implements org/apache/tapestry5/ioc/services/StrategyBuilder java/io/Serializable  {


  // access flags 0x12
  private final Lorg/apache/tapestry5/ioc/ObjectCreator; creator

  // access flags 0x12
  private final Lorg/apache/tapestry5/ioc/internal/ServiceProxyToken; token

  // access flags 0x1
  public build(Lorg/apache/tapestry5/ioc/util/StrategyRegistry;)Ljava/lang/Object;
    ALOAD 0
    INVOKESPECIAL $StrategyBuilder_a12c8735b538.delegate ()Lorg/apache/tapestry5/ioc/services/StrategyBuilder;
    ALOAD 1
    INVOKEINTERFACE org/apache/tapestry5/ioc/services/StrategyBuilder.build (Lorg/apache/tapestry5/ioc/util/StrategyRegistry;)Ljava/lang/Object;
    ARETURN
    MAXSTACK = 0
    MAXLOCALS = 0

  // access flags 0x1
  public build(Ljava/lang/Class;Ljava/util/Map;)Ljava/lang/Object;
    ALOAD 0
    INVOKESPECIAL $StrategyBuilder_a12c8735b538.delegate ()Lorg/apache/tapestry5/ioc/services/StrategyBuilder;
    ALOAD 1
    ALOAD 2
    INVOKEINTERFACE org/apache/tapestry5/ioc/services/StrategyBuilder.build (Ljava/lang/Class;Ljava/util/Map;)Ljava/lang/Object;
    ARETURN
    MAXSTACK = 0
    MAXLOCALS = 0

  // access flags 0x1010
  final reject_field_change_creator(Lorg/apache/tapestry5/ioc/ObjectCreator;)V
    NEW java/lang/IllegalStateException
    DUP
    LDC "Field creator of class $StrategyBuilder_a12c8735b538 is read-only."
    INVOKESPECIAL java/lang/IllegalStateException.<init> (Ljava/lang/String;)V
    ATHROW
    MAXSTACK = 0
    MAXLOCALS = 0

  // access flags 0x1010
  final reject_field_change_token(Lorg/apache/tapestry5/ioc/internal/ServiceProxyToken;)V
    NEW java/lang/IllegalStateException
    DUP
    LDC "Field token of class $StrategyBuilder_a12c8735b538 is read-only."
    INVOKESPECIAL java/lang/IllegalStateException.<init> (Ljava/lang/String;)V
    ATHROW
    MAXSTACK = 0
    MAXLOCALS = 0

  // access flags 0x2
  private delegate()Lorg/apache/tapestry5/ioc/services/StrategyBuilder;
    ALOAD 0
    GETFIELD $StrategyBuilder_a12c8735b538.creator : Lorg/apache/tapestry5/ioc/ObjectCreator;
    INVOKEINTERFACE org/apache/tapestry5/ioc/ObjectCreator.createObject ()Ljava/lang/Object;
    CHECKCAST org/apache/tapestry5/ioc/services/StrategyBuilder
    ARETURN
    MAXSTACK = 0
    MAXLOCALS = 0

  // access flags 0x2
  private writeReplace()Ljava/lang/Object; throws java/io/ObjectStreamException 
    ALOAD 0
    GETFIELD $StrategyBuilder_a12c8735b538.token : Lorg/apache/tapestry5/ioc/internal/ServiceProxyToken;
    ARETURN
    MAXSTACK = 0
    MAXLOCALS = 0

  // access flags 0x1
  public toString()Ljava/lang/String;
    LDC "<Proxy for StrategyBuilder(org.apache.tapestry5.ioc.services.StrategyBuilder)>"
    ARETURN
    MAXSTACK = 0
    MAXLOCALS = 0

  // access flags 0x1
  public <init>(Lorg/apache/tapestry5/internal/plastic/StaticContext;Lorg/apache/tapestry5/plastic/InstanceContext;)V
    ALOAD 0
    INVOKESPECIAL java/lang/Object.<init> ()V
    ALOAD 0
    ALOAD 1
    ICONST_0
    INVOKEVIRTUAL org/apache/tapestry5/internal/plastic/StaticContext.get (I)Ljava/lang/Object;
    CHECKCAST org/apache/tapestry5/ioc/ObjectCreator
    PUTFIELD $StrategyBuilder_a12c8735b538.creator : Lorg/apache/tapestry5/ioc/ObjectCreator;
    ALOAD 0
    ALOAD 1
    ICONST_1
    INVOKEVIRTUAL org/apache/tapestry5/internal/plastic/StaticContext.get (I)Ljava/lang/Object;
    CHECKCAST org/apache/tapestry5/ioc/internal/ServiceProxyToken
    PUTFIELD $StrategyBuilder_a12c8735b538.token : Lorg/apache/tapestry5/ioc/internal/ServiceProxyToken;
    RETURN
    MAXSTACK = 0
    MAXLOCALS = 0
}

18:46:52.788 [Test worker] DEBUG org.apache.tapestry5.ioc.Registry - [  6] <-- Creating proxy for service StrategyBuilder [3.64 ms]
18:46:52.788 [Test worker] DEBUG org.apache.tapestry5.ioc.Registry - [  5] <-- Resolving object of type org.apache.tapestry5.ioc.services.StrategyBuilder using MasterObjectProvider [4.12 ms]
18:46:52.788 [Test worker] DEBUG org.apache.tapestry5.ioc.Registry - [  4] <-- Determining injection value for parameter #1 (org.apache.tapestry5.ioc.services.StrategyBuilder) [4.45 ms]
18:46:52.788 [Test worker] DEBUG org.apache.tapestry5.ioc.Registry - [  4] --> Determining injection value for parameter #2 (java.util.Map)
18:46:52.788 [Test worker] DEBUG org.apache.tapestry5.ioc.Registry - [  5] --> Collecting mapped configuration for service EntityFieldValueExtractor
18:46:52.789 [Test worker] DEBUG o.p.t.m.D.EntityFieldValueExtractor - Invoking org.pac.test.modules.DBTestModule.contributeFieldValueExtractorStrategies(MappedConfiguration, EntityFieldValueEncoder) (at DBTestModule.java:42)
18:46:52.789 [Test worker] DEBUG org.apache.tapestry5.ioc.Registry - [  6] --> Invoking org.pac.test.modules.DBTestModule.contributeFieldValueExtractorStrategies(MappedConfiguration, EntityFieldValueEncoder) (at DBTestModule.java:42)
18:46:52.789 [Test worker] DEBUG org.apache.tapestry5.ioc.Registry - [  7] --> Determining injection value for parameter #1 (org.apache.tapestry5.ioc.MappedConfiguration)
18:46:52.789 [Test worker] DEBUG org.apache.tapestry5.ioc.Registry - [  7] <-- Determining injection value for parameter #1 (org.apache.tapestry5.ioc.MappedConfiguration) [0.08 ms]
18:46:52.790 [Test worker] DEBUG org.apache.tapestry5.ioc.Registry - [  7] --> Determining injection value for parameter #2 (org.pac.bootstraplab.services.db.persist.EntityFieldValueEncoder)
18:46:52.790 [Test worker] DEBUG org.apache.tapestry5.ioc.Registry - [  8] --> Resolving object of type org.pac.bootstraplab.services.db.persist.EntityFieldValueEncoder using MasterObjectProvider
18:46:52.790 [Test worker] DEBUG org.apache.tapestry5.ioc.Registry - [  8] <-- Resolving object of type org.pac.bootstraplab.services.db.persist.EntityFieldValueEncoder using MasterObjectProvider [0.19 ms]
18:46:52.790 [Test worker] DEBUG org.apache.tapestry5.ioc.Registry - [  7] <-- Determining injection value for parameter #2 (org.pac.bootstraplab.services.db.persist.EntityFieldValueEncoder) [0.53 ms]
18:46:52.790 [Test worker] DEBUG org.apache.tapestry5.ioc.Registry - [  6] <-- Invoking org.pac.test.modules.DBTestModule.contributeFieldValueExtractorStrategies(MappedConfiguration, EntityFieldValueEncoder) (at DBTestModule.java:42) [1.19 ms]
18:46:52.790 [Test worker] DEBUG org.apache.tapestry5.ioc.Registry - [  5] <-- Collecting mapped configuration for service EntityFieldValueExtractor [2.15 ms]
18:46:52.790 [Test worker] DEBUG o.p.t.m.D.EntityFieldValueExtractor - Constructed configuration: {interface java.util.Collection=org.pac.bootstraplab.services.db.encoders.CollectionFieldValueEncoder@5cf320, class java.lang.Object=org.pac.bootstraplab.services.db.persist.DefaultFieldValueEncoder@5df381, interface org.pac.bootstraplab.models.uid.UID=org.pac.bootstraplab.services.db.encoders.UidFieldValueEncoder@1dcea8, class java.net.URI=org.pac.bootstraplab.services.db.encoders.UriFieldValueEncoder@ea8917}
18:46:52.791 [Test worker] DEBUG org.apache.tapestry5.ioc.Registry - [  4] <-- Determining injection value for parameter #2 (java.util.Map) [2.45 ms]
18:46:52.791 [Test worker] DEBUG org.apache.tapestry5.ioc.Registry - [  3] <-- Creating plan to invoke public org.pac.bootstraplab.services.db.persist.EntityFieldValueEncoder org.pac.test.modules.DBTestModule.buildEntityFieldValueExtractor(org.apache.tapestry5.ioc.services.StrategyBuilder,java.util.Map) [7.43 ms]
18:46:52.791 [Test worker] DEBUG org.apache.tapestry5.ioc.Registry - [  3] --> Constructing service implementation via org.pac.test.modules.DBTestModule.buildEntityFieldValueExtractor(StrategyBuilder, Map) (at DBTestModule.java:37)
18:46:52.791 [Test worker] DEBUG o.p.t.m.D.EntityFieldValueExtractor - Constructing service implementation via org.pac.test.modules.DBTestModule.buildEntityFieldValueExtractor(StrategyBuilder, Map) (at DBTestModule.java:37)
18:46:52.791 [Test worker] DEBUG org.apache.tapestry5.ioc.Registry - [  4] --> Realizing service StrategyBuilder
18:46:52.791 [Test worker] DEBUG org.apache.tapestry5.ioc.Registry - [  5] --> Instantiating service StrategyBuilder implementation via org.apache.tapestry5.ioc.internal.services.StrategyBuilderImpl(PlasticProxyFactory) (at StrategyBuilderImpl.java:38) via org.apache.tapestry5.ioc.modules.TapestryIOCModule.bind(ServiceBinder) (at TapestryIOCModule.java:50)
18:46:52.791 [Test worker] DEBUG org.apache.tapestry5.ioc.Registry - [  6] --> Creating plan to instantiate org.apache.tapestry5.ioc.internal.services.StrategyBuilderImpl via public org.apache.tapestry5.ioc.internal.services.StrategyBuilderImpl(org.apache.tapestry5.ioc.services.PlasticProxyFactory)
18:46:52.791 [Test worker] DEBUG org.apache.tapestry5.ioc.Registry - [  7] --> Determining injection value for parameter #1 (org.apache.tapestry5.ioc.services.PlasticProxyFactory)
18:46:52.792 [Test worker] DEBUG org.apache.tapestry5.ioc.Registry - [  7] <-- Determining injection value for parameter #1 (org.apache.tapestry5.ioc.services.PlasticProxyFactory) [0.13 ms]
18:46:52.792 [Test worker] DEBUG org.apache.tapestry5.ioc.Registry - [  6] <-- Creating plan to instantiate org.apache.tapestry5.ioc.internal.services.StrategyBuilderImpl via public org.apache.tapestry5.ioc.internal.services.StrategyBuilderImpl(org.apache.tapestry5.ioc.services.PlasticProxyFactory) [0.53 ms]
18:46:52.792 [Test worker] DEBUG org.apache.tapestry5.ioc.Registry - [  6] --> Invoking constructor org.apache.tapestry5.ioc.internal.services.StrategyBuilderImpl(PlasticProxyFactory) (at StrategyBuilderImpl.java:38) via org.apache.tapestry5.ioc.modules.TapestryIOCModule.bind(ServiceBinder) (at TapestryIOCModule.java:50) (for service 'StrategyBuilder')
18:46:52.792 [Test worker] DEBUG o.a.t.i.m.T.StrategyBuilder - Invoking constructor org.apache.tapestry5.ioc.internal.services.StrategyBuilderImpl(PlasticProxyFactory) (at StrategyBuilderImpl.java:38) via org.apache.tapestry5.ioc.modules.TapestryIOCModule.bind(ServiceBinder) (at TapestryIOCModule.java:50) (for service 'StrategyBuilder')
18:46:52.792 [Test worker] DEBUG org.apache.tapestry5.ioc.Registry - [  6] <-- Invoking constructor org.apache.tapestry5.ioc.internal.services.StrategyBuilderImpl(PlasticProxyFactory) (at StrategyBuilderImpl.java:38) via org.apache.tapestry5.ioc.modules.TapestryIOCModule.bind(ServiceBinder) (at TapestryIOCModule.java:50) (for service 'StrategyBuilder') [0.13 ms]
18:46:52.792 [Test worker] DEBUG org.apache.tapestry5.ioc.Registry - [  5] <-- Instantiating service StrategyBuilder implementation via org.apache.tapestry5.ioc.internal.services.StrategyBuilderImpl(PlasticProxyFactory) (at StrategyBuilderImpl.java:38) via org.apache.tapestry5.ioc.modules.TapestryIOCModule.bind(ServiceBinder) (at TapestryIOCModule.java:50) [1.07 ms]
18:46:52.792 [Test worker] DEBUG org.apache.tapestry5.ioc.Registry - [  4] <-- Realizing service StrategyBuilder [1.36 ms]
18:46:52.793 [Test worker] DEBUG o.a.t.i.m.T.PlasticProxyFactory - Loading class $EntityFieldValueEncoder_a12c8735b539:
// class version 49.0 (49)
// access flags 0x1
public class $EntityFieldValueEncoder_a12c8735b539 implements org/pac/bootstraplab/services/db/persist/EntityFieldValueEncoder  {


  // access flags 0x12
  private final Lorg/apache/tapestry5/ioc/util/StrategyRegistry; registry

  // access flags 0x1
  public encode(Ljava/lang/Object;)Ljava/lang/Object;
    ALOAD 0
    GETFIELD $EntityFieldValueEncoder_a12c8735b539.registry : Lorg/apache/tapestry5/ioc/util/StrategyRegistry;
    ALOAD 1
    INVOKEVIRTUAL org/apache/tapestry5/ioc/util/StrategyRegistry.getByInstance (Ljava/lang/Object;)Ljava/lang/Object;
    CHECKCAST org/pac/bootstraplab/services/db/persist/EntityFieldValueEncoder
    ALOAD 1
    INVOKEINTERFACE org/pac/bootstraplab/services/db/persist/EntityFieldValueEncoder.encode (Ljava/lang/Object;)Ljava/lang/Object;
    ARETURN
    MAXSTACK = 0
    MAXLOCALS = 0

  // access flags 0x1010
  final reject_field_change_registry(Lorg/apache/tapestry5/ioc/util/StrategyRegistry;)V
    NEW java/lang/IllegalStateException
    DUP
    LDC "Field registry of class $EntityFieldValueEncoder_a12c8735b539 is read-only."
    INVOKESPECIAL java/lang/IllegalStateException.<init> (Ljava/lang/String;)V
    ATHROW
    MAXSTACK = 0
    MAXLOCALS = 0

  // access flags 0x1
  public toString()Ljava/lang/String;
    LDC "<Strategy for org.pac.bootstraplab.services.db.persist.EntityFieldValueEncoder>"
    ARETURN
    MAXSTACK = 0
    MAXLOCALS = 0

  // access flags 0x1
  public <init>(Lorg/apache/tapestry5/internal/plastic/StaticContext;Lorg/apache/tapestry5/plastic/InstanceContext;)V
    ALOAD 0
    INVOKESPECIAL java/lang/Object.<init> ()V
    ALOAD 0
    ALOAD 1
    ICONST_0
    INVOKEVIRTUAL org/apache/tapestry5/internal/plastic/StaticContext.get (I)Ljava/lang/Object;
    CHECKCAST org/apache/tapestry5/ioc/util/StrategyRegistry
    PUTFIELD $EntityFieldValueEncoder_a12c8735b539.registry : Lorg/apache/tapestry5/ioc/util/StrategyRegistry;
    RETURN
    MAXSTACK = 0
    MAXLOCALS = 0
}

18:46:52.794 [Test worker] DEBUG org.apache.tapestry5.ioc.Registry - [  3] <-- Constructing service implementation via org.pac.test.modules.DBTestModule.buildEntityFieldValueExtractor(StrategyBuilder, Map) (at DBTestModule.java:37) [3.15 ms]
18:46:52.794 [Test worker] DEBUG org.apache.tapestry5.ioc.Registry - [  2] <-- Instantiating service EntityFieldValueExtractor implementation via org.pac.test.modules.DBTestModule.buildEntityFieldValueExtractor(StrategyBuilder, Map) (at DBTestModule.java:37) [10.97 ms]
18:46:52.794 [Test worker] DEBUG org.apache.tapestry5.ioc.Registry - [  1] <-- Realizing service EntityFieldValueExtractor [11.27 ms]
18:46:52.796 [Test worker] DEBUG org.apache.tapestry5.ioc.Registry - [  1] --> Resolving object of type org.pac.bootstraplab.services.db.fetch.EntityGenerator using MasterObjectProvider
18:46:52.796 [Test worker] DEBUG org.apache.tapestry5.ioc.Registry - [  1] <-- Resolving object of type org.pac.bootstraplab.services.db.fetch.EntityGenerator using MasterObjectProvider [0.26 ms]
18:46:52.796 [Test worker] DEBUG org.apache.tapestry5.ioc.Registry - [  1] --> Resolving object of type org.pac.bootstraplab.services.db.persist.DBObjectGenerator using MasterObjectProvider
18:46:52.796 [Test worker] DEBUG org.apache.tapestry5.ioc.Registry - [  1] <-- Resolving object of type org.pac.bootstraplab.services.db.persist.DBObjectGenerator using MasterObjectProvider [0.18 ms]
18:46:52.797 [Test worker] DEBUG org.apache.tapestry5.ioc.Registry - [  1] --> Resolving object of type org.pac.bootstraplab.services.db.fetch.EntityGenerator using MasterObjectProvider
18:46:52.797 [Test worker] DEBUG org.apache.tapestry5.ioc.Registry - [  1] <-- Resolving object of type org.pac.bootstraplab.services.db.fetch.EntityGenerator using MasterObjectProvider [0.24 ms]
18:46:52.798 [Test worker] DEBUG org.apache.tapestry5.ioc.Registry - [  1] --> Resolving object of type org.pac.bootstraplab.services.db.persist.DBObjectGenerator using MasterObjectProvider
18:46:52.798 [Test worker] DEBUG org.apache.tapestry5.ioc.Registry - [  1] <-- Resolving object of type org.pac.bootstraplab.services.db.persist.DBObjectGenerator using MasterObjectProvider [0.21 ms]
[browsers:[CHROME, FIREFOX]]
CollectionTestEntity [browsers=[CHROME, FIREFOX]]
18:46:52.803 [Test worker] DEBUG org.apache.tapestry5.ioc.Registry - [  1] --> Resolving object of type org.pac.bootstraplab.services.db.fetch.EntityGenerator using MasterObjectProvider
18:46:52.803 [Test worker] DEBUG org.apache.tapestry5.ioc.Registry - [  1] <-- Resolving object of type org.pac.bootstraplab.services.db.fetch.EntityGenerator using MasterObjectProvider [0.26 ms]
18:46:52.803 [Test worker] DEBUG org.apache.tapestry5.ioc.Registry - [  1] --> Resolving object of type org.pac.bootstraplab.services.db.persist.DBObjectGenerator using MasterObjectProvider
18:46:52.803 [Test worker] DEBUG org.apache.tapestry5.ioc.Registry - [  1] <-- Resolving object of type org.pac.bootstraplab.services.db.persist.DBObjectGenerator using MasterObjectProvider [0.18 ms]
URITestEntity [uri=http://bla.bla.com]
18:46:52.806 [Test worker] DEBUG org.apache.tapestry5.ioc.Registry - [  1] --> Resolving object of type org.pac.bootstraplab.services.db.fetch.EntityGenerator using MasterObjectProvider
18:46:52.807 [Test worker] DEBUG org.apache.tapestry5.ioc.Registry - [  1] <-- Resolving object of type org.pac.bootstraplab.services.db.fetch.EntityGenerator using MasterObjectProvider [0.26 ms]
18:46:52.807 [Test worker] DEBUG org.apache.tapestry5.ioc.Registry - [  1] --> Resolving object of type org.pac.bootstraplab.services.db.persist.DBObjectGenerator using MasterObjectProvider
18:46:52.807 [Test worker] DEBUG org.apache.tapestry5.ioc.Registry - [  1] <-- Resolving object of type org.pac.bootstraplab.services.db.persist.DBObjectGenerator using MasterObjectProvider [0.21 ms]
TestEntityWithGoIntoField [uid=test-identifier, goIntoField=null]
]]></system-out>
  <system-err><![CDATA[]]></system-err>
</testsuite>
