<?xml version="1.1" encoding="UTF-8"?>
<testsuite name="org.pac.bootraplab.services.db.integration.DatabaseReadWriteIntegrationTest" tests="1" failures="0" errors="0" timestamp="1970-01-01T00:00:00" hostname="iznenad" time="1.386784013236E9">
  <properties/>
  <testcase name="read write" classname="org.pac.bootraplab.services.db.integration.DatabaseReadWriteIntegrationTest" time="0.245"/>
  <system-out><![CDATA[18:46:52.944 [Test worker] INFO  o.a.tapestry5.ioc.RegistryBuilder - Adding module definition for class org.apache.tapestry5.ioc.modules.TapestryIOCModule
18:46:52.946 [Test worker] INFO  o.a.tapestry5.ioc.RegistryBuilder - Adding module definition for class org.spockframework.tapestry.ExtensionModule
18:46:52.946 [Test worker] INFO  o.a.tapestry5.ioc.RegistryBuilder - Adding module definition for class org.pac.bootstraplab.services.db.DBModule
18:46:52.950 [Test worker] DEBUG org.apache.tapestry5.ioc.Registry - [  1] --> Eager loading services
18:46:52.951 [Test worker] DEBUG org.apache.tapestry5.ioc.Registry - [  1] <-- Eager loading services [0.23 ms]
18:46:52.951 [Test worker] DEBUG org.apache.tapestry5.ioc.Registry - [  1] --> Eager loading services
18:46:52.951 [Test worker] DEBUG org.apache.tapestry5.ioc.Registry - [  1] <-- Eager loading services [0.13 ms]
18:46:52.962 [Test worker] DEBUG org.apache.tapestry5.ioc.Registry - [  1] --> Eager loading services
18:46:52.962 [Test worker] DEBUG org.apache.tapestry5.ioc.Registry - [  1] <-- Eager loading services [10.90 ms]
18:46:52.962 [Test worker] DEBUG o.a.t.i.m.T.RegistryStartup - Creating proxy for service RegistryStartup
18:46:52.962 [Test worker] DEBUG org.apache.tapestry5.ioc.Registry - [  1] --> Creating proxy for service RegistryStartup
18:46:52.965 [Test worker] DEBUG org.apache.tapestry5.ioc.Registry - [  2] --> Obtaining AspectDecorator service
18:46:52.965 [Test worker] DEBUG o.a.t.i.m.T.AspectDecorator - Creating proxy for service AspectDecorator
18:46:52.965 [Test worker] DEBUG org.apache.tapestry5.ioc.Registry - [  3] --> Creating proxy for service AspectDecorator
18:46:52.968 [Test worker] DEBUG o.a.t.i.m.T.PlasticProxyFactory - Loading class $AspectDecorator_a12c8735b53a:
// class version 49.0 (49)
// access flags 0x1
public class $AspectDecorator_a12c8735b53a implements org/apache/tapestry5/ioc/services/AspectDecorator java/io/Serializable  {


  // access flags 0x12
  private final Lorg/apache/tapestry5/ioc/ObjectCreator; creator

  // access flags 0x12
  private final Lorg/apache/tapestry5/ioc/internal/ServiceProxyToken; token

  // access flags 0x1
  public createBuilder(Ljava/lang/Class;Ljava/lang/Object;Ljava/lang/String;)Lorg/apache/tapestry5/ioc/services/AspectInterceptorBuilder;
    ALOAD 0
    INVOKESPECIAL $AspectDecorator_a12c8735b53a.delegate ()Lorg/apache/tapestry5/ioc/services/AspectDecorator;
    ALOAD 1
    ALOAD 2
    ALOAD 3
    INVOKEINTERFACE org/apache/tapestry5/ioc/services/AspectDecorator.createBuilder (Ljava/lang/Class;Ljava/lang/Object;Ljava/lang/String;)Lorg/apache/tapestry5/ioc/services/AspectInterceptorBuilder;
    ARETURN
    MAXSTACK = 0
    MAXLOCALS = 0

  // access flags 0x1
  public createBuilder(Ljava/lang/Class;Ljava/lang/Object;Lorg/apache/tapestry5/ioc/AnnotationAccess;Ljava/lang/String;)Lorg/apache/tapestry5/ioc/services/AspectInterceptorBuilder;
    ALOAD 0
    INVOKESPECIAL $AspectDecorator_a12c8735b53a.delegate ()Lorg/apache/tapestry5/ioc/services/AspectDecorator;
    ALOAD 1
    ALOAD 2
    ALOAD 3
    ALOAD 4
    INVOKEINTERFACE org/apache/tapestry5/ioc/services/AspectDecorator.createBuilder (Ljava/lang/Class;Ljava/lang/Object;Lorg/apache/tapestry5/ioc/AnnotationAccess;Ljava/lang/String;)Lorg/apache/tapestry5/ioc/services/AspectInterceptorBuilder;
    ARETURN
    MAXSTACK = 0
    MAXLOCALS = 0

  // access flags 0x1010
  final reject_field_change_creator(Lorg/apache/tapestry5/ioc/ObjectCreator;)V
    NEW java/lang/IllegalStateException
    DUP
    LDC "Field creator of class $AspectDecorator_a12c8735b53a is read-only."
    INVOKESPECIAL java/lang/IllegalStateException.<init> (Ljava/lang/String;)V
    ATHROW
    MAXSTACK = 0
    MAXLOCALS = 0

  // access flags 0x1010
  final reject_field_change_token(Lorg/apache/tapestry5/ioc/internal/ServiceProxyToken;)V
    NEW java/lang/IllegalStateException
    DUP
    LDC "Field token of class $AspectDecorator_a12c8735b53a is read-only."
    INVOKESPECIAL java/lang/IllegalStateException.<init> (Ljava/lang/String;)V
    ATHROW
    MAXSTACK = 0
    MAXLOCALS = 0

  // access flags 0x2
  private delegate()Lorg/apache/tapestry5/ioc/services/AspectDecorator;
    ALOAD 0
    GETFIELD $AspectDecorator_a12c8735b53a.creator : Lorg/apache/tapestry5/ioc/ObjectCreator;
    INVOKEINTERFACE org/apache/tapestry5/ioc/ObjectCreator.createObject ()Ljava/lang/Object;
    CHECKCAST org/apache/tapestry5/ioc/services/AspectDecorator
    ARETURN
    MAXSTACK = 0
    MAXLOCALS = 0

  // access flags 0x2
  private writeReplace()Ljava/lang/Object; throws java/io/ObjectStreamException 
    ALOAD 0
    GETFIELD $AspectDecorator_a12c8735b53a.token : Lorg/apache/tapestry5/ioc/internal/ServiceProxyToken;
    ARETURN
    MAXSTACK = 0
    MAXLOCALS = 0

  // access flags 0x1
  public toString()Ljava/lang/String;
    LDC "<Proxy for AspectDecorator(org.apache.tapestry5.ioc.services.AspectDecorator)>"
    ARETURN
    MAXSTACK = 0
    MAXLOCALS = 0

  // access flags 0x1
  public <init>(Lorg/apache/tapestry5/internal/plastic/StaticContext;Lorg/apache/tapestry5/plastic/InstanceContext;)V
    ALOAD 0
    INVOKESPECIAL java/lang/Object.<init> ()V
    ALOAD 0
    ALOAD 1
    ICONST_0
    INVOKEVIRTUAL org/apache/tapestry5/internal/plastic/StaticContext.get (I)Ljava/lang/Object;
    CHECKCAST org/apache/tapestry5/ioc/ObjectCreator
    PUTFIELD $AspectDecorator_a12c8735b53a.creator : Lorg/apache/tapestry5/ioc/ObjectCreator;
    ALOAD 0
    ALOAD 1
    ICONST_1
    INVOKEVIRTUAL org/apache/tapestry5/internal/plastic/StaticContext.get (I)Ljava/lang/Object;
    CHECKCAST org/apache/tapestry5/ioc/internal/ServiceProxyToken
    PUTFIELD $AspectDecorator_a12c8735b53a.token : Lorg/apache/tapestry5/ioc/internal/ServiceProxyToken;
    RETURN
    MAXSTACK = 0
    MAXLOCALS = 0
}

18:46:52.970 [Test worker] DEBUG org.apache.tapestry5.ioc.Registry - [  3] <-- Creating proxy for service AspectDecorator [4.30 ms]
18:46:52.970 [Test worker] DEBUG org.apache.tapestry5.ioc.Registry - [  2] <-- Obtaining AspectDecorator service [5.03 ms]
18:46:52.985 [Test worker] DEBUG o.a.t.i.m.T.PlasticProxyFactory - Loading class $Runnable_a12c8735b53b:
// class version 49.0 (49)
// access flags 0x1
public class $Runnable_a12c8735b53b implements java/lang/Runnable java/io/Serializable  {


  // access flags 0x12
  private final Lorg/apache/tapestry5/ioc/ObjectCreator; creator

  // access flags 0x12
  private final Lorg/apache/tapestry5/ioc/internal/ServiceProxyToken; token

  // access flags 0x1
  public run()V
    ALOAD 0
    INVOKESPECIAL $Runnable_a12c8735b53b.delegate ()Ljava/lang/Runnable;
    INVOKEINTERFACE java/lang/Runnable.run ()V
    RETURN
    MAXSTACK = 0
    MAXLOCALS = 0

  // access flags 0x1010
  final reject_field_change_creator(Lorg/apache/tapestry5/ioc/ObjectCreator;)V
    NEW java/lang/IllegalStateException
    DUP
    LDC "Field creator of class $Runnable_a12c8735b53b is read-only."
    INVOKESPECIAL java/lang/IllegalStateException.<init> (Ljava/lang/String;)V
    ATHROW
    MAXSTACK = 0
    MAXLOCALS = 0

  // access flags 0x1010
  final reject_field_change_token(Lorg/apache/tapestry5/ioc/internal/ServiceProxyToken;)V
    NEW java/lang/IllegalStateException
    DUP
    LDC "Field token of class $Runnable_a12c8735b53b is read-only."
    INVOKESPECIAL java/lang/IllegalStateException.<init> (Ljava/lang/String;)V
    ATHROW
    MAXSTACK = 0
    MAXLOCALS = 0

  // access flags 0x2
  private delegate()Ljava/lang/Runnable;
    ALOAD 0
    GETFIELD $Runnable_a12c8735b53b.creator : Lorg/apache/tapestry5/ioc/ObjectCreator;
    INVOKEINTERFACE org/apache/tapestry5/ioc/ObjectCreator.createObject ()Ljava/lang/Object;
    CHECKCAST java/lang/Runnable
    ARETURN
    MAXSTACK = 0
    MAXLOCALS = 0

  // access flags 0x2
  private writeReplace()Ljava/lang/Object; throws java/io/ObjectStreamException 
    ALOAD 0
    GETFIELD $Runnable_a12c8735b53b.token : Lorg/apache/tapestry5/ioc/internal/ServiceProxyToken;
    ARETURN
    MAXSTACK = 0
    MAXLOCALS = 0

  // access flags 0x1
  public toString()Ljava/lang/String;
    LDC "<Proxy for RegistryStartup(java.lang.Runnable)>"
    ARETURN
    MAXSTACK = 0
    MAXLOCALS = 0

  // access flags 0x1
  public <init>(Lorg/apache/tapestry5/internal/plastic/StaticContext;Lorg/apache/tapestry5/plastic/InstanceContext;)V
    ALOAD 0
    INVOKESPECIAL java/lang/Object.<init> ()V
    ALOAD 0
    ALOAD 1
    ICONST_0
    INVOKEVIRTUAL org/apache/tapestry5/internal/plastic/StaticContext.get (I)Ljava/lang/Object;
    CHECKCAST org/apache/tapestry5/ioc/ObjectCreator
    PUTFIELD $Runnable_a12c8735b53b.creator : Lorg/apache/tapestry5/ioc/ObjectCreator;
    ALOAD 0
    ALOAD 1
    ICONST_1
    INVOKEVIRTUAL org/apache/tapestry5/internal/plastic/StaticContext.get (I)Ljava/lang/Object;
    CHECKCAST org/apache/tapestry5/ioc/internal/ServiceProxyToken
    PUTFIELD $Runnable_a12c8735b53b.token : Lorg/apache/tapestry5/ioc/internal/ServiceProxyToken;
    RETURN
    MAXSTACK = 0
    MAXLOCALS = 0
}

18:46:52.987 [Test worker] DEBUG org.apache.tapestry5.ioc.Registry - [  1] <-- Creating proxy for service RegistryStartup [24.37 ms]
18:46:52.989 [Test worker] DEBUG org.apache.tapestry5.ioc.Registry - [  1] --> Realizing service RegistryStartup
18:46:52.989 [Test worker] DEBUG org.apache.tapestry5.ioc.Registry - [  2] --> Instantiating service RegistryStartup implementation via org.apache.tapestry5.ioc.internal.services.RegistryStartup(Logger, List) (at RegistryStartup.java:37) via org.apache.tapestry5.ioc.modules.TapestryIOCModule.bind(ServiceBinder) (at TapestryIOCModule.java:50)
18:46:52.989 [Test worker] DEBUG org.apache.tapestry5.ioc.Registry - [  3] --> Creating plan to instantiate org.apache.tapestry5.ioc.internal.services.RegistryStartup via public org.apache.tapestry5.ioc.internal.services.RegistryStartup(org.slf4j.Logger,java.util.List)
18:46:52.989 [Test worker] DEBUG org.apache.tapestry5.ioc.Registry - [  4] --> Determining injection value for parameter #1 (org.slf4j.Logger)
18:46:52.989 [Test worker] DEBUG org.apache.tapestry5.ioc.Registry - [  4] <-- Determining injection value for parameter #1 (org.slf4j.Logger) [0.07 ms]
18:46:52.989 [Test worker] DEBUG org.apache.tapestry5.ioc.Registry - [  4] --> Determining injection value for parameter #2 (java.util.List)
18:46:52.989 [Test worker] DEBUG org.apache.tapestry5.ioc.Registry - [  5] --> Collecting ordered configuration for service RegistryStartup
18:46:52.990 [Test worker] DEBUG org.apache.tapestry5.ioc.Registry - [  5] <-- Collecting ordered configuration for service RegistryStartup [0.14 ms]
18:46:52.990 [Test worker] DEBUG o.a.t.i.m.T.RegistryStartup - Constructed configuration: []
18:46:52.990 [Test worker] DEBUG org.apache.tapestry5.ioc.Registry - [  4] <-- Determining injection value for parameter #2 (java.util.List) [0.40 ms]
18:46:52.990 [Test worker] DEBUG org.apache.tapestry5.ioc.Registry - [  3] <-- Creating plan to instantiate org.apache.tapestry5.ioc.internal.services.RegistryStartup via public org.apache.tapestry5.ioc.internal.services.RegistryStartup(org.slf4j.Logger,java.util.List) [0.92 ms]
18:46:52.990 [Test worker] DEBUG org.apache.tapestry5.ioc.Registry - [  3] --> Invoking constructor org.apache.tapestry5.ioc.internal.services.RegistryStartup(Logger, List) (at RegistryStartup.java:37) via org.apache.tapestry5.ioc.modules.TapestryIOCModule.bind(ServiceBinder) (at TapestryIOCModule.java:50) (for service 'RegistryStartup')
18:46:52.990 [Test worker] DEBUG o.a.t.i.m.T.RegistryStartup - Invoking constructor org.apache.tapestry5.ioc.internal.services.RegistryStartup(Logger, List) (at RegistryStartup.java:37) via org.apache.tapestry5.ioc.modules.TapestryIOCModule.bind(ServiceBinder) (at TapestryIOCModule.java:50) (for service 'RegistryStartup')
18:46:52.990 [Test worker] DEBUG org.apache.tapestry5.ioc.Registry - [  3] <-- Invoking constructor org.apache.tapestry5.ioc.internal.services.RegistryStartup(Logger, List) (at RegistryStartup.java:37) via org.apache.tapestry5.ioc.modules.TapestryIOCModule.bind(ServiceBinder) (at TapestryIOCModule.java:50) (for service 'RegistryStartup') [0.13 ms]
18:46:52.990 [Test worker] DEBUG org.apache.tapestry5.ioc.Registry - [  2] <-- Instantiating service RegistryStartup implementation via org.apache.tapestry5.ioc.internal.services.RegistryStartup(Logger, List) (at RegistryStartup.java:37) via org.apache.tapestry5.ioc.modules.TapestryIOCModule.bind(ServiceBinder) (at TapestryIOCModule.java:50) [1.40 ms]
18:46:52.990 [Test worker] DEBUG org.apache.tapestry5.ioc.Registry - [  1] <-- Realizing service RegistryStartup [1.76 ms]
18:46:52.991 [Test worker] DEBUG o.a.t.i.m.T.MasterObjectProvider - Creating proxy for service MasterObjectProvider
18:46:52.991 [Test worker] DEBUG org.apache.tapestry5.ioc.Registry - [  1] --> Creating proxy for service MasterObjectProvider
18:46:52.993 [Test worker] DEBUG o.a.t.i.m.T.PlasticProxyFactory - Loading class $MasterObjectProvider_a12c8735b53c:
// class version 49.0 (49)
// access flags 0x1
public class $MasterObjectProvider_a12c8735b53c implements org/apache/tapestry5/ioc/services/MasterObjectProvider java/io/Serializable  {


  // access flags 0x12
  private final Lorg/apache/tapestry5/ioc/ObjectCreator; creator

  // access flags 0x12
  private final Lorg/apache/tapestry5/ioc/internal/ServiceProxyToken; token

  // access flags 0x1
  public provide(Ljava/lang/Class;Lorg/apache/tapestry5/ioc/AnnotationProvider;Lorg/apache/tapestry5/ioc/ObjectLocator;Z)Ljava/lang/Object;
    ALOAD 0
    INVOKESPECIAL $MasterObjectProvider_a12c8735b53c.delegate ()Lorg/apache/tapestry5/ioc/services/MasterObjectProvider;
    ALOAD 1
    ALOAD 2
    ALOAD 3
    ILOAD 4
    INVOKEINTERFACE org/apache/tapestry5/ioc/services/MasterObjectProvider.provide (Ljava/lang/Class;Lorg/apache/tapestry5/ioc/AnnotationProvider;Lorg/apache/tapestry5/ioc/ObjectLocator;Z)Ljava/lang/Object;
    ARETURN
    MAXSTACK = 0
    MAXLOCALS = 0

  // access flags 0x1010
  final reject_field_change_creator(Lorg/apache/tapestry5/ioc/ObjectCreator;)V
    NEW java/lang/IllegalStateException
    DUP
    LDC "Field creator of class $MasterObjectProvider_a12c8735b53c is read-only."
    INVOKESPECIAL java/lang/IllegalStateException.<init> (Ljava/lang/String;)V
    ATHROW
    MAXSTACK = 0
    MAXLOCALS = 0

  // access flags 0x1010
  final reject_field_change_token(Lorg/apache/tapestry5/ioc/internal/ServiceProxyToken;)V
    NEW java/lang/IllegalStateException
    DUP
    LDC "Field token of class $MasterObjectProvider_a12c8735b53c is read-only."
    INVOKESPECIAL java/lang/IllegalStateException.<init> (Ljava/lang/String;)V
    ATHROW
    MAXSTACK = 0
    MAXLOCALS = 0

  // access flags 0x2
  private delegate()Lorg/apache/tapestry5/ioc/services/MasterObjectProvider;
    ALOAD 0
    GETFIELD $MasterObjectProvider_a12c8735b53c.creator : Lorg/apache/tapestry5/ioc/ObjectCreator;
    INVOKEINTERFACE org/apache/tapestry5/ioc/ObjectCreator.createObject ()Ljava/lang/Object;
    CHECKCAST org/apache/tapestry5/ioc/services/MasterObjectProvider
    ARETURN
    MAXSTACK = 0
    MAXLOCALS = 0

  // access flags 0x2
  private writeReplace()Ljava/lang/Object; throws java/io/ObjectStreamException 
    ALOAD 0
    GETFIELD $MasterObjectProvider_a12c8735b53c.token : Lorg/apache/tapestry5/ioc/internal/ServiceProxyToken;
    ARETURN
    MAXSTACK = 0
    MAXLOCALS = 0

  // access flags 0x1
  public toString()Ljava/lang/String;
    LDC "<Proxy for MasterObjectProvider(org.apache.tapestry5.ioc.services.MasterObjectProvider)>"
    ARETURN
    MAXSTACK = 0
    MAXLOCALS = 0

  // access flags 0x1
  public <init>(Lorg/apache/tapestry5/internal/plastic/StaticContext;Lorg/apache/tapestry5/plastic/InstanceContext;)V
    ALOAD 0
    INVOKESPECIAL java/lang/Object.<init> ()V
    ALOAD 0
    ALOAD 1
    ICONST_0
    INVOKEVIRTUAL org/apache/tapestry5/internal/plastic/StaticContext.get (I)Ljava/lang/Object;
    CHECKCAST org/apache/tapestry5/ioc/ObjectCreator
    PUTFIELD $MasterObjectProvider_a12c8735b53c.creator : Lorg/apache/tapestry5/ioc/ObjectCreator;
    ALOAD 0
    ALOAD 1
    ICONST_1
    INVOKEVIRTUAL org/apache/tapestry5/internal/plastic/StaticContext.get (I)Ljava/lang/Object;
    CHECKCAST org/apache/tapestry5/ioc/internal/ServiceProxyToken
    PUTFIELD $MasterObjectProvider_a12c8735b53c.token : Lorg/apache/tapestry5/ioc/internal/ServiceProxyToken;
    RETURN
    MAXSTACK = 0
    MAXLOCALS = 0
}

18:46:52.998 [Test worker] DEBUG org.apache.tapestry5.ioc.Registry - [  1] <-- Creating proxy for service MasterObjectProvider [6.52 ms]
18:46:52.998 [Test worker] DEBUG org.apache.tapestry5.ioc.Registry - [  1] --> Realizing service MasterObjectProvider
18:46:52.998 [Test worker] DEBUG org.apache.tapestry5.ioc.Registry - [  2] --> Instantiating service MasterObjectProvider implementation via org.apache.tapestry5.ioc.internal.services.MasterObjectProviderImpl(List, OperationTracker) (at MasterObjectProviderImpl.java:33) via org.apache.tapestry5.ioc.modules.TapestryIOCModule.bind(ServiceBinder) (at TapestryIOCModule.java:50)
18:46:52.998 [Test worker] DEBUG org.apache.tapestry5.ioc.Registry - [  3] --> Creating plan to instantiate org.apache.tapestry5.ioc.internal.services.MasterObjectProviderImpl via public org.apache.tapestry5.ioc.internal.services.MasterObjectProviderImpl(java.util.List,org.apache.tapestry5.ioc.OperationTracker)
18:46:52.998 [Test worker] DEBUG org.apache.tapestry5.ioc.Registry - [  4] --> Determining injection value for parameter #1 (java.util.List)
18:46:52.998 [Test worker] DEBUG org.apache.tapestry5.ioc.Registry - [  5] --> Collecting ordered configuration for service MasterObjectProvider
18:46:53.000 [Test worker] DEBUG o.a.t.i.m.T.MasterObjectProvider - Invoking org.apache.tapestry5.ioc.modules.TapestryIOCModule.setupObjectProviders(OrderedConfiguration, ServiceOverride) (at TapestryIOCModule.java:134)
18:46:53.000 [Test worker] DEBUG org.apache.tapestry5.ioc.Registry - [  6] --> Invoking org.apache.tapestry5.ioc.modules.TapestryIOCModule.setupObjectProviders(OrderedConfiguration, ServiceOverride) (at TapestryIOCModule.java:134)
18:46:53.000 [Test worker] DEBUG org.apache.tapestry5.ioc.Registry - [  7] --> Determining injection value for parameter #1 (org.apache.tapestry5.ioc.OrderedConfiguration)
18:46:53.000 [Test worker] DEBUG org.apache.tapestry5.ioc.Registry - [  7] <-- Determining injection value for parameter #1 (org.apache.tapestry5.ioc.OrderedConfiguration) [0.07 ms]
18:46:53.000 [Test worker] DEBUG org.apache.tapestry5.ioc.Registry - [  7] --> Determining injection value for parameter #2 (org.apache.tapestry5.ioc.services.ServiceOverride)
18:46:53.001 [Test worker] DEBUG o.a.t.i.m.T.ServiceOverride - Creating proxy for service ServiceOverride
18:46:53.001 [Test worker] DEBUG org.apache.tapestry5.ioc.Registry - [  8] --> Creating proxy for service ServiceOverride
18:46:53.008 [Test worker] DEBUG o.a.t.i.m.T.PlasticProxyFactory - Loading class $ServiceOverride_a12c8735b53d:
// class version 49.0 (49)
// access flags 0x1
public class $ServiceOverride_a12c8735b53d implements org/apache/tapestry5/ioc/services/ServiceOverride java/io/Serializable  {


  // access flags 0x12
  private final Lorg/apache/tapestry5/ioc/ObjectCreator; creator

  // access flags 0x12
  private final Lorg/apache/tapestry5/ioc/internal/ServiceProxyToken; token

  // access flags 0x1
  public getServiceOverrideProvider()Lorg/apache/tapestry5/ioc/ObjectProvider;
    ALOAD 0
    INVOKESPECIAL $ServiceOverride_a12c8735b53d.delegate ()Lorg/apache/tapestry5/ioc/services/ServiceOverride;
    INVOKEINTERFACE org/apache/tapestry5/ioc/services/ServiceOverride.getServiceOverrideProvider ()Lorg/apache/tapestry5/ioc/ObjectProvider;
    ARETURN
    MAXSTACK = 0
    MAXLOCALS = 0

  // access flags 0x1010
  final reject_field_change_creator(Lorg/apache/tapestry5/ioc/ObjectCreator;)V
    NEW java/lang/IllegalStateException
    DUP
    LDC "Field creator of class $ServiceOverride_a12c8735b53d is read-only."
    INVOKESPECIAL java/lang/IllegalStateException.<init> (Ljava/lang/String;)V
    ATHROW
    MAXSTACK = 0
    MAXLOCALS = 0

  // access flags 0x1010
  final reject_field_change_token(Lorg/apache/tapestry5/ioc/internal/ServiceProxyToken;)V
    NEW java/lang/IllegalStateException
    DUP
    LDC "Field token of class $ServiceOverride_a12c8735b53d is read-only."
    INVOKESPECIAL java/lang/IllegalStateException.<init> (Ljava/lang/String;)V
    ATHROW
    MAXSTACK = 0
    MAXLOCALS = 0

  // access flags 0x2
  private delegate()Lorg/apache/tapestry5/ioc/services/ServiceOverride;
    ALOAD 0
    GETFIELD $ServiceOverride_a12c8735b53d.creator : Lorg/apache/tapestry5/ioc/ObjectCreator;
    INVOKEINTERFACE org/apache/tapestry5/ioc/ObjectCreator.createObject ()Ljava/lang/Object;
    CHECKCAST org/apache/tapestry5/ioc/services/ServiceOverride
    ARETURN
    MAXSTACK = 0
    MAXLOCALS = 0

  // access flags 0x2
  private writeReplace()Ljava/lang/Object; throws java/io/ObjectStreamException 
    ALOAD 0
    GETFIELD $ServiceOverride_a12c8735b53d.token : Lorg/apache/tapestry5/ioc/internal/ServiceProxyToken;
    ARETURN
    MAXSTACK = 0
    MAXLOCALS = 0

  // access flags 0x1
  public toString()Ljava/lang/String;
    LDC "<Proxy for ServiceOverride(org.apache.tapestry5.ioc.services.ServiceOverride)>"
    ARETURN
    MAXSTACK = 0
    MAXLOCALS = 0

  // access flags 0x1
  public <init>(Lorg/apache/tapestry5/internal/plastic/StaticContext;Lorg/apache/tapestry5/plastic/InstanceContext;)V
    ALOAD 0
    INVOKESPECIAL java/lang/Object.<init> ()V
    ALOAD 0
    ALOAD 1
    ICONST_0
    INVOKEVIRTUAL org/apache/tapestry5/internal/plastic/StaticContext.get (I)Ljava/lang/Object;
    CHECKCAST org/apache/tapestry5/ioc/ObjectCreator
    PUTFIELD $ServiceOverride_a12c8735b53d.creator : Lorg/apache/tapestry5/ioc/ObjectCreator;
    ALOAD 0
    ALOAD 1
    ICONST_1
    INVOKEVIRTUAL org/apache/tapestry5/internal/plastic/StaticContext.get (I)Ljava/lang/Object;
    CHECKCAST org/apache/tapestry5/ioc/internal/ServiceProxyToken
    PUTFIELD $ServiceOverride_a12c8735b53d.token : Lorg/apache/tapestry5/ioc/internal/ServiceProxyToken;
    RETURN
    MAXSTACK = 0
    MAXLOCALS = 0
}

18:46:53.009 [Test worker] DEBUG org.apache.tapestry5.ioc.Registry - [  8] <-- Creating proxy for service ServiceOverride [8.23 ms]
18:46:53.009 [Test worker] DEBUG org.apache.tapestry5.ioc.Registry - [  7] <-- Determining injection value for parameter #2 (org.apache.tapestry5.ioc.services.ServiceOverride) [8.70 ms]
18:46:53.009 [Test worker] DEBUG org.apache.tapestry5.ioc.Registry - [  7] --> Autobuilding instance of class org.apache.tapestry5.ioc.internal.services.ValueObjectProvider
18:46:53.011 [Test worker] DEBUG org.apache.tapestry5.ioc.Registry - [  8] --> Creating plan to instantiate org.apache.tapestry5.ioc.internal.services.ValueObjectProvider via public org.apache.tapestry5.ioc.internal.services.ValueObjectProvider(org.apache.tapestry5.ioc.services.SymbolSource,org.apache.tapestry5.ioc.services.TypeCoercer)
18:46:53.011 [Test worker] DEBUG org.apache.tapestry5.ioc.Registry - [  9] --> Determining injection value for parameter #1 (org.apache.tapestry5.ioc.services.SymbolSource)
18:46:53.011 [Test worker] DEBUG o.a.t.i.m.T.SymbolSource - Creating proxy for service SymbolSource
18:46:53.011 [Test worker] DEBUG org.apache.tapestry5.ioc.Registry - [ 10] --> Creating proxy for service SymbolSource
18:46:53.012 [Test worker] DEBUG org.apache.tapestry5.ioc.Registry - [ 11] --> Obtaining AspectDecorator service
18:46:53.012 [Test worker] DEBUG org.apache.tapestry5.ioc.Registry - [ 11] <-- Obtaining AspectDecorator service [0.19 ms]
18:46:53.013 [Test worker] DEBUG o.a.t.i.m.T.PlasticProxyFactory - Loading class $SymbolSource_a12c8735b53e:
// class version 49.0 (49)
// access flags 0x1
public class $SymbolSource_a12c8735b53e implements org/apache/tapestry5/ioc/services/SymbolSource java/io/Serializable  {


  // access flags 0x12
  private final Lorg/apache/tapestry5/ioc/ObjectCreator; creator

  // access flags 0x12
  private final Lorg/apache/tapestry5/ioc/internal/ServiceProxyToken; token

  // access flags 0x1
  public expandSymbols(Ljava/lang/String;)Ljava/lang/String;
    ALOAD 0
    INVOKESPECIAL $SymbolSource_a12c8735b53e.delegate ()Lorg/apache/tapestry5/ioc/services/SymbolSource;
    ALOAD 1
    INVOKEINTERFACE org/apache/tapestry5/ioc/services/SymbolSource.expandSymbols (Ljava/lang/String;)Ljava/lang/String;
    ARETURN
    MAXSTACK = 0
    MAXLOCALS = 0

  // access flags 0x1
  public valueForSymbol(Ljava/lang/String;)Ljava/lang/String;
    ALOAD 0
    INVOKESPECIAL $SymbolSource_a12c8735b53e.delegate ()Lorg/apache/tapestry5/ioc/services/SymbolSource;
    ALOAD 1
    INVOKEINTERFACE org/apache/tapestry5/ioc/services/SymbolSource.valueForSymbol (Ljava/lang/String;)Ljava/lang/String;
    ARETURN
    MAXSTACK = 0
    MAXLOCALS = 0

  // access flags 0x1010
  final reject_field_change_creator(Lorg/apache/tapestry5/ioc/ObjectCreator;)V
    NEW java/lang/IllegalStateException
    DUP
    LDC "Field creator of class $SymbolSource_a12c8735b53e is read-only."
    INVOKESPECIAL java/lang/IllegalStateException.<init> (Ljava/lang/String;)V
    ATHROW
    MAXSTACK = 0
    MAXLOCALS = 0

  // access flags 0x1010
  final reject_field_change_token(Lorg/apache/tapestry5/ioc/internal/ServiceProxyToken;)V
    NEW java/lang/IllegalStateException
    DUP
    LDC "Field token of class $SymbolSource_a12c8735b53e is read-only."
    INVOKESPECIAL java/lang/IllegalStateException.<init> (Ljava/lang/String;)V
    ATHROW
    MAXSTACK = 0
    MAXLOCALS = 0

  // access flags 0x2
  private delegate()Lorg/apache/tapestry5/ioc/services/SymbolSource;
    ALOAD 0
    GETFIELD $SymbolSource_a12c8735b53e.creator : Lorg/apache/tapestry5/ioc/ObjectCreator;
    INVOKEINTERFACE org/apache/tapestry5/ioc/ObjectCreator.createObject ()Ljava/lang/Object;
    CHECKCAST org/apache/tapestry5/ioc/services/SymbolSource
    ARETURN
    MAXSTACK = 0
    MAXLOCALS = 0

  // access flags 0x2
  private writeReplace()Ljava/lang/Object; throws java/io/ObjectStreamException 
    ALOAD 0
    GETFIELD $SymbolSource_a12c8735b53e.token : Lorg/apache/tapestry5/ioc/internal/ServiceProxyToken;
    ARETURN
    MAXSTACK = 0
    MAXLOCALS = 0

  // access flags 0x1
  public toString()Ljava/lang/String;
    LDC "<Proxy for SymbolSource(org.apache.tapestry5.ioc.services.SymbolSource)>"
    ARETURN
    MAXSTACK = 0
    MAXLOCALS = 0

  // access flags 0x1
  public <init>(Lorg/apache/tapestry5/internal/plastic/StaticContext;Lorg/apache/tapestry5/plastic/InstanceContext;)V
    ALOAD 0
    INVOKESPECIAL java/lang/Object.<init> ()V
    ALOAD 0
    ALOAD 1
    ICONST_0
    INVOKEVIRTUAL org/apache/tapestry5/internal/plastic/StaticContext.get (I)Ljava/lang/Object;
    CHECKCAST org/apache/tapestry5/ioc/ObjectCreator
    PUTFIELD $SymbolSource_a12c8735b53e.creator : Lorg/apache/tapestry5/ioc/ObjectCreator;
    ALOAD 0
    ALOAD 1
    ICONST_1
    INVOKEVIRTUAL org/apache/tapestry5/internal/plastic/StaticContext.get (I)Ljava/lang/Object;
    CHECKCAST org/apache/tapestry5/ioc/internal/ServiceProxyToken
    PUTFIELD $SymbolSource_a12c8735b53e.token : Lorg/apache/tapestry5/ioc/internal/ServiceProxyToken;
    RETURN
    MAXSTACK = 0
    MAXLOCALS = 0
}

18:46:53.015 [Test worker] DEBUG org.apache.tapestry5.ioc.Registry - [ 10] <-- Creating proxy for service SymbolSource [3.20 ms]
18:46:53.015 [Test worker] DEBUG org.apache.tapestry5.ioc.Registry - [  9] <-- Determining injection value for parameter #1 (org.apache.tapestry5.ioc.services.SymbolSource) [3.63 ms]
18:46:53.015 [Test worker] DEBUG org.apache.tapestry5.ioc.Registry - [  9] --> Determining injection value for parameter #2 (org.apache.tapestry5.ioc.services.TypeCoercer)
18:46:53.015 [Test worker] DEBUG o.a.t.i.m.T.TypeCoercer - Creating proxy for service TypeCoercer
18:46:53.015 [Test worker] DEBUG org.apache.tapestry5.ioc.Registry - [ 10] --> Creating proxy for service TypeCoercer
18:46:53.017 [Test worker] DEBUG org.apache.tapestry5.ioc.Registry - [ 11] --> Obtaining AspectDecorator service
18:46:53.017 [Test worker] DEBUG org.apache.tapestry5.ioc.Registry - [ 11] <-- Obtaining AspectDecorator service [0.21 ms]
18:46:53.018 [Test worker] DEBUG o.a.t.i.m.T.PlasticProxyFactory - Loading class $TypeCoercer_a12c8735b53f:
// class version 49.0 (49)
// access flags 0x1
public class $TypeCoercer_a12c8735b53f implements org/apache/tapestry5/ioc/services/TypeCoercer java/io/Serializable  {


  // access flags 0x12
  private final Lorg/apache/tapestry5/ioc/ObjectCreator; creator

  // access flags 0x12
  private final Lorg/apache/tapestry5/ioc/internal/ServiceProxyToken; token

  // access flags 0x1
  public coerce(Ljava/lang/Object;Ljava/lang/Class;)Ljava/lang/Object;
    ALOAD 0
    INVOKESPECIAL $TypeCoercer_a12c8735b53f.delegate ()Lorg/apache/tapestry5/ioc/services/TypeCoercer;
    ALOAD 1
    ALOAD 2
    INVOKEINTERFACE org/apache/tapestry5/ioc/services/TypeCoercer.coerce (Ljava/lang/Object;Ljava/lang/Class;)Ljava/lang/Object;
    ARETURN
    MAXSTACK = 0
    MAXLOCALS = 0

  // access flags 0x1
  public explain(Ljava/lang/Class;Ljava/lang/Class;)Ljava/lang/String;
    ALOAD 0
    INVOKESPECIAL $TypeCoercer_a12c8735b53f.delegate ()Lorg/apache/tapestry5/ioc/services/TypeCoercer;
    ALOAD 1
    ALOAD 2
    INVOKEINTERFACE org/apache/tapestry5/ioc/services/TypeCoercer.explain (Ljava/lang/Class;Ljava/lang/Class;)Ljava/lang/String;
    ARETURN
    MAXSTACK = 0
    MAXLOCALS = 0

  // access flags 0x1
  public getCoercion(Ljava/lang/Class;Ljava/lang/Class;)Lorg/apache/tapestry5/ioc/services/Coercion;
    ALOAD 0
    INVOKESPECIAL $TypeCoercer_a12c8735b53f.delegate ()Lorg/apache/tapestry5/ioc/services/TypeCoercer;
    ALOAD 1
    ALOAD 2
    INVOKEINTERFACE org/apache/tapestry5/ioc/services/TypeCoercer.getCoercion (Ljava/lang/Class;Ljava/lang/Class;)Lorg/apache/tapestry5/ioc/services/Coercion;
    ARETURN
    MAXSTACK = 0
    MAXLOCALS = 0

  // access flags 0x1
  public clearCache()V
    ALOAD 0
    INVOKESPECIAL $TypeCoercer_a12c8735b53f.delegate ()Lorg/apache/tapestry5/ioc/services/TypeCoercer;
    INVOKEINTERFACE org/apache/tapestry5/ioc/services/TypeCoercer.clearCache ()V
    RETURN
    MAXSTACK = 0
    MAXLOCALS = 0

  // access flags 0x1010
  final reject_field_change_creator(Lorg/apache/tapestry5/ioc/ObjectCreator;)V
    NEW java/lang/IllegalStateException
    DUP
    LDC "Field creator of class $TypeCoercer_a12c8735b53f is read-only."
    INVOKESPECIAL java/lang/IllegalStateException.<init> (Ljava/lang/String;)V
    ATHROW
    MAXSTACK = 0
    MAXLOCALS = 0

  // access flags 0x1010
  final reject_field_change_token(Lorg/apache/tapestry5/ioc/internal/ServiceProxyToken;)V
    NEW java/lang/IllegalStateException
    DUP
    LDC "Field token of class $TypeCoercer_a12c8735b53f is read-only."
    INVOKESPECIAL java/lang/IllegalStateException.<init> (Ljava/lang/String;)V
    ATHROW
    MAXSTACK = 0
    MAXLOCALS = 0

  // access flags 0x2
  private delegate()Lorg/apache/tapestry5/ioc/services/TypeCoercer;
    ALOAD 0
    GETFIELD $TypeCoercer_a12c8735b53f.creator : Lorg/apache/tapestry5/ioc/ObjectCreator;
    INVOKEINTERFACE org/apache/tapestry5/ioc/ObjectCreator.createObject ()Ljava/lang/Object;
    CHECKCAST org/apache/tapestry5/ioc/services/TypeCoercer
    ARETURN
    MAXSTACK = 0
    MAXLOCALS = 0

  // access flags 0x2
  private writeReplace()Ljava/lang/Object; throws java/io/ObjectStreamException 
    ALOAD 0
    GETFIELD $TypeCoercer_a12c8735b53f.token : Lorg/apache/tapestry5/ioc/internal/ServiceProxyToken;
    ARETURN
    MAXSTACK = 0
    MAXLOCALS = 0

  // access flags 0x1
  public toString()Ljava/lang/String;
    LDC "<Proxy for TypeCoercer(org.apache.tapestry5.ioc.services.TypeCoercer)>"
    ARETURN
    MAXSTACK = 0
    MAXLOCALS = 0

  // access flags 0x1
  public <init>(Lorg/apache/tapestry5/internal/plastic/StaticContext;Lorg/apache/tapestry5/plastic/InstanceContext;)V
    ALOAD 0
    INVOKESPECIAL java/lang/Object.<init> ()V
    ALOAD 0
    ALOAD 1
    ICONST_0
    INVOKEVIRTUAL org/apache/tapestry5/internal/plastic/StaticContext.get (I)Ljava/lang/Object;
    CHECKCAST org/apache/tapestry5/ioc/ObjectCreator
    PUTFIELD $TypeCoercer_a12c8735b53f.creator : Lorg/apache/tapestry5/ioc/ObjectCreator;
    ALOAD 0
    ALOAD 1
    ICONST_1
    INVOKEVIRTUAL org/apache/tapestry5/internal/plastic/StaticContext.get (I)Ljava/lang/Object;
    CHECKCAST org/apache/tapestry5/ioc/internal/ServiceProxyToken
    PUTFIELD $TypeCoercer_a12c8735b53f.token : Lorg/apache/tapestry5/ioc/internal/ServiceProxyToken;
    RETURN
    MAXSTACK = 0
    MAXLOCALS = 0
}

18:46:53.020 [Test worker] DEBUG org.apache.tapestry5.ioc.Registry - [ 10] <-- Creating proxy for service TypeCoercer [4.68 ms]
18:46:53.021 [Test worker] DEBUG org.apache.tapestry5.ioc.Registry - [  9] <-- Determining injection value for parameter #2 (org.apache.tapestry5.ioc.services.TypeCoercer) [5.14 ms]
18:46:53.021 [Test worker] DEBUG org.apache.tapestry5.ioc.Registry - [  8] <-- Creating plan to instantiate org.apache.tapestry5.ioc.internal.services.ValueObjectProvider via public org.apache.tapestry5.ioc.internal.services.ValueObjectProvider(org.apache.tapestry5.ioc.services.SymbolSource,org.apache.tapestry5.ioc.services.TypeCoercer) [10.48 ms]
18:46:53.021 [Test worker] DEBUG org.apache.tapestry5.ioc.Registry - [  8] --> Invoking constructor org.apache.tapestry5.ioc.internal.services.ValueObjectProvider(SymbolSource, TypeCoercer) (at ValueObjectProvider.java:40) (for service 'MasterObjectProvider')
18:46:53.021 [Test worker] DEBUG o.a.t.i.m.T.MasterObjectProvider - Invoking constructor org.apache.tapestry5.ioc.internal.services.ValueObjectProvider(SymbolSource, TypeCoercer) (at ValueObjectProvider.java:40) (for service 'MasterObjectProvider')
18:46:53.021 [Test worker] DEBUG org.apache.tapestry5.ioc.Registry - [  8] <-- Invoking constructor org.apache.tapestry5.ioc.internal.services.ValueObjectProvider(SymbolSource, TypeCoercer) (at ValueObjectProvider.java:40) (for service 'MasterObjectProvider') [0.13 ms]
18:46:53.021 [Test worker] DEBUG org.apache.tapestry5.ioc.Registry - [  7] <-- Autobuilding instance of class org.apache.tapestry5.ioc.internal.services.ValueObjectProvider [11.88 ms]
18:46:53.022 [Test worker] DEBUG org.apache.tapestry5.ioc.Registry - [  7] --> Autobuilding instance of class org.apache.tapestry5.ioc.internal.services.SymbolObjectProvider
18:46:53.023 [Test worker] DEBUG org.apache.tapestry5.ioc.Registry - [  8] --> Creating plan to instantiate org.apache.tapestry5.ioc.internal.services.SymbolObjectProvider via public org.apache.tapestry5.ioc.internal.services.SymbolObjectProvider(org.apache.tapestry5.ioc.services.SymbolSource,org.apache.tapestry5.ioc.services.TypeCoercer)
18:46:53.023 [Test worker] DEBUG org.apache.tapestry5.ioc.Registry - [  9] --> Determining injection value for parameter #1 (org.apache.tapestry5.ioc.services.SymbolSource)
18:46:53.024 [Test worker] DEBUG org.apache.tapestry5.ioc.Registry - [  9] <-- Determining injection value for parameter #1 (org.apache.tapestry5.ioc.services.SymbolSource) [0.17 ms]
18:46:53.024 [Test worker] DEBUG org.apache.tapestry5.ioc.Registry - [  9] --> Determining injection value for parameter #2 (org.apache.tapestry5.ioc.services.TypeCoercer)
18:46:53.024 [Test worker] DEBUG org.apache.tapestry5.ioc.Registry - [  9] <-- Determining injection value for parameter #2 (org.apache.tapestry5.ioc.services.TypeCoercer) [0.14 ms]
18:46:53.024 [Test worker] DEBUG org.apache.tapestry5.ioc.Registry - [  8] <-- Creating plan to instantiate org.apache.tapestry5.ioc.internal.services.SymbolObjectProvider via public org.apache.tapestry5.ioc.internal.services.SymbolObjectProvider(org.apache.tapestry5.ioc.services.SymbolSource,org.apache.tapestry5.ioc.services.TypeCoercer) [0.92 ms]
18:46:53.024 [Test worker] DEBUG org.apache.tapestry5.ioc.Registry - [  8] --> Invoking constructor org.apache.tapestry5.ioc.internal.services.SymbolObjectProvider(SymbolSource, TypeCoercer) (at SymbolObjectProvider.java:38) (for service 'MasterObjectProvider')
18:46:53.024 [Test worker] DEBUG o.a.t.i.m.T.MasterObjectProvider - Invoking constructor org.apache.tapestry5.ioc.internal.services.SymbolObjectProvider(SymbolSource, TypeCoercer) (at SymbolObjectProvider.java:38) (for service 'MasterObjectProvider')
18:46:53.024 [Test worker] DEBUG org.apache.tapestry5.ioc.Registry - [  8] <-- Invoking constructor org.apache.tapestry5.ioc.internal.services.SymbolObjectProvider(SymbolSource, TypeCoercer) (at SymbolObjectProvider.java:38) (for service 'MasterObjectProvider') [0.13 ms]
18:46:53.024 [Test worker] DEBUG org.apache.tapestry5.ioc.Registry - [  7] <-- Autobuilding instance of class org.apache.tapestry5.ioc.internal.services.SymbolObjectProvider [2.79 ms]
18:46:53.025 [Test worker] DEBUG org.apache.tapestry5.ioc.Registry - [  6] <-- Invoking org.apache.tapestry5.ioc.modules.TapestryIOCModule.setupObjectProviders(OrderedConfiguration, ServiceOverride) (at TapestryIOCModule.java:134) [24.54 ms]
18:46:53.037 [Test worker] DEBUG org.apache.tapestry5.ioc.Registry - [  5] <-- Collecting ordered configuration for service MasterObjectProvider [32.03 ms]
18:46:53.038 [Test worker] DEBUG o.a.t.i.m.T.MasterObjectProvider - Constructed configuration: [org.apache.tapestry5.ioc.internal.services.ValueObjectProvider@ebdea4, org.apache.tapestry5.ioc.internal.services.SymbolObjectProvider@1660455, org.apache.tapestry5.ioc.internal.services.AutobuildObjectProvider@a6964d, org.apache.tapestry5.ioc.modules.TapestryIOCModule$2@d5b649, org.apache.tapestry5.ioc.internal.RegistryImpl$6@b293e0]
18:46:53.038 [Test worker] DEBUG org.apache.tapestry5.ioc.Registry - [  4] <-- Determining injection value for parameter #1 (java.util.List) [39.63 ms]
18:46:53.038 [Test worker] DEBUG org.apache.tapestry5.ioc.Registry - [  4] --> Determining injection value for parameter #2 (org.apache.tapestry5.ioc.OperationTracker)
18:46:53.038 [Test worker] DEBUG org.apache.tapestry5.ioc.Registry - [  4] <-- Determining injection value for parameter #2 (org.apache.tapestry5.ioc.OperationTracker) [0.07 ms]
18:46:53.038 [Test worker] DEBUG org.apache.tapestry5.ioc.Registry - [  3] <-- Creating plan to instantiate org.apache.tapestry5.ioc.internal.services.MasterObjectProviderImpl via public org.apache.tapestry5.ioc.internal.services.MasterObjectProviderImpl(java.util.List,org.apache.tapestry5.ioc.OperationTracker) [40.14 ms]
18:46:53.038 [Test worker] DEBUG org.apache.tapestry5.ioc.Registry - [  3] --> Invoking constructor org.apache.tapestry5.ioc.internal.services.MasterObjectProviderImpl(List, OperationTracker) (at MasterObjectProviderImpl.java:33) via org.apache.tapestry5.ioc.modules.TapestryIOCModule.bind(ServiceBinder) (at TapestryIOCModule.java:50) (for service 'MasterObjectProvider')
18:46:53.038 [Test worker] DEBUG o.a.t.i.m.T.MasterObjectProvider - Invoking constructor org.apache.tapestry5.ioc.internal.services.MasterObjectProviderImpl(List, OperationTracker) (at MasterObjectProviderImpl.java:33) via org.apache.tapestry5.ioc.modules.TapestryIOCModule.bind(ServiceBinder) (at TapestryIOCModule.java:50) (for service 'MasterObjectProvider')
18:46:53.038 [Test worker] DEBUG org.apache.tapestry5.ioc.Registry - [  3] <-- Invoking constructor org.apache.tapestry5.ioc.internal.services.MasterObjectProviderImpl(List, OperationTracker) (at MasterObjectProviderImpl.java:33) via org.apache.tapestry5.ioc.modules.TapestryIOCModule.bind(ServiceBinder) (at TapestryIOCModule.java:50) (for service 'MasterObjectProvider') [0.14 ms]
18:46:53.038 [Test worker] DEBUG org.apache.tapestry5.ioc.Registry - [  2] <-- Instantiating service MasterObjectProvider implementation via org.apache.tapestry5.ioc.internal.services.MasterObjectProviderImpl(List, OperationTracker) (at MasterObjectProviderImpl.java:33) via org.apache.tapestry5.ioc.modules.TapestryIOCModule.bind(ServiceBinder) (at TapestryIOCModule.java:50) [40.61 ms]
18:46:53.039 [Test worker] DEBUG org.apache.tapestry5.ioc.Registry - [  1] <-- Realizing service MasterObjectProvider [40.79 ms]
18:46:53.039 [Test worker] DEBUG org.apache.tapestry5.ioc.Registry - [  1] --> Resolving object of type org.pac.bootstraplab.services.db.MongoDBProvider using MasterObjectProvider
18:46:53.039 [Test worker] DEBUG org.apache.tapestry5.ioc.Registry - [  2] --> Realizing service ServiceOverride
18:46:53.039 [Test worker] DEBUG org.apache.tapestry5.ioc.Registry - [  3] --> Instantiating service ServiceOverride implementation via org.apache.tapestry5.ioc.internal.services.ServiceOverrideImpl(Map) (at ServiceOverrideImpl.java:31) via org.apache.tapestry5.ioc.modules.TapestryIOCModule.bind(ServiceBinder) (at TapestryIOCModule.java:50)
18:46:53.039 [Test worker] DEBUG org.apache.tapestry5.ioc.Registry - [  4] --> Creating plan to instantiate org.apache.tapestry5.ioc.internal.services.ServiceOverrideImpl via public org.apache.tapestry5.ioc.internal.services.ServiceOverrideImpl(java.util.Map)
18:46:53.039 [Test worker] DEBUG org.apache.tapestry5.ioc.Registry - [  5] --> Determining injection value for parameter #1 (java.util.Map)
18:46:53.039 [Test worker] DEBUG org.apache.tapestry5.ioc.Registry - [  6] --> Collecting mapped configuration for service ServiceOverride
18:46:53.039 [Test worker] DEBUG org.apache.tapestry5.ioc.Registry - [  6] <-- Collecting mapped configuration for service ServiceOverride [0.11 ms]
18:46:53.039 [Test worker] DEBUG o.a.t.i.m.T.ServiceOverride - Constructed configuration: {}
18:46:53.040 [Test worker] DEBUG org.apache.tapestry5.ioc.Registry - [  5] <-- Determining injection value for parameter #1 (java.util.Map) [0.34 ms]
18:46:53.040 [Test worker] DEBUG org.apache.tapestry5.ioc.Registry - [  4] <-- Creating plan to instantiate org.apache.tapestry5.ioc.internal.services.ServiceOverrideImpl via public org.apache.tapestry5.ioc.internal.services.ServiceOverrideImpl(java.util.Map) [0.65 ms]
18:46:53.040 [Test worker] DEBUG org.apache.tapestry5.ioc.Registry - [  4] --> Invoking constructor org.apache.tapestry5.ioc.internal.services.ServiceOverrideImpl(Map) (at ServiceOverrideImpl.java:31) via org.apache.tapestry5.ioc.modules.TapestryIOCModule.bind(ServiceBinder) (at TapestryIOCModule.java:50) (for service 'ServiceOverride')
18:46:53.040 [Test worker] DEBUG o.a.t.i.m.T.ServiceOverride - Invoking constructor org.apache.tapestry5.ioc.internal.services.ServiceOverrideImpl(Map) (at ServiceOverrideImpl.java:31) via org.apache.tapestry5.ioc.modules.TapestryIOCModule.bind(ServiceBinder) (at TapestryIOCModule.java:50) (for service 'ServiceOverride')
18:46:53.040 [Test worker] DEBUG org.apache.tapestry5.ioc.Registry - [  4] <-- Invoking constructor org.apache.tapestry5.ioc.internal.services.ServiceOverrideImpl(Map) (at ServiceOverrideImpl.java:31) via org.apache.tapestry5.ioc.modules.TapestryIOCModule.bind(ServiceBinder) (at TapestryIOCModule.java:50) (for service 'ServiceOverride') [0.12 ms]
18:46:53.040 [Test worker] DEBUG org.apache.tapestry5.ioc.Registry - [  3] <-- Instantiating service ServiceOverride implementation via org.apache.tapestry5.ioc.internal.services.ServiceOverrideImpl(Map) (at ServiceOverrideImpl.java:31) via org.apache.tapestry5.ioc.modules.TapestryIOCModule.bind(ServiceBinder) (at TapestryIOCModule.java:50) [1.10 ms]
18:46:53.040 [Test worker] DEBUG org.apache.tapestry5.ioc.Registry - [  2] <-- Realizing service ServiceOverride [1.27 ms]
18:46:53.040 [Test worker] DEBUG o.p.b.s.db.DBModule.MongoDBProvider - Creating proxy for service MongoDBProvider
18:46:53.040 [Test worker] DEBUG org.apache.tapestry5.ioc.Registry - [  2] --> Creating proxy for service MongoDBProvider
18:46:53.042 [Test worker] DEBUG org.apache.tapestry5.ioc.Registry - [  3] --> Obtaining AspectDecorator service
18:46:53.042 [Test worker] DEBUG org.apache.tapestry5.ioc.Registry - [  3] <-- Obtaining AspectDecorator service [0.20 ms]
18:46:53.043 [Test worker] DEBUG o.a.t.i.m.T.PlasticProxyFactory - Loading class $MongoDBProvider_a12c8735b540:
// class version 49.0 (49)
// access flags 0x1
public class $MongoDBProvider_a12c8735b540 implements org/pac/bootstraplab/services/db/MongoDBProvider java/io/Serializable  {


  // access flags 0x12
  private final Lorg/apache/tapestry5/ioc/ObjectCreator; creator

  // access flags 0x12
  private final Lorg/apache/tapestry5/ioc/internal/ServiceProxyToken; token

  // access flags 0x1
  public provideDB()Lcom/mongodb/DB;
    ALOAD 0
    INVOKESPECIAL $MongoDBProvider_a12c8735b540.delegate ()Lorg/pac/bootstraplab/services/db/MongoDBProvider;
    INVOKEINTERFACE org/pac/bootstraplab/services/db/MongoDBProvider.provideDB ()Lcom/mongodb/DB;
    ARETURN
    MAXSTACK = 0
    MAXLOCALS = 0

  // access flags 0x1010
  final reject_field_change_creator(Lorg/apache/tapestry5/ioc/ObjectCreator;)V
    NEW java/lang/IllegalStateException
    DUP
    LDC "Field creator of class $MongoDBProvider_a12c8735b540 is read-only."
    INVOKESPECIAL java/lang/IllegalStateException.<init> (Ljava/lang/String;)V
    ATHROW
    MAXSTACK = 0
    MAXLOCALS = 0

  // access flags 0x1010
  final reject_field_change_token(Lorg/apache/tapestry5/ioc/internal/ServiceProxyToken;)V
    NEW java/lang/IllegalStateException
    DUP
    LDC "Field token of class $MongoDBProvider_a12c8735b540 is read-only."
    INVOKESPECIAL java/lang/IllegalStateException.<init> (Ljava/lang/String;)V
    ATHROW
    MAXSTACK = 0
    MAXLOCALS = 0

  // access flags 0x2
  private delegate()Lorg/pac/bootstraplab/services/db/MongoDBProvider;
    ALOAD 0
    GETFIELD $MongoDBProvider_a12c8735b540.creator : Lorg/apache/tapestry5/ioc/ObjectCreator;
    INVOKEINTERFACE org/apache/tapestry5/ioc/ObjectCreator.createObject ()Ljava/lang/Object;
    CHECKCAST org/pac/bootstraplab/services/db/MongoDBProvider
    ARETURN
    MAXSTACK = 0
    MAXLOCALS = 0

  // access flags 0x2
  private writeReplace()Ljava/lang/Object; throws java/io/ObjectStreamException 
    ALOAD 0
    GETFIELD $MongoDBProvider_a12c8735b540.token : Lorg/apache/tapestry5/ioc/internal/ServiceProxyToken;
    ARETURN
    MAXSTACK = 0
    MAXLOCALS = 0

  // access flags 0x1
  public toString()Ljava/lang/String;
    LDC "<Proxy for MongoDBProvider(org.pac.bootstraplab.services.db.MongoDBProvider)>"
    ARETURN
    MAXSTACK = 0
    MAXLOCALS = 0

  // access flags 0x1
  public <init>(Lorg/apache/tapestry5/internal/plastic/StaticContext;Lorg/apache/tapestry5/plastic/InstanceContext;)V
    ALOAD 0
    INVOKESPECIAL java/lang/Object.<init> ()V
    ALOAD 0
    ALOAD 1
    ICONST_0
    INVOKEVIRTUAL org/apache/tapestry5/internal/plastic/StaticContext.get (I)Ljava/lang/Object;
    CHECKCAST org/apache/tapestry5/ioc/ObjectCreator
    PUTFIELD $MongoDBProvider_a12c8735b540.creator : Lorg/apache/tapestry5/ioc/ObjectCreator;
    ALOAD 0
    ALOAD 1
    ICONST_1
    INVOKEVIRTUAL org/apache/tapestry5/internal/plastic/StaticContext.get (I)Ljava/lang/Object;
    CHECKCAST org/apache/tapestry5/ioc/internal/ServiceProxyToken
    PUTFIELD $MongoDBProvider_a12c8735b540.token : Lorg/apache/tapestry5/ioc/internal/ServiceProxyToken;
    RETURN
    MAXSTACK = 0
    MAXLOCALS = 0
}

18:46:53.044 [Test worker] DEBUG org.apache.tapestry5.ioc.Registry - [  2] <-- Creating proxy for service MongoDBProvider [3.53 ms]
18:46:53.044 [Test worker] DEBUG org.apache.tapestry5.ioc.Registry - [  1] <-- Resolving object of type org.pac.bootstraplab.services.db.MongoDBProvider using MasterObjectProvider [5.41 ms]
18:46:53.044 [Test worker] DEBUG org.apache.tapestry5.ioc.Registry - [  1] --> Resolving object of type org.pac.bootstraplab.services.db.persist.EntityPersistor using MasterObjectProvider
18:46:53.045 [Test worker] DEBUG o.p.b.s.db.DBModule.EntityPersistor - Creating proxy for service EntityPersistor
18:46:53.045 [Test worker] DEBUG org.apache.tapestry5.ioc.Registry - [  2] --> Creating proxy for service EntityPersistor
18:46:53.045 [Test worker] DEBUG org.apache.tapestry5.ioc.Registry - [  3] --> Obtaining AspectDecorator service
18:46:53.045 [Test worker] DEBUG org.apache.tapestry5.ioc.Registry - [  3] <-- Obtaining AspectDecorator service [0.17 ms]
18:46:53.046 [Test worker] DEBUG o.a.t.i.m.T.PlasticProxyFactory - Loading class $EntityPersistor_a12c8735b541:
// class version 49.0 (49)
// access flags 0x1
public class $EntityPersistor_a12c8735b541 implements org/pac/bootstraplab/services/db/persist/EntityPersistor java/io/Serializable  {


  // access flags 0x12
  private final Lorg/apache/tapestry5/ioc/ObjectCreator; creator

  // access flags 0x12
  private final Lorg/apache/tapestry5/ioc/internal/ServiceProxyToken; token

  // access flags 0x1
  public persistEntity(Lorg/pac/bootstraplab/models/AbstractEntity;)V
    ALOAD 0
    INVOKESPECIAL $EntityPersistor_a12c8735b541.delegate ()Lorg/pac/bootstraplab/services/db/persist/EntityPersistor;
    ALOAD 1
    INVOKEINTERFACE org/pac/bootstraplab/services/db/persist/EntityPersistor.persistEntity (Lorg/pac/bootstraplab/models/AbstractEntity;)V
    RETURN
    MAXSTACK = 0
    MAXLOCALS = 0

  // access flags 0x1010
  final reject_field_change_creator(Lorg/apache/tapestry5/ioc/ObjectCreator;)V
    NEW java/lang/IllegalStateException
    DUP
    LDC "Field creator of class $EntityPersistor_a12c8735b541 is read-only."
    INVOKESPECIAL java/lang/IllegalStateException.<init> (Ljava/lang/String;)V
    ATHROW
    MAXSTACK = 0
    MAXLOCALS = 0

  // access flags 0x1010
  final reject_field_change_token(Lorg/apache/tapestry5/ioc/internal/ServiceProxyToken;)V
    NEW java/lang/IllegalStateException
    DUP
    LDC "Field token of class $EntityPersistor_a12c8735b541 is read-only."
    INVOKESPECIAL java/lang/IllegalStateException.<init> (Ljava/lang/String;)V
    ATHROW
    MAXSTACK = 0
    MAXLOCALS = 0

  // access flags 0x2
  private delegate()Lorg/pac/bootstraplab/services/db/persist/EntityPersistor;
    ALOAD 0
    GETFIELD $EntityPersistor_a12c8735b541.creator : Lorg/apache/tapestry5/ioc/ObjectCreator;
    INVOKEINTERFACE org/apache/tapestry5/ioc/ObjectCreator.createObject ()Ljava/lang/Object;
    CHECKCAST org/pac/bootstraplab/services/db/persist/EntityPersistor
    ARETURN
    MAXSTACK = 0
    MAXLOCALS = 0

  // access flags 0x2
  private writeReplace()Ljava/lang/Object; throws java/io/ObjectStreamException 
    ALOAD 0
    GETFIELD $EntityPersistor_a12c8735b541.token : Lorg/apache/tapestry5/ioc/internal/ServiceProxyToken;
    ARETURN
    MAXSTACK = 0
    MAXLOCALS = 0

  // access flags 0x1
  public toString()Ljava/lang/String;
    LDC "<Proxy for EntityPersistor(org.pac.bootstraplab.services.db.persist.EntityPersistor)>"
    ARETURN
    MAXSTACK = 0
    MAXLOCALS = 0

  // access flags 0x1
  public <init>(Lorg/apache/tapestry5/internal/plastic/StaticContext;Lorg/apache/tapestry5/plastic/InstanceContext;)V
    ALOAD 0
    INVOKESPECIAL java/lang/Object.<init> ()V
    ALOAD 0
    ALOAD 1
    ICONST_0
    INVOKEVIRTUAL org/apache/tapestry5/internal/plastic/StaticContext.get (I)Ljava/lang/Object;
    CHECKCAST org/apache/tapestry5/ioc/ObjectCreator
    PUTFIELD $EntityPersistor_a12c8735b541.creator : Lorg/apache/tapestry5/ioc/ObjectCreator;
    ALOAD 0
    ALOAD 1
    ICONST_1
    INVOKEVIRTUAL org/apache/tapestry5/internal/plastic/StaticContext.get (I)Ljava/lang/Object;
    CHECKCAST org/apache/tapestry5/ioc/internal/ServiceProxyToken
    PUTFIELD $EntityPersistor_a12c8735b541.token : Lorg/apache/tapestry5/ioc/internal/ServiceProxyToken;
    RETURN
    MAXSTACK = 0
    MAXLOCALS = 0
}

18:46:53.048 [Test worker] DEBUG org.apache.tapestry5.ioc.Registry - [  2] <-- Creating proxy for service EntityPersistor [2.93 ms]
18:46:53.048 [Test worker] DEBUG org.apache.tapestry5.ioc.Registry - [  1] <-- Resolving object of type org.pac.bootstraplab.services.db.persist.EntityPersistor using MasterObjectProvider [3.40 ms]
18:46:53.048 [Test worker] DEBUG org.apache.tapestry5.ioc.Registry - [  1] --> Resolving object of type org.pac.bootstraplab.services.db.fetch.EntityFetcher using MasterObjectProvider
18:46:53.050 [Test worker] DEBUG o.p.b.s.db.DBModule.EntityFetcher - Creating proxy for service EntityFetcher
18:46:53.050 [Test worker] DEBUG org.apache.tapestry5.ioc.Registry - [  2] --> Creating proxy for service EntityFetcher
18:46:53.051 [Test worker] DEBUG org.apache.tapestry5.ioc.Registry - [  3] --> Obtaining AspectDecorator service
18:46:53.051 [Test worker] DEBUG org.apache.tapestry5.ioc.Registry - [  3] <-- Obtaining AspectDecorator service [0.19 ms]
18:46:53.052 [Test worker] DEBUG o.a.t.i.m.T.PlasticProxyFactory - Loading class $EntityFetcher_a12c8735b542:
// class version 49.0 (49)
// access flags 0x1
public class $EntityFetcher_a12c8735b542 implements org/pac/bootstraplab/services/db/fetch/EntityFetcher java/io/Serializable  {


  // access flags 0x12
  private final Lorg/apache/tapestry5/ioc/ObjectCreator; creator

  // access flags 0x12
  private final Lorg/apache/tapestry5/ioc/internal/ServiceProxyToken; token

  // access flags 0x1
  public fetch(Ljava/lang/Class;Lorg/pac/bootstraplab/services/db/criteria/FetchCriteria;)Ljava/util/List;
    ALOAD 0
    INVOKESPECIAL $EntityFetcher_a12c8735b542.delegate ()Lorg/pac/bootstraplab/services/db/fetch/EntityFetcher;
    ALOAD 1
    ALOAD 2
    INVOKEINTERFACE org/pac/bootstraplab/services/db/fetch/EntityFetcher.fetch (Ljava/lang/Class;Lorg/pac/bootstraplab/services/db/criteria/FetchCriteria;)Ljava/util/List;
    ARETURN
    MAXSTACK = 0
    MAXLOCALS = 0

  // access flags 0x1
  public fetch(Ljava/lang/Class;Lcom/mongodb/DBObject;)Ljava/util/List;
    ALOAD 0
    INVOKESPECIAL $EntityFetcher_a12c8735b542.delegate ()Lorg/pac/bootstraplab/services/db/fetch/EntityFetcher;
    ALOAD 1
    ALOAD 2
    INVOKEINTERFACE org/pac/bootstraplab/services/db/fetch/EntityFetcher.fetch (Ljava/lang/Class;Lcom/mongodb/DBObject;)Ljava/util/List;
    ARETURN
    MAXSTACK = 0
    MAXLOCALS = 0

  // access flags 0x1010
  final reject_field_change_creator(Lorg/apache/tapestry5/ioc/ObjectCreator;)V
    NEW java/lang/IllegalStateException
    DUP
    LDC "Field creator of class $EntityFetcher_a12c8735b542 is read-only."
    INVOKESPECIAL java/lang/IllegalStateException.<init> (Ljava/lang/String;)V
    ATHROW
    MAXSTACK = 0
    MAXLOCALS = 0

  // access flags 0x1010
  final reject_field_change_token(Lorg/apache/tapestry5/ioc/internal/ServiceProxyToken;)V
    NEW java/lang/IllegalStateException
    DUP
    LDC "Field token of class $EntityFetcher_a12c8735b542 is read-only."
    INVOKESPECIAL java/lang/IllegalStateException.<init> (Ljava/lang/String;)V
    ATHROW
    MAXSTACK = 0
    MAXLOCALS = 0

  // access flags 0x2
  private delegate()Lorg/pac/bootstraplab/services/db/fetch/EntityFetcher;
    ALOAD 0
    GETFIELD $EntityFetcher_a12c8735b542.creator : Lorg/apache/tapestry5/ioc/ObjectCreator;
    INVOKEINTERFACE org/apache/tapestry5/ioc/ObjectCreator.createObject ()Ljava/lang/Object;
    CHECKCAST org/pac/bootstraplab/services/db/fetch/EntityFetcher
    ARETURN
    MAXSTACK = 0
    MAXLOCALS = 0

  // access flags 0x2
  private writeReplace()Ljava/lang/Object; throws java/io/ObjectStreamException 
    ALOAD 0
    GETFIELD $EntityFetcher_a12c8735b542.token : Lorg/apache/tapestry5/ioc/internal/ServiceProxyToken;
    ARETURN
    MAXSTACK = 0
    MAXLOCALS = 0

  // access flags 0x1
  public toString()Ljava/lang/String;
    LDC "<Proxy for EntityFetcher(org.pac.bootstraplab.services.db.fetch.EntityFetcher)>"
    ARETURN
    MAXSTACK = 0
    MAXLOCALS = 0

  // access flags 0x1
  public <init>(Lorg/apache/tapestry5/internal/plastic/StaticContext;Lorg/apache/tapestry5/plastic/InstanceContext;)V
    ALOAD 0
    INVOKESPECIAL java/lang/Object.<init> ()V
    ALOAD 0
    ALOAD 1
    ICONST_0
    INVOKEVIRTUAL org/apache/tapestry5/internal/plastic/StaticContext.get (I)Ljava/lang/Object;
    CHECKCAST org/apache/tapestry5/ioc/ObjectCreator
    PUTFIELD $EntityFetcher_a12c8735b542.creator : Lorg/apache/tapestry5/ioc/ObjectCreator;
    ALOAD 0
    ALOAD 1
    ICONST_1
    INVOKEVIRTUAL org/apache/tapestry5/internal/plastic/StaticContext.get (I)Ljava/lang/Object;
    CHECKCAST org/apache/tapestry5/ioc/internal/ServiceProxyToken
    PUTFIELD $EntityFetcher_a12c8735b542.token : Lorg/apache/tapestry5/ioc/internal/ServiceProxyToken;
    RETURN
    MAXSTACK = 0
    MAXLOCALS = 0
}

18:46:53.053 [Test worker] DEBUG org.apache.tapestry5.ioc.Registry - [  2] <-- Creating proxy for service EntityFetcher [3.57 ms]
18:46:53.054 [Test worker] DEBUG org.apache.tapestry5.ioc.Registry - [  1] <-- Resolving object of type org.pac.bootstraplab.services.db.fetch.EntityFetcher using MasterObjectProvider [5.67 ms]
18:46:53.069 [Test worker] DEBUG org.apache.tapestry5.ioc.Registry - [  1] --> Realizing service MongoDBProvider
18:46:53.069 [Test worker] DEBUG org.apache.tapestry5.ioc.Registry - [  2] --> Instantiating service MongoDBProvider implementation via org.pac.bootstraplab.services.db.MongoDBProviderImpl(String, int, String) (at MongoDBProviderImpl.java:14) via org.pac.bootstraplab.services.db.DBModule.bind(ServiceBinder) (at DBModule.java:40)
18:46:53.069 [Test worker] DEBUG org.apache.tapestry5.ioc.Registry - [  3] --> Creating plan to instantiate org.pac.bootstraplab.services.db.MongoDBProviderImpl via public org.pac.bootstraplab.services.db.MongoDBProviderImpl(java.lang.String,int,java.lang.String)
18:46:53.070 [Test worker] DEBUG org.apache.tapestry5.ioc.Registry - [  4] --> Determining injection value for parameter #1 (java.lang.String)
18:46:53.071 [Test worker] DEBUG org.apache.tapestry5.ioc.Registry - [  5] --> Resolving object of type java.lang.String using MasterObjectProvider
18:46:53.071 [Test worker] DEBUG org.apache.tapestry5.ioc.Registry - [  6] --> Realizing service SymbolSource
18:46:53.071 [Test worker] DEBUG org.apache.tapestry5.ioc.Registry - [  7] --> Instantiating service SymbolSource implementation via org.apache.tapestry5.ioc.internal.services.SymbolSourceImpl(List) (at SymbolSourceImpl.java:198) via org.apache.tapestry5.ioc.modules.TapestryIOCModule.bind(ServiceBinder) (at TapestryIOCModule.java:50)
18:46:53.071 [Test worker] DEBUG org.apache.tapestry5.ioc.Registry - [  8] --> Creating plan to instantiate org.apache.tapestry5.ioc.internal.services.SymbolSourceImpl via public org.apache.tapestry5.ioc.internal.services.SymbolSourceImpl(java.util.List)
18:46:53.071 [Test worker] DEBUG org.apache.tapestry5.ioc.Registry - [  9] --> Determining injection value for parameter #1 (java.util.List)
18:46:53.071 [Test worker] DEBUG org.apache.tapestry5.ioc.Registry - [ 10] --> Collecting ordered configuration for service SymbolSource
18:46:53.073 [Test worker] DEBUG o.a.t.i.m.T.SymbolSource - Invoking org.apache.tapestry5.ioc.modules.TapestryIOCModule.setupStandardSymbolProviders(OrderedConfiguration, SymbolProvider, SymbolProvider) (at TapestryIOCModule.java:475)
18:46:53.073 [Test worker] DEBUG org.apache.tapestry5.ioc.Registry - [ 11] --> Invoking org.apache.tapestry5.ioc.modules.TapestryIOCModule.setupStandardSymbolProviders(OrderedConfiguration, SymbolProvider, SymbolProvider) (at TapestryIOCModule.java:475)
18:46:53.073 [Test worker] DEBUG org.apache.tapestry5.ioc.Registry - [ 12] --> Determining injection value for parameter #1 (org.apache.tapestry5.ioc.OrderedConfiguration)
18:46:53.073 [Test worker] DEBUG org.apache.tapestry5.ioc.Registry - [ 12] <-- Determining injection value for parameter #1 (org.apache.tapestry5.ioc.OrderedConfiguration) [0.08 ms]
18:46:53.073 [Test worker] DEBUG org.apache.tapestry5.ioc.Registry - [ 12] --> Determining injection value for parameter #2 (org.apache.tapestry5.ioc.services.SymbolProvider)
18:46:53.074 [Test worker] DEBUG o.a.t.i.m.T.ApplicationDefaults - Creating proxy for service ApplicationDefaults
18:46:53.074 [Test worker] DEBUG org.apache.tapestry5.ioc.Registry - [ 13] --> Creating proxy for service ApplicationDefaults
18:46:53.075 [Test worker] DEBUG org.apache.tapestry5.ioc.Registry - [ 14] --> Obtaining AspectDecorator service
18:46:53.075 [Test worker] DEBUG org.apache.tapestry5.ioc.Registry - [ 14] <-- Obtaining AspectDecorator service [0.18 ms]
18:46:53.076 [Test worker] DEBUG o.a.t.i.m.T.PlasticProxyFactory - Loading class $SymbolProvider_a12c8735b543:
// class version 49.0 (49)
// access flags 0x1
public class $SymbolProvider_a12c8735b543 implements org/apache/tapestry5/ioc/services/SymbolProvider java/io/Serializable  {


  // access flags 0x12
  private final Lorg/apache/tapestry5/ioc/ObjectCreator; creator

  // access flags 0x12
  private final Lorg/apache/tapestry5/ioc/internal/ServiceProxyToken; token

  // access flags 0x1
  public valueForSymbol(Ljava/lang/String;)Ljava/lang/String;
    ALOAD 0
    INVOKESPECIAL $SymbolProvider_a12c8735b543.delegate ()Lorg/apache/tapestry5/ioc/services/SymbolProvider;
    ALOAD 1
    INVOKEINTERFACE org/apache/tapestry5/ioc/services/SymbolProvider.valueForSymbol (Ljava/lang/String;)Ljava/lang/String;
    ARETURN
    MAXSTACK = 0
    MAXLOCALS = 0

  // access flags 0x1010
  final reject_field_change_creator(Lorg/apache/tapestry5/ioc/ObjectCreator;)V
    NEW java/lang/IllegalStateException
    DUP
    LDC "Field creator of class $SymbolProvider_a12c8735b543 is read-only."
    INVOKESPECIAL java/lang/IllegalStateException.<init> (Ljava/lang/String;)V
    ATHROW
    MAXSTACK = 0
    MAXLOCALS = 0

  // access flags 0x1010
  final reject_field_change_token(Lorg/apache/tapestry5/ioc/internal/ServiceProxyToken;)V
    NEW java/lang/IllegalStateException
    DUP
    LDC "Field token of class $SymbolProvider_a12c8735b543 is read-only."
    INVOKESPECIAL java/lang/IllegalStateException.<init> (Ljava/lang/String;)V
    ATHROW
    MAXSTACK = 0
    MAXLOCALS = 0

  // access flags 0x2
  private delegate()Lorg/apache/tapestry5/ioc/services/SymbolProvider;
    ALOAD 0
    GETFIELD $SymbolProvider_a12c8735b543.creator : Lorg/apache/tapestry5/ioc/ObjectCreator;
    INVOKEINTERFACE org/apache/tapestry5/ioc/ObjectCreator.createObject ()Ljava/lang/Object;
    CHECKCAST org/apache/tapestry5/ioc/services/SymbolProvider
    ARETURN
    MAXSTACK = 0
    MAXLOCALS = 0

  // access flags 0x2
  private writeReplace()Ljava/lang/Object; throws java/io/ObjectStreamException 
    ALOAD 0
    GETFIELD $SymbolProvider_a12c8735b543.token : Lorg/apache/tapestry5/ioc/internal/ServiceProxyToken;
    ARETURN
    MAXSTACK = 0
    MAXLOCALS = 0

  // access flags 0x1
  public toString()Ljava/lang/String;
    LDC "<Proxy for ApplicationDefaults(org.apache.tapestry5.ioc.services.SymbolProvider)>"
    ARETURN
    MAXSTACK = 0
    MAXLOCALS = 0

  // access flags 0x1
  public <init>(Lorg/apache/tapestry5/internal/plastic/StaticContext;Lorg/apache/tapestry5/plastic/InstanceContext;)V
    ALOAD 0
    INVOKESPECIAL java/lang/Object.<init> ()V
    ALOAD 0
    ALOAD 1
    ICONST_0
    INVOKEVIRTUAL org/apache/tapestry5/internal/plastic/StaticContext.get (I)Ljava/lang/Object;
    CHECKCAST org/apache/tapestry5/ioc/ObjectCreator
    PUTFIELD $SymbolProvider_a12c8735b543.creator : Lorg/apache/tapestry5/ioc/ObjectCreator;
    ALOAD 0
    ALOAD 1
    ICONST_1
    INVOKEVIRTUAL org/apache/tapestry5/internal/plastic/StaticContext.get (I)Ljava/lang/Object;
    CHECKCAST org/apache/tapestry5/ioc/internal/ServiceProxyToken
    PUTFIELD $SymbolProvider_a12c8735b543.token : Lorg/apache/tapestry5/ioc/internal/ServiceProxyToken;
    RETURN
    MAXSTACK = 0
    MAXLOCALS = 0
}

18:46:53.077 [Test worker] DEBUG org.apache.tapestry5.ioc.Registry - [ 13] <-- Creating proxy for service ApplicationDefaults [3.08 ms]
18:46:53.077 [Test worker] DEBUG org.apache.tapestry5.ioc.Registry - [ 12] <-- Determining injection value for parameter #2 (org.apache.tapestry5.ioc.services.SymbolProvider) [3.94 ms]
18:46:53.078 [Test worker] DEBUG org.apache.tapestry5.ioc.Registry - [ 12] --> Determining injection value for parameter #3 (org.apache.tapestry5.ioc.services.SymbolProvider)
18:46:53.078 [Test worker] DEBUG o.a.t.i.m.T.FactoryDefaults - Creating proxy for service FactoryDefaults
18:46:53.078 [Test worker] DEBUG org.apache.tapestry5.ioc.Registry - [ 13] --> Creating proxy for service FactoryDefaults
18:46:53.078 [Test worker] DEBUG org.apache.tapestry5.ioc.Registry - [ 14] --> Obtaining AspectDecorator service
18:46:53.078 [Test worker] DEBUG org.apache.tapestry5.ioc.Registry - [ 14] <-- Obtaining AspectDecorator service [0.15 ms]
18:46:53.079 [Test worker] DEBUG o.a.t.i.m.T.PlasticProxyFactory - Loading class $SymbolProvider_a12c8735b544:
// class version 49.0 (49)
// access flags 0x1
public class $SymbolProvider_a12c8735b544 implements org/apache/tapestry5/ioc/services/SymbolProvider java/io/Serializable  {


  // access flags 0x12
  private final Lorg/apache/tapestry5/ioc/ObjectCreator; creator

  // access flags 0x12
  private final Lorg/apache/tapestry5/ioc/internal/ServiceProxyToken; token

  // access flags 0x1
  public valueForSymbol(Ljava/lang/String;)Ljava/lang/String;
    ALOAD 0
    INVOKESPECIAL $SymbolProvider_a12c8735b544.delegate ()Lorg/apache/tapestry5/ioc/services/SymbolProvider;
    ALOAD 1
    INVOKEINTERFACE org/apache/tapestry5/ioc/services/SymbolProvider.valueForSymbol (Ljava/lang/String;)Ljava/lang/String;
    ARETURN
    MAXSTACK = 0
    MAXLOCALS = 0

  // access flags 0x1010
  final reject_field_change_creator(Lorg/apache/tapestry5/ioc/ObjectCreator;)V
    NEW java/lang/IllegalStateException
    DUP
    LDC "Field creator of class $SymbolProvider_a12c8735b544 is read-only."
    INVOKESPECIAL java/lang/IllegalStateException.<init> (Ljava/lang/String;)V
    ATHROW
    MAXSTACK = 0
    MAXLOCALS = 0

  // access flags 0x1010
  final reject_field_change_token(Lorg/apache/tapestry5/ioc/internal/ServiceProxyToken;)V
    NEW java/lang/IllegalStateException
    DUP
    LDC "Field token of class $SymbolProvider_a12c8735b544 is read-only."
    INVOKESPECIAL java/lang/IllegalStateException.<init> (Ljava/lang/String;)V
    ATHROW
    MAXSTACK = 0
    MAXLOCALS = 0

  // access flags 0x2
  private delegate()Lorg/apache/tapestry5/ioc/services/SymbolProvider;
    ALOAD 0
    GETFIELD $SymbolProvider_a12c8735b544.creator : Lorg/apache/tapestry5/ioc/ObjectCreator;
    INVOKEINTERFACE org/apache/tapestry5/ioc/ObjectCreator.createObject ()Ljava/lang/Object;
    CHECKCAST org/apache/tapestry5/ioc/services/SymbolProvider
    ARETURN
    MAXSTACK = 0
    MAXLOCALS = 0

  // access flags 0x2
  private writeReplace()Ljava/lang/Object; throws java/io/ObjectStreamException 
    ALOAD 0
    GETFIELD $SymbolProvider_a12c8735b544.token : Lorg/apache/tapestry5/ioc/internal/ServiceProxyToken;
    ARETURN
    MAXSTACK = 0
    MAXLOCALS = 0

  // access flags 0x1
  public toString()Ljava/lang/String;
    LDC "<Proxy for FactoryDefaults(org.apache.tapestry5.ioc.services.SymbolProvider)>"
    ARETURN
    MAXSTACK = 0
    MAXLOCALS = 0

  // access flags 0x1
  public <init>(Lorg/apache/tapestry5/internal/plastic/StaticContext;Lorg/apache/tapestry5/plastic/InstanceContext;)V
    ALOAD 0
    INVOKESPECIAL java/lang/Object.<init> ()V
    ALOAD 0
    ALOAD 1
    ICONST_0
    INVOKEVIRTUAL org/apache/tapestry5/internal/plastic/StaticContext.get (I)Ljava/lang/Object;
    CHECKCAST org/apache/tapestry5/ioc/ObjectCreator
    PUTFIELD $SymbolProvider_a12c8735b544.creator : Lorg/apache/tapestry5/ioc/ObjectCreator;
    ALOAD 0
    ALOAD 1
    ICONST_1
    INVOKEVIRTUAL org/apache/tapestry5/internal/plastic/StaticContext.get (I)Ljava/lang/Object;
    CHECKCAST org/apache/tapestry5/ioc/internal/ServiceProxyToken
    PUTFIELD $SymbolProvider_a12c8735b544.token : Lorg/apache/tapestry5/ioc/internal/ServiceProxyToken;
    RETURN
    MAXSTACK = 0
    MAXLOCALS = 0
}

18:46:53.080 [Test worker] DEBUG org.apache.tapestry5.ioc.Registry - [ 13] <-- Creating proxy for service FactoryDefaults [2.30 ms]
18:46:53.080 [Test worker] DEBUG org.apache.tapestry5.ioc.Registry - [ 12] <-- Determining injection value for parameter #3 (org.apache.tapestry5.ioc.services.SymbolProvider) [2.75 ms]
18:46:53.082 [Test worker] DEBUG org.apache.tapestry5.ioc.Registry - [ 11] <-- Invoking org.apache.tapestry5.ioc.modules.TapestryIOCModule.setupStandardSymbolProviders(OrderedConfiguration, SymbolProvider, SymbolProvider) (at TapestryIOCModule.java:475) [8.63 ms]
18:46:53.082 [Test worker] DEBUG org.apache.tapestry5.ioc.Registry - [ 10] <-- Collecting ordered configuration for service SymbolSource [10.93 ms]
18:46:53.082 [Test worker] DEBUG o.a.t.i.m.T.SymbolSource - Constructed configuration: [org.apache.tapestry5.ioc.internal.services.SystemPropertiesSymbolProvider@1c7699a, org.apache.tapestry5.ioc.internal.services.SystemEnvSymbolProvider@e61a12, <Proxy for ApplicationDefaults(org.apache.tapestry5.ioc.services.SymbolProvider)>, <Proxy for FactoryDefaults(org.apache.tapestry5.ioc.services.SymbolProvider)>]
18:46:53.085 [Test worker] DEBUG org.apache.tapestry5.ioc.Registry - [  9] <-- Determining injection value for parameter #1 (java.util.List) [11.21 ms]
18:46:53.085 [Test worker] DEBUG org.apache.tapestry5.ioc.Registry - [  8] <-- Creating plan to instantiate org.apache.tapestry5.ioc.internal.services.SymbolSourceImpl via public org.apache.tapestry5.ioc.internal.services.SymbolSourceImpl(java.util.List) [14.18 ms]
18:46:53.085 [Test worker] DEBUG org.apache.tapestry5.ioc.Registry - [  8] --> Invoking constructor org.apache.tapestry5.ioc.internal.services.SymbolSourceImpl(List) (at SymbolSourceImpl.java:198) via org.apache.tapestry5.ioc.modules.TapestryIOCModule.bind(ServiceBinder) (at TapestryIOCModule.java:50) (for service 'SymbolSource')
18:46:53.085 [Test worker] DEBUG o.a.t.i.m.T.SymbolSource - Invoking constructor org.apache.tapestry5.ioc.internal.services.SymbolSourceImpl(List) (at SymbolSourceImpl.java:198) via org.apache.tapestry5.ioc.modules.TapestryIOCModule.bind(ServiceBinder) (at TapestryIOCModule.java:50) (for service 'SymbolSource')
18:46:53.085 [Test worker] DEBUG org.apache.tapestry5.ioc.Registry - [  8] <-- Invoking constructor org.apache.tapestry5.ioc.internal.services.SymbolSourceImpl(List) (at SymbolSourceImpl.java:198) via org.apache.tapestry5.ioc.modules.TapestryIOCModule.bind(ServiceBinder) (at TapestryIOCModule.java:50) (for service 'SymbolSource') [0.17 ms]
18:46:53.086 [Test worker] DEBUG org.apache.tapestry5.ioc.Registry - [  7] <-- Instantiating service SymbolSource implementation via org.apache.tapestry5.ioc.internal.services.SymbolSourceImpl(List) (at SymbolSourceImpl.java:198) via org.apache.tapestry5.ioc.modules.TapestryIOCModule.bind(ServiceBinder) (at TapestryIOCModule.java:50) [14.74 ms]
18:46:53.091 [Test worker] DEBUG org.apache.tapestry5.ioc.Registry - [  6] <-- Realizing service SymbolSource [19.89 ms]
18:46:53.093 [Test worker] DEBUG org.apache.tapestry5.ioc.Registry - [  6] --> Realizing service ApplicationDefaults
18:46:53.093 [Test worker] DEBUG org.apache.tapestry5.ioc.Registry - [  7] --> Instantiating service ApplicationDefaults implementation via org.apache.tapestry5.ioc.internal.services.MapSymbolProvider(Map) (at MapSymbolProvider.java:30) via org.apache.tapestry5.ioc.modules.TapestryIOCModule.bind(ServiceBinder) (at TapestryIOCModule.java:50)
18:46:53.094 [Test worker] DEBUG org.apache.tapestry5.ioc.Registry - [  8] --> Creating plan to instantiate org.apache.tapestry5.ioc.internal.services.MapSymbolProvider via public org.apache.tapestry5.ioc.internal.services.MapSymbolProvider(java.util.Map)
18:46:53.094 [Test worker] DEBUG org.apache.tapestry5.ioc.Registry - [  9] --> Determining injection value for parameter #1 (java.util.Map)
18:46:53.094 [Test worker] DEBUG org.apache.tapestry5.ioc.Registry - [ 10] --> Collecting mapped configuration for service ApplicationDefaults
18:46:53.095 [Test worker] DEBUG o.a.t.i.m.T.ApplicationDefaults - Invoking org.pac.bootstraplab.services.db.DBModule.provideApplicationDefaults(MappedConfiguration) (at DBModule.java:68)
18:46:53.095 [Test worker] DEBUG org.apache.tapestry5.ioc.Registry - [ 11] --> Invoking org.pac.bootstraplab.services.db.DBModule.provideApplicationDefaults(MappedConfiguration) (at DBModule.java:68)
18:46:53.095 [Test worker] DEBUG org.apache.tapestry5.ioc.Registry - [ 12] --> Determining injection value for parameter #1 (org.apache.tapestry5.ioc.MappedConfiguration)
18:46:53.095 [Test worker] DEBUG org.apache.tapestry5.ioc.Registry - [ 12] <-- Determining injection value for parameter #1 (org.apache.tapestry5.ioc.MappedConfiguration) [0.07 ms]
18:46:53.095 [Test worker] DEBUG org.apache.tapestry5.ioc.Registry - [ 11] <-- Invoking org.pac.bootstraplab.services.db.DBModule.provideApplicationDefaults(MappedConfiguration) (at DBModule.java:68) [0.40 ms]
18:46:53.095 [Test worker] DEBUG org.apache.tapestry5.ioc.Registry - [ 10] <-- Collecting mapped configuration for service ApplicationDefaults [1.37 ms]
18:46:53.095 [Test worker] DEBUG o.a.t.i.m.T.ApplicationDefaults - Constructed configuration: {org.pac.bootstraplab.mongo-dbname=bootstrap-tst, org.pac.bootstraplab.mongo-host=localhost, org.pac.bootstraplab.mongo-port=27017}
18:46:53.095 [Test worker] DEBUG org.apache.tapestry5.ioc.Registry - [  9] <-- Determining injection value for parameter #1 (java.util.Map) [1.62 ms]
18:46:53.096 [Test worker] DEBUG org.apache.tapestry5.ioc.Registry - [  8] <-- Creating plan to instantiate org.apache.tapestry5.ioc.internal.services.MapSymbolProvider via public org.apache.tapestry5.ioc.internal.services.MapSymbolProvider(java.util.Map) [2.01 ms]
18:46:53.096 [Test worker] DEBUG org.apache.tapestry5.ioc.Registry - [  8] --> Invoking constructor org.apache.tapestry5.ioc.internal.services.MapSymbolProvider(Map) (at MapSymbolProvider.java:30) via org.apache.tapestry5.ioc.modules.TapestryIOCModule.bind(ServiceBinder) (at TapestryIOCModule.java:50) (for service 'ApplicationDefaults')
18:46:53.096 [Test worker] DEBUG o.a.t.i.m.T.ApplicationDefaults - Invoking constructor org.apache.tapestry5.ioc.internal.services.MapSymbolProvider(Map) (at MapSymbolProvider.java:30) via org.apache.tapestry5.ioc.modules.TapestryIOCModule.bind(ServiceBinder) (at TapestryIOCModule.java:50) (for service 'ApplicationDefaults')
18:46:53.096 [Test worker] DEBUG org.apache.tapestry5.ioc.Registry - [  8] <-- Invoking constructor org.apache.tapestry5.ioc.internal.services.MapSymbolProvider(Map) (at MapSymbolProvider.java:30) via org.apache.tapestry5.ioc.modules.TapestryIOCModule.bind(ServiceBinder) (at TapestryIOCModule.java:50) (for service 'ApplicationDefaults') [0.14 ms]
18:46:53.096 [Test worker] DEBUG org.apache.tapestry5.ioc.Registry - [  7] <-- Instantiating service ApplicationDefaults implementation via org.apache.tapestry5.ioc.internal.services.MapSymbolProvider(Map) (at MapSymbolProvider.java:30) via org.apache.tapestry5.ioc.modules.TapestryIOCModule.bind(ServiceBinder) (at TapestryIOCModule.java:50) [2.53 ms]
18:46:53.096 [Test worker] DEBUG org.apache.tapestry5.ioc.Registry - [  6] <-- Realizing service ApplicationDefaults [2.90 ms]
18:46:53.097 [Test worker] DEBUG org.apache.tapestry5.ioc.Registry - [  6] --> Realizing service TypeCoercer
18:46:53.097 [Test worker] DEBUG org.apache.tapestry5.ioc.Registry - [  7] --> Instantiating service TypeCoercer implementation via org.apache.tapestry5.ioc.internal.services.TypeCoercerImpl(Collection) (at TypeCoercerImpl.java:125) via org.apache.tapestry5.ioc.modules.TapestryIOCModule.bind(ServiceBinder) (at TapestryIOCModule.java:50)
18:46:53.097 [Test worker] DEBUG org.apache.tapestry5.ioc.Registry - [  8] --> Creating plan to instantiate org.apache.tapestry5.ioc.internal.services.TypeCoercerImpl via public org.apache.tapestry5.ioc.internal.services.TypeCoercerImpl(java.util.Collection)
18:46:53.103 [Test worker] DEBUG org.apache.tapestry5.ioc.Registry - [  9] --> Determining injection value for parameter #1 (java.util.Collection)
18:46:53.104 [Test worker] DEBUG org.apache.tapestry5.ioc.Registry - [ 10] --> Collecting unordered configuration for service TypeCoercer
18:46:53.106 [Test worker] DEBUG o.a.t.i.m.T.TypeCoercer - Invoking org.apache.tapestry5.ioc.modules.TapestryIOCModule.provideBasicTypeCoercions(Configuration) (at TapestryIOCModule.java:189)
18:46:53.107 [Test worker] DEBUG org.apache.tapestry5.ioc.Registry - [ 11] --> Invoking org.apache.tapestry5.ioc.modules.TapestryIOCModule.provideBasicTypeCoercions(Configuration) (at TapestryIOCModule.java:189)
18:46:53.107 [Test worker] DEBUG org.apache.tapestry5.ioc.Registry - [ 12] --> Determining injection value for parameter #1 (org.apache.tapestry5.ioc.Configuration)
18:46:53.107 [Test worker] DEBUG org.apache.tapestry5.ioc.Registry - [ 12] <-- Determining injection value for parameter #1 (org.apache.tapestry5.ioc.Configuration) [0.07 ms]
18:46:53.121 [Test worker] DEBUG org.apache.tapestry5.ioc.Registry - [ 11] <-- Invoking org.apache.tapestry5.ioc.modules.TapestryIOCModule.provideBasicTypeCoercions(Configuration) (at TapestryIOCModule.java:189) [14.69 ms]
18:46:53.122 [Test worker] DEBUG org.apache.tapestry5.ioc.Registry - [ 10] <-- Collecting unordered configuration for service TypeCoercer [17.84 ms]
18:46:53.123 [Test worker] DEBUG o.a.t.i.m.T.TypeCoercer - Constructed configuration: [Object --> String, Object --> Boolean, String --> Double, String --> java.math.BigDecimal, java.math.BigDecimal --> Double, String --> java.math.BigInteger, String --> Long, Long --> Byte, Long --> Short, Long --> Integer, Number --> Long, Double --> Float, Long --> Double, String --> Boolean, Number --> Boolean, null --> Boolean, java.util.Collection --> Boolean, Object --> java.util.List, Object[] --> java.util.List, Object[] --> Boolean, Float --> Double, byte[] --> java.util.List, short[] --> java.util.List, int[] --> java.util.List, long[] --> java.util.List, float[] --> java.util.List, double[] --> java.util.List, char[] --> java.util.List, boolean[] --> java.util.List, String --> java.io.File, String --> org.apache.tapestry5.ioc.util.TimeInterval, org.apache.tapestry5.ioc.util.TimeInterval --> Long, Object --> Object[], java.util.Collection --> Object[], org.apache.tapestry5.func.Flow --> java.util.List, org.apache.tapestry5.func.Flow --> Boolean]
18:46:53.123 [Test worker] DEBUG org.apache.tapestry5.ioc.Registry - [  9] <-- Determining injection value for parameter #1 (java.util.Collection) [19.99 ms]
18:46:53.123 [Test worker] DEBUG org.apache.tapestry5.ioc.Registry - [  8] <-- Creating plan to instantiate org.apache.tapestry5.ioc.internal.services.TypeCoercerImpl via public org.apache.tapestry5.ioc.internal.services.TypeCoercerImpl(java.util.Collection) [25.84 ms]
18:46:53.123 [Test worker] DEBUG org.apache.tapestry5.ioc.Registry - [  8] --> Invoking constructor org.apache.tapestry5.ioc.internal.services.TypeCoercerImpl(Collection) (at TypeCoercerImpl.java:125) via org.apache.tapestry5.ioc.modules.TapestryIOCModule.bind(ServiceBinder) (at TapestryIOCModule.java:50) (for service 'TypeCoercer')
18:46:53.123 [Test worker] DEBUG o.a.t.i.m.T.TypeCoercer - Invoking constructor org.apache.tapestry5.ioc.internal.services.TypeCoercerImpl(Collection) (at TypeCoercerImpl.java:125) via org.apache.tapestry5.ioc.modules.TapestryIOCModule.bind(ServiceBinder) (at TapestryIOCModule.java:50) (for service 'TypeCoercer')
18:46:53.124 [Test worker] DEBUG org.apache.tapestry5.ioc.Registry - [  8] <-- Invoking constructor org.apache.tapestry5.ioc.internal.services.TypeCoercerImpl(Collection) (at TypeCoercerImpl.java:125) via org.apache.tapestry5.ioc.modules.TapestryIOCModule.bind(ServiceBinder) (at TapestryIOCModule.java:50) (for service 'TypeCoercer') [1.01 ms]
[...]
  private writeReplace()Ljava/lang/Object; throws java/io/ObjectStreamException 
    ALOAD 0
    GETFIELD $EntityFieldValueDecoder_a12c8735b54b.token : Lorg/apache/tapestry5/ioc/internal/ServiceProxyToken;
    ARETURN
    MAXSTACK = 0
    MAXLOCALS = 0

  // access flags 0x1
  public toString()Ljava/lang/String;
    LDC "<Proxy for EntityFieldValueDecoder(org.pac.bootstraplab.services.db.fetch.EntityFieldValueDecoder)>"
    ARETURN
    MAXSTACK = 0
    MAXLOCALS = 0

  // access flags 0x1
  public <init>(Lorg/apache/tapestry5/internal/plastic/StaticContext;Lorg/apache/tapestry5/plastic/InstanceContext;)V
    ALOAD 0
    INVOKESPECIAL java/lang/Object.<init> ()V
    ALOAD 0
    ALOAD 1
    ICONST_0
    INVOKEVIRTUAL org/apache/tapestry5/internal/plastic/StaticContext.get (I)Ljava/lang/Object;
    CHECKCAST org/apache/tapestry5/ioc/ObjectCreator
    PUTFIELD $EntityFieldValueDecoder_a12c8735b54b.creator : Lorg/apache/tapestry5/ioc/ObjectCreator;
    ALOAD 0
    ALOAD 1
    ICONST_1
    INVOKEVIRTUAL org/apache/tapestry5/internal/plastic/StaticContext.get (I)Ljava/lang/Object;
    CHECKCAST org/apache/tapestry5/ioc/internal/ServiceProxyToken
    PUTFIELD $EntityFieldValueDecoder_a12c8735b54b.token : Lorg/apache/tapestry5/ioc/internal/ServiceProxyToken;
    RETURN
    MAXSTACK = 0
    MAXLOCALS = 0
}

18:46:53.221 [Test worker] DEBUG org.apache.tapestry5.ioc.Registry - [  6] <-- Creating proxy for service EntityFieldValueDecoder [3.24 ms]
18:46:53.221 [Test worker] DEBUG org.apache.tapestry5.ioc.Registry - [  5] <-- Resolving object of type org.pac.bootstraplab.services.db.fetch.EntityFieldValueDecoder using MasterObjectProvider [3.69 ms]
18:46:53.222 [Test worker] DEBUG org.apache.tapestry5.ioc.Registry - [  4] <-- Calculating possible injection value for field org.pac.bootstraplab.services.db.fetch.EntityGeneratorImpl.fieldValueDecoder (org.pac.bootstraplab.services.db.fetch.EntityFieldValueDecoder) [4.04 ms]
18:46:53.222 [Test worker] DEBUG org.apache.tapestry5.ioc.Registry - [  3] <-- Creating plan to instantiate org.pac.bootstraplab.services.db.fetch.EntityGeneratorImpl via public org.pac.bootstraplab.services.db.fetch.EntityGeneratorImpl() [4.62 ms]
18:46:53.222 [Test worker] DEBUG org.apache.tapestry5.ioc.Registry - [  3] --> Invoking constructor org.pac.bootstraplab.services.db.fetch.EntityGeneratorImpl() (at EntityGeneratorImpl.java:26) via org.pac.bootstraplab.services.db.DBModule.bind(ServiceBinder) (at DBModule.java:40) (for service 'EntityGenerator')
18:46:53.222 [Test worker] DEBUG o.p.b.s.db.DBModule.EntityGenerator - Invoking constructor org.pac.bootstraplab.services.db.fetch.EntityGeneratorImpl() (at EntityGeneratorImpl.java:26) via org.pac.bootstraplab.services.db.DBModule.bind(ServiceBinder) (at DBModule.java:40) (for service 'EntityGenerator')
18:46:53.222 [Test worker] DEBUG org.apache.tapestry5.ioc.Registry - [  3] <-- Invoking constructor org.pac.bootstraplab.services.db.fetch.EntityGeneratorImpl() (at EntityGeneratorImpl.java:26) via org.pac.bootstraplab.services.db.DBModule.bind(ServiceBinder) (at DBModule.java:40) (for service 'EntityGenerator') [0.12 ms]
18:46:53.222 [Test worker] DEBUG org.apache.tapestry5.ioc.Registry - [  3] --> Injecting Logger[org.pac.bootstraplab.services.db.DBModule.EntityGenerator] into field logger of class org.pac.bootstraplab.services.db.fetch.EntityGeneratorImpl.
18:46:53.222 [Test worker] DEBUG org.apache.tapestry5.ioc.Registry - [  3] <-- Injecting Logger[org.pac.bootstraplab.services.db.DBModule.EntityGenerator] into field logger of class org.pac.bootstraplab.services.db.fetch.EntityGeneratorImpl. [0.08 ms]
18:46:53.222 [Test worker] DEBUG org.apache.tapestry5.ioc.Registry - [  3] --> Injecting <Proxy for EntityFieldValueDecoder(org.pac.bootstraplab.services.db.fetch.EntityFieldValueDecoder)> into field fieldValueDecoder of class org.pac.bootstraplab.services.db.fetch.EntityGeneratorImpl.
18:46:53.222 [Test worker] DEBUG org.apache.tapestry5.ioc.Registry - [  3] <-- Injecting <Proxy for EntityFieldValueDecoder(org.pac.bootstraplab.services.db.fetch.EntityFieldValueDecoder)> into field fieldValueDecoder of class org.pac.bootstraplab.services.db.fetch.EntityGeneratorImpl. [0.07 ms]
18:46:53.223 [Test worker] DEBUG org.apache.tapestry5.ioc.Registry - [  2] <-- Instantiating service EntityGenerator implementation via org.pac.bootstraplab.services.db.fetch.EntityGeneratorImpl() (at EntityGeneratorImpl.java:26) via org.pac.bootstraplab.services.db.DBModule.bind(ServiceBinder) (at DBModule.java:40) [5.51 ms]
18:46:53.223 [Test worker] DEBUG org.apache.tapestry5.ioc.Registry - [  1] <-- Realizing service EntityGenerator [5.85 ms]
18:46:53.223 [Test worker] DEBUG org.apache.tapestry5.ioc.Registry - [  1] --> Realizing service EntityFieldValueDecoder
18:46:53.223 [Test worker] DEBUG org.apache.tapestry5.ioc.Registry - [  2] --> Instantiating service EntityFieldValueDecoder implementation via org.pac.bootstraplab.services.db.DBModule.buildEntityFieldValueDecoder(ChainBuilder, List) (at DBModule.java:74)
18:46:53.223 [Test worker] DEBUG org.apache.tapestry5.ioc.Registry - [  3] --> Creating plan to invoke public org.pac.bootstraplab.services.db.fetch.EntityFieldValueDecoder org.pac.bootstraplab.services.db.DBModule.buildEntityFieldValueDecoder(org.apache.tapestry5.ioc.services.ChainBuilder,java.util.List)
18:46:53.223 [Test worker] DEBUG org.apache.tapestry5.ioc.Registry - [  4] --> Determining injection value for parameter #1 (org.apache.tapestry5.ioc.services.ChainBuilder)
18:46:53.223 [Test worker] DEBUG org.apache.tapestry5.ioc.Registry - [  5] --> Resolving object of type org.apache.tapestry5.ioc.services.ChainBuilder using MasterObjectProvider
18:46:53.224 [Test worker] DEBUG o.a.t.i.m.T.ChainBuilder - Creating proxy for service ChainBuilder
18:46:53.224 [Test worker] DEBUG org.apache.tapestry5.ioc.Registry - [  6] --> Creating proxy for service ChainBuilder
18:46:53.224 [Test worker] DEBUG org.apache.tapestry5.ioc.Registry - [  7] --> Obtaining AspectDecorator service
18:46:53.225 [Test worker] DEBUG org.apache.tapestry5.ioc.Registry - [  7] <-- Obtaining AspectDecorator service [0.15 ms]
18:46:53.226 [Test worker] DEBUG o.a.t.i.m.T.PlasticProxyFactory - Loading class $ChainBuilder_a12c8735b54c:
// class version 49.0 (49)
// access flags 0x1
public class $ChainBuilder_a12c8735b54c implements org/apache/tapestry5/ioc/services/ChainBuilder java/io/Serializable  {


  // access flags 0x12
  private final Lorg/apache/tapestry5/ioc/ObjectCreator; creator

  // access flags 0x12
  private final Lorg/apache/tapestry5/ioc/internal/ServiceProxyToken; token

  // access flags 0x1
  public build(Ljava/lang/Class;Ljava/util/List;)Ljava/lang/Object;
    ALOAD 0
    INVOKESPECIAL $ChainBuilder_a12c8735b54c.delegate ()Lorg/apache/tapestry5/ioc/services/ChainBuilder;
    ALOAD 1
    ALOAD 2
    INVOKEINTERFACE org/apache/tapestry5/ioc/services/ChainBuilder.build (Ljava/lang/Class;Ljava/util/List;)Ljava/lang/Object;
    ARETURN
    MAXSTACK = 0
    MAXLOCALS = 0

  // access flags 0x1010
  final reject_field_change_creator(Lorg/apache/tapestry5/ioc/ObjectCreator;)V
    NEW java/lang/IllegalStateException
    DUP
    LDC "Field creator of class $ChainBuilder_a12c8735b54c is read-only."
    INVOKESPECIAL java/lang/IllegalStateException.<init> (Ljava/lang/String;)V
    ATHROW
    MAXSTACK = 0
    MAXLOCALS = 0

  // access flags 0x1010
  final reject_field_change_token(Lorg/apache/tapestry5/ioc/internal/ServiceProxyToken;)V
    NEW java/lang/IllegalStateException
    DUP
    LDC "Field token of class $ChainBuilder_a12c8735b54c is read-only."
    INVOKESPECIAL java/lang/IllegalStateException.<init> (Ljava/lang/String;)V
    ATHROW
    MAXSTACK = 0
    MAXLOCALS = 0

  // access flags 0x2
  private delegate()Lorg/apache/tapestry5/ioc/services/ChainBuilder;
    ALOAD 0
    GETFIELD $ChainBuilder_a12c8735b54c.creator : Lorg/apache/tapestry5/ioc/ObjectCreator;
    INVOKEINTERFACE org/apache/tapestry5/ioc/ObjectCreator.createObject ()Ljava/lang/Object;
    CHECKCAST org/apache/tapestry5/ioc/services/ChainBuilder
    ARETURN
    MAXSTACK = 0
    MAXLOCALS = 0

  // access flags 0x2
  private writeReplace()Ljava/lang/Object; throws java/io/ObjectStreamException 
    ALOAD 0
    GETFIELD $ChainBuilder_a12c8735b54c.token : Lorg/apache/tapestry5/ioc/internal/ServiceProxyToken;
    ARETURN
    MAXSTACK = 0
    MAXLOCALS = 0

  // access flags 0x1
  public toString()Ljava/lang/String;
    LDC "<Proxy for ChainBuilder(org.apache.tapestry5.ioc.services.ChainBuilder)>"
    ARETURN
    MAXSTACK = 0
    MAXLOCALS = 0

  // access flags 0x1
  public <init>(Lorg/apache/tapestry5/internal/plastic/StaticContext;Lorg/apache/tapestry5/plastic/InstanceContext;)V
    ALOAD 0
    INVOKESPECIAL java/lang/Object.<init> ()V
    ALOAD 0
    ALOAD 1
    ICONST_0
    INVOKEVIRTUAL org/apache/tapestry5/internal/plastic/StaticContext.get (I)Ljava/lang/Object;
    CHECKCAST org/apache/tapestry5/ioc/ObjectCreator
    PUTFIELD $ChainBuilder_a12c8735b54c.creator : Lorg/apache/tapestry5/ioc/ObjectCreator;
    ALOAD 0
    ALOAD 1
    ICONST_1
    INVOKEVIRTUAL org/apache/tapestry5/internal/plastic/StaticContext.get (I)Ljava/lang/Object;
    CHECKCAST org/apache/tapestry5/ioc/internal/ServiceProxyToken
    PUTFIELD $ChainBuilder_a12c8735b54c.token : Lorg/apache/tapestry5/ioc/internal/ServiceProxyToken;
    RETURN
    MAXSTACK = 0
    MAXLOCALS = 0
}

18:46:53.227 [Test worker] DEBUG org.apache.tapestry5.ioc.Registry - [  6] <-- Creating proxy for service ChainBuilder [3.26 ms]
18:46:53.227 [Test worker] DEBUG org.apache.tapestry5.ioc.Registry - [  5] <-- Resolving object of type org.apache.tapestry5.ioc.services.ChainBuilder using MasterObjectProvider [3.76 ms]
18:46:53.227 [Test worker] DEBUG org.apache.tapestry5.ioc.Registry - [  4] <-- Determining injection value for parameter #1 (org.apache.tapestry5.ioc.services.ChainBuilder) [4.01 ms]
18:46:53.227 [Test worker] DEBUG org.apache.tapestry5.ioc.Registry - [  4] --> Determining injection value for parameter #2 (java.util.List)
18:46:53.227 [Test worker] DEBUG org.apache.tapestry5.ioc.Registry - [  5] --> Collecting ordered configuration for service EntityFieldValueDecoder
18:46:53.228 [Test worker] DEBUG o.p.b.s.d.D.EntityFieldValueDecoder - Invoking org.pac.bootstraplab.services.db.DBModule.contributeFieldValueDecoderStrategies(OrderedConfiguration, EntityFieldValueDecoder) (at DBModule.java:79)
18:46:53.228 [Test worker] DEBUG org.apache.tapestry5.ioc.Registry - [  6] --> Invoking org.pac.bootstraplab.services.db.DBModule.contributeFieldValueDecoderStrategies(OrderedConfiguration, EntityFieldValueDecoder) (at DBModule.java:79)
18:46:53.228 [Test worker] DEBUG org.apache.tapestry5.ioc.Registry - [  7] --> Determining injection value for parameter #1 (org.apache.tapestry5.ioc.OrderedConfiguration)
18:46:53.228 [Test worker] DEBUG org.apache.tapestry5.ioc.Registry - [  7] <-- Determining injection value for parameter #1 (org.apache.tapestry5.ioc.OrderedConfiguration) [0.06 ms]
18:46:53.228 [Test worker] DEBUG org.apache.tapestry5.ioc.Registry - [  7] --> Determining injection value for parameter #2 (org.pac.bootstraplab.services.db.fetch.EntityFieldValueDecoder)
18:46:53.229 [Test worker] DEBUG org.apache.tapestry5.ioc.Registry - [  8] --> Resolving object of type org.pac.bootstraplab.services.db.fetch.EntityFieldValueDecoder using MasterObjectProvider
18:46:53.229 [Test worker] DEBUG org.apache.tapestry5.ioc.Registry - [  8] <-- Resolving object of type org.pac.bootstraplab.services.db.fetch.EntityFieldValueDecoder using MasterObjectProvider [0.22 ms]
18:46:53.229 [Test worker] DEBUG org.apache.tapestry5.ioc.Registry - [  7] <-- Determining injection value for parameter #2 (org.pac.bootstraplab.services.db.fetch.EntityFieldValueDecoder) [0.45 ms]
18:46:53.229 [Test worker] DEBUG org.apache.tapestry5.ioc.Registry - [  6] <-- Invoking org.pac.bootstraplab.services.db.DBModule.contributeFieldValueDecoderStrategies(OrderedConfiguration, EntityFieldValueDecoder) (at DBModule.java:79) [1.26 ms]
18:46:53.230 [Test worker] DEBUG org.apache.tapestry5.ioc.Registry - [  5] <-- Collecting ordered configuration for service EntityFieldValueDecoder [2.51 ms]
18:46:53.230 [Test worker] DEBUG o.p.b.s.d.D.EntityFieldValueDecoder - Constructed configuration: [org.pac.bootstraplab.services.db.decoders.URIFieldValueDecoder@9231b9, org.pac.bootstraplab.services.db.decoders.CollectionFieldValueDecoder@1fe7028, org.pac.bootstraplab.services.db.decoders.EnumFieldValueDecoder@1756280, org.pac.bootstraplab.services.db.decoders.UIDFieldValueDecoder@195ffcc, org.pac.bootstraplab.services.db.fetch.DefaultFieldValueDecoder@ccaefe]
18:46:53.230 [Test worker] DEBUG org.apache.tapestry5.ioc.Registry - [  4] <-- Determining injection value for parameter #2 (java.util.List) [2.77 ms]
18:46:53.230 [Test worker] DEBUG org.apache.tapestry5.ioc.Registry - [  3] <-- Creating plan to invoke public org.pac.bootstraplab.services.db.fetch.EntityFieldValueDecoder org.pac.bootstraplab.services.db.DBModule.buildEntityFieldValueDecoder(org.apache.tapestry5.ioc.services.ChainBuilder,java.util.List) [7.14 ms]
18:46:53.230 [Test worker] DEBUG org.apache.tapestry5.ioc.Registry - [  3] --> Constructing service implementation via org.pac.bootstraplab.services.db.DBModule.buildEntityFieldValueDecoder(ChainBuilder, List) (at DBModule.java:74)
18:46:53.230 [Test worker] DEBUG o.p.b.s.d.D.EntityFieldValueDecoder - Constructing service implementation via org.pac.bootstraplab.services.db.DBModule.buildEntityFieldValueDecoder(ChainBuilder, List) (at DBModule.java:74)
18:46:53.230 [Test worker] DEBUG org.apache.tapestry5.ioc.Registry - [  4] --> Realizing service ChainBuilder
18:46:53.230 [Test worker] DEBUG org.apache.tapestry5.ioc.Registry - [  5] --> Instantiating service ChainBuilder implementation via org.apache.tapestry5.ioc.internal.services.ChainBuilderImpl(PlasticProxyFactory) (at ChainBuilderImpl.java:39) via org.apache.tapestry5.ioc.modules.TapestryIOCModule.bind(ServiceBinder) (at TapestryIOCModule.java:50)
18:46:53.231 [Test worker] DEBUG org.apache.tapestry5.ioc.Registry - [  6] --> Creating plan to instantiate org.apache.tapestry5.ioc.internal.services.ChainBuilderImpl via public org.apache.tapestry5.ioc.internal.services.ChainBuilderImpl(org.apache.tapestry5.ioc.services.PlasticProxyFactory)
18:46:53.231 [Test worker] DEBUG org.apache.tapestry5.ioc.Registry - [  7] --> Determining injection value for parameter #1 (org.apache.tapestry5.ioc.services.PlasticProxyFactory)
18:46:53.231 [Test worker] DEBUG org.apache.tapestry5.ioc.Registry - [  7] <-- Determining injection value for parameter #1 (org.apache.tapestry5.ioc.services.PlasticProxyFactory) [0.12 ms]
18:46:53.231 [Test worker] DEBUG org.apache.tapestry5.ioc.Registry - [  6] <-- Creating plan to instantiate org.apache.tapestry5.ioc.internal.services.ChainBuilderImpl via public org.apache.tapestry5.ioc.internal.services.ChainBuilderImpl(org.apache.tapestry5.ioc.services.PlasticProxyFactory) [0.44 ms]
18:46:53.231 [Test worker] DEBUG org.apache.tapestry5.ioc.Registry - [  6] --> Invoking constructor org.apache.tapestry5.ioc.internal.services.ChainBuilderImpl(PlasticProxyFactory) (at ChainBuilderImpl.java:39) via org.apache.tapestry5.ioc.modules.TapestryIOCModule.bind(ServiceBinder) (at TapestryIOCModule.java:50) (for service 'ChainBuilder')
18:46:53.231 [Test worker] DEBUG o.a.t.i.m.T.ChainBuilder - Invoking constructor org.apache.tapestry5.ioc.internal.services.ChainBuilderImpl(PlasticProxyFactory) (at ChainBuilderImpl.java:39) via org.apache.tapestry5.ioc.modules.TapestryIOCModule.bind(ServiceBinder) (at TapestryIOCModule.java:50) (for service 'ChainBuilder')
18:46:53.231 [Test worker] DEBUG org.apache.tapestry5.ioc.Registry - [  6] <-- Invoking constructor org.apache.tapestry5.ioc.internal.services.ChainBuilderImpl(PlasticProxyFactory) (at ChainBuilderImpl.java:39) via org.apache.tapestry5.ioc.modules.TapestryIOCModule.bind(ServiceBinder) (at TapestryIOCModule.java:50) (for service 'ChainBuilder') [0.12 ms]
18:46:53.231 [Test worker] DEBUG org.apache.tapestry5.ioc.Registry - [  5] <-- Instantiating service ChainBuilder implementation via org.apache.tapestry5.ioc.internal.services.ChainBuilderImpl(PlasticProxyFactory) (at ChainBuilderImpl.java:39) via org.apache.tapestry5.ioc.modules.TapestryIOCModule.bind(ServiceBinder) (at TapestryIOCModule.java:50) [0.85 ms]
18:46:53.232 [Test worker] DEBUG org.apache.tapestry5.ioc.Registry - [  4] <-- Realizing service ChainBuilder [1.09 ms]
18:46:53.232 [Test worker] DEBUG o.a.t.i.m.T.PlasticProxyFactory - Loading class $EntityFieldValueDecoder_a12c8735b54d:
// class version 49.0 (49)
// access flags 0x1
public class $EntityFieldValueDecoder_a12c8735b54d implements org/pac/bootstraplab/services/db/fetch/EntityFieldValueDecoder  {


  // access flags 0x12
  private final [Lorg/pac/bootstraplab/services/db/fetch/EntityFieldValueDecoder; commands

  // access flags 0x1
  public decode(Ljava/lang/Class;Ljava/lang/Object;)Ljava/lang/Object;
    ALOAD 0
    GETFIELD $EntityFieldValueDecoder_a12c8735b54d.commands : [Lorg/pac/bootstraplab/services/db/fetch/EntityFieldValueDecoder;
   L0
    ICONST_0
    ISTORE 3
   L1
    DUP
    ARRAYLENGTH
    ILOAD 3
    SWAP
    IF_ICMPGE L2
    DUP
    ILOAD 3
    AALOAD
    ALOAD 1
    ALOAD 2
    INVOKEINTERFACE org/pac/bootstraplab/services/db/fetch/EntityFieldValueDecoder.decode (Ljava/lang/Class;Ljava/lang/Object;)Ljava/lang/Object;
    DUP
    IFNULL L3
    ARETURN
    GOTO L4
   L3
    POP
   L4
    IINC 3 1
    GOTO L1
   L2
   L5
    ACONST_NULL
    ARETURN
    LOCALVARIABLE var0 I L0 L5 3
    MAXSTACK = 0
    MAXLOCALS = 0

  // access flags 0x1010
  final reject_field_change_commands([Lorg/pac/bootstraplab/services/db/fetch/EntityFieldValueDecoder;)V
    NEW java/lang/IllegalStateException
    DUP
    LDC "Field commands of class $EntityFieldValueDecoder_a12c8735b54d is read-only."
    INVOKESPECIAL java/lang/IllegalStateException.<init> (Ljava/lang/String;)V
    ATHROW
    MAXSTACK = 0
    MAXLOCALS = 0

  // access flags 0x1
  public toString()Ljava/lang/String;
    LDC "<Command chain of org.pac.bootstraplab.services.db.fetch.EntityFieldValueDecoder>"
    ARETURN
    MAXSTACK = 0
    MAXLOCALS = 0

  // access flags 0x1
  public <init>(Lorg/apache/tapestry5/internal/plastic/StaticContext;Lorg/apache/tapestry5/plastic/InstanceContext;)V
    ALOAD 0
    INVOKESPECIAL java/lang/Object.<init> ()V
    ALOAD 0
    ALOAD 1
    ICONST_0
    INVOKEVIRTUAL org/apache/tapestry5/internal/plastic/StaticContext.get (I)Ljava/lang/Object;
    CHECKCAST [Lorg/pac/bootstraplab/services/db/fetch/EntityFieldValueDecoder;
    PUTFIELD $EntityFieldValueDecoder_a12c8735b54d.commands : [Lorg/pac/bootstraplab/services/db/fetch/EntityFieldValueDecoder;
    RETURN
    MAXSTACK = 0
    MAXLOCALS = 0
}

18:46:53.233 [Test worker] DEBUG org.apache.tapestry5.ioc.Registry - [  3] <-- Constructing service implementation via org.pac.bootstraplab.services.db.DBModule.buildEntityFieldValueDecoder(ChainBuilder, List) (at DBModule.java:74) [2.92 ms]
18:46:53.233 [Test worker] DEBUG org.apache.tapestry5.ioc.Registry - [  2] <-- Instantiating service EntityFieldValueDecoder implementation via org.pac.bootstraplab.services.db.DBModule.buildEntityFieldValueDecoder(ChainBuilder, List) (at DBModule.java:74) [10.39 ms]
18:46:53.234 [Test worker] DEBUG org.apache.tapestry5.ioc.Registry - [  1] <-- Realizing service EntityFieldValueDecoder [10.66 ms]
18:46:53.235 [Test worker] INFO  o.p.b.s.db.DBModule.EntityFetcher - Query time: 20 ms
[IntTestEntity [_id=52a8a50d44aef267773f5fe0, uid=INTTESTENTITY-2, number=2], IntTestEntity [_id=52a8a50d44aef267773f5fe1, uid=INTTESTENTITY-3, number=3], IntTestEntity [_id=52a8a50d44aef267773f5fe2, uid=INTTESTENTITY-4, number=4], IntTestEntity [_id=52a8a50d44aef267773f5fe3, uid=INTTESTENTITY-5, number=5]]
]]></system-out>
  <system-err><![CDATA[]]></system-err>
</testsuite>
